[ 2019-06-14T10:13:50+08:00 ] 127.0.0.1 /tp/tplearn/index.php/Admin/Admin/index
INFO: [ app_init ] --START--
INFO: Run Behavior\BuildLiteBehavior [ RunTime:0.000000s ]
INFO: [ app_init ] --END-- [ RunTime:0.000000s ]
INFO: [ app_begin ] --START--
INFO: Run Behavior\ReadHtmlCacheBehavior [ RunTime:0.001000s ]
INFO: [ app_begin ] --END-- [ RunTime:0.001000s ]
INFO: [ view_parse ] --START--
INFO: [ template_filter ] --START--
INFO: Run Behavior\ContentReplaceBehavior [ RunTime:0.000000s ]
INFO: [ template_filter ] --END-- [ RunTime:0.000000s ]
INFO: Run Behavior\ParseTemplateBehavior [ RunTime:0.029002s ]
INFO: [ view_parse ] --END-- [ RunTime:0.029002s ]
INFO: [ view_filter ] --START--
INFO: Run Behavior\WriteHtmlCacheBehavior [ RunTime:0.000000s ]
INFO: [ view_filter ] --END-- [ RunTime:0.000000s ]

[ 2019-06-14T10:13:53+08:00 ] 127.0.0.1 /tp/tplearn/index.php/Admin/Login/login.html
INFO: [ app_init ] --START--
INFO: Run Behavior\BuildLiteBehavior [ RunTime:0.000000s ]
INFO: [ app_init ] --END-- [ RunTime:0.001000s ]
INFO: [ app_begin ] --START--
INFO: Run Behavior\ReadHtmlCacheBehavior [ RunTime:0.000000s ]
INFO: [ app_begin ] --END-- [ RunTime:0.000000s ]
INFO: [ view_parse ] --START--
INFO: [ template_filter ] --START--
INFO: Run Behavior\ContentReplaceBehavior [ RunTime:0.000000s ]
INFO: [ template_filter ] --END-- [ RunTime:0.000000s ]
INFO: Run Behavior\ParseTemplateBehavior [ RunTime:0.023001s ]
INFO: [ view_parse ] --END-- [ RunTime:0.023001s ]
INFO: [ view_filter ] --START--
INFO: Run Behavior\WriteHtmlCacheBehavior [ RunTime:0.000000s ]
INFO: [ view_filter ] --END-- [ RunTime:0.000000s ]
INFO: [ app_end ] --START--
INFO: Run Behavior\ShowPageTraceBehavior [ RunTime:0.000000s ]
INFO: [ app_end ] --END-- [ RunTime:0.000000s ]

[ 2019-06-14T10:13:53+08:00 ] 127.0.0.1 /tp/tplearn/index.php/Admin/Login/verifyImg.html
INFO: [ app_init ] --START--
INFO: Run Behavior\BuildLiteBehavior [ RunTime:0.000000s ]
INFO: [ app_init ] --END-- [ RunTime:0.000000s ]
INFO: [ app_begin ] --START--
INFO: Run Behavior\ReadHtmlCacheBehavior [ RunTime:0.001000s ]
INFO: [ app_begin ] --END-- [ RunTime:0.002000s ]
INFO: [ app_end ] --START--
INFO: Run Behavior\ShowPageTraceBehavior [ RunTime:0.000000s ]
INFO: [ app_end ] --END-- [ RunTime:0.000000s ]

[ 2019-06-14T13:40:28+08:00 ] 127.0.0.1 /tp/tplearn/index.php/Admin/Login/LoginAdmin.html
INFO: [ app_init ] --START--
INFO: Run Behavior\BuildLiteBehavior [ RunTime:0.000000s ]
INFO: [ app_init ] --END-- [ RunTime:0.000000s ]
INFO: [ app_begin ] --START--
INFO: Run Behavior\ReadHtmlCacheBehavior [ RunTime:0.001000s ]
INFO: [ app_begin ] --END-- [ RunTime:0.001000s ]
INFO: [ view_parse ] --START--
INFO: [ template_filter ] --START--
INFO: Run Behavior\ContentReplaceBehavior [ RunTime:0.000000s ]
INFO: [ template_filter ] --END-- [ RunTime:0.000000s ]
INFO: Run Behavior\ParseTemplateBehavior [ RunTime:0.010000s ]
INFO: [ view_parse ] --END-- [ RunTime:0.010000s ]
INFO: [ view_filter ] --START--
INFO: Run Behavior\WriteHtmlCacheBehavior [ RunTime:0.000000s ]
INFO: [ view_filter ] --END-- [ RunTime:0.000000s ]

[ 2019-06-14T13:40:38+08:00 ] 127.0.0.1 /tp/tplearn/index.php/Admin/Login/verifyImg
INFO: [ app_init ] --START--
INFO: Run Behavior\BuildLiteBehavior [ RunTime:0.000000s ]
INFO: [ app_init ] --END-- [ RunTime:0.000000s ]
INFO: [ app_begin ] --START--
INFO: Run Behavior\ReadHtmlCacheBehavior [ RunTime:0.001000s ]
INFO: [ app_begin ] --END-- [ RunTime:0.001000s ]
INFO: [ app_end ] --START--
INFO: Run Behavior\ShowPageTraceBehavior [ RunTime:0.001000s ]
INFO: [ app_end ] --END-- [ RunTime:0.001000s ]

[ 2019-06-14T13:40:47+08:00 ] 127.0.0.1 /tp/tplearn/index.php/Admin/Login/LoginAdmin.html
INFO: [ app_init ] --START--
INFO: Run Behavior\BuildLiteBehavior [ RunTime:0.001000s ]
INFO: [ app_init ] --END-- [ RunTime:0.001000s ]
INFO: [ app_begin ] --START--
INFO: Run Behavior\ReadHtmlCacheBehavior [ RunTime:0.000000s ]
INFO: [ app_begin ] --END-- [ RunTime:0.000000s ]
NOTIC: [8] Use of undefined constant mysql_escape_string - assumed 'mysql_escape_string' F:\work\php\tp\tplearn\Application\Admin\Controller\LoginController.class.php 第 20 行.
NOTIC: [8192] mysql_escape_string(): This function is deprecated; use mysql_real_escape_string() instead. F:\work\php\tp\tplearn\ThinkPHP\Common\functions.php 第 370 行.
SQL: SHOW COLUMNS FROM `demo_admin` [ RunTime:0.0450s ]
SQL: SELECT * FROM `demo_admin` WHERE `admin_name` = 'zheng' AND `admin_pass` = 'e10adc3949ba59abbe56e057f20f883e' LIMIT 1   [ RunTime:0.0000s ]

[ 2019-06-14T13:40:47+08:00 ] 127.0.0.1 /tp/tplearn/index.php/Admin/Admin/index.html
INFO: [ app_init ] --START--
INFO: Run Behavior\BuildLiteBehavior [ RunTime:0.000000s ]
INFO: [ app_init ] --END-- [ RunTime:0.000000s ]
INFO: [ app_begin ] --START--
INFO: Run Behavior\ReadHtmlCacheBehavior [ RunTime:0.001000s ]
INFO: [ app_begin ] --END-- [ RunTime:0.001000s ]
INFO: [ view_parse ] --START--
INFO: [ template_filter ] --START--
INFO: Run Behavior\ContentReplaceBehavior [ RunTime:0.000000s ]
INFO: [ template_filter ] --END-- [ RunTime:0.000000s ]
NOTIC: [8] Undefined variable: info1 F:\work\php\tp\tplearn\Application\Runtime\Cache\Admin\b682812e058c4f7cab74d08ab9eabe11.php 第 34 行.
INFO: Run Behavior\ParseTemplateBehavior [ RunTime:0.015001s ]
INFO: [ view_parse ] --END-- [ RunTime:0.016001s ]
INFO: [ view_filter ] --START--
INFO: Run Behavior\WriteHtmlCacheBehavior [ RunTime:0.001000s ]
INFO: [ view_filter ] --END-- [ RunTime:0.001000s ]
INFO: [ app_end ] --START--
INFO: Run Behavior\ShowPageTraceBehavior [ RunTime:0.000000s ]
INFO: [ app_end ] --END-- [ RunTime:0.001000s ]

[ 2019-06-14T13:40:56+08:00 ] 127.0.0.1 /tp/tplearn/index.php/Admin/Goods/index.html
INFO: [ app_init ] --START--
INFO: Run Behavior\BuildLiteBehavior [ RunTime:0.000000s ]
INFO: [ app_init ] --END-- [ RunTime:0.001000s ]
INFO: [ app_begin ] --START--
INFO: Run Behavior\ReadHtmlCacheBehavior [ RunTime:0.000000s ]
INFO: [ app_begin ] --END-- [ RunTime:0.000000s ]
SQL: SHOW COLUMNS FROM `demo_admin` [ RunTime:0.0110s ]
SQL: SELECT * FROM `demo_admin` WHERE `admin_id` = 43 LIMIT 1   [ RunTime:0.0000s ]
SQL: SHOW COLUMNS FROM `demo_role` [ RunTime:0.0480s ]
SQL: SELECT * FROM `demo_role` WHERE `role_id` = 2 LIMIT 1   [ RunTime:0.0010s ]
INFO: [ view_parse ] --START--
INFO: [ template_filter ] --START--
INFO: Run Behavior\ContentReplaceBehavior [ RunTime:0.000000s ]
INFO: [ template_filter ] --END-- [ RunTime:0.000000s ]
INFO: Run Behavior\ParseTemplateBehavior [ RunTime:0.009001s ]
INFO: [ view_parse ] --END-- [ RunTime:0.009001s ]
INFO: [ view_filter ] --START--
INFO: Run Behavior\WriteHtmlCacheBehavior [ RunTime:0.001000s ]
INFO: [ view_filter ] --END-- [ RunTime:0.001000s ]

[ 2019-06-14T16:57:39+08:00 ] 127.0.0.1 /tp/tplearn/index.php/Admin/Admin/index
INFO: [ app_init ] --START--
INFO: Run Behavior\BuildLiteBehavior [ RunTime:0.000000s ]
INFO: [ app_init ] --END-- [ RunTime:0.001000s ]
INFO: [ app_begin ] --START--
INFO: Run Behavior\ReadHtmlCacheBehavior [ RunTime:0.001000s ]
INFO: [ app_begin ] --END-- [ RunTime:0.001000s ]
INFO: [ view_parse ] --START--
INFO: [ template_filter ] --START--
INFO: Run Behavior\ContentReplaceBehavior [ RunTime:0.000000s ]
INFO: [ template_filter ] --END-- [ RunTime:0.000000s ]
NOTIC: [8] Undefined variable: info1 F:\work\php\tp\tplearn\Application\Runtime\Cache\Admin\b682812e058c4f7cab74d08ab9eabe11.php 第 34 行.
INFO: Run Behavior\ParseTemplateBehavior [ RunTime:0.382022s ]
INFO: [ view_parse ] --END-- [ RunTime:0.382022s ]
INFO: [ view_filter ] --START--
INFO: Run Behavior\WriteHtmlCacheBehavior [ RunTime:0.001000s ]
INFO: [ view_filter ] --END-- [ RunTime:0.001000s ]
INFO: [ app_end ] --START--
INFO: Run Behavior\ShowPageTraceBehavior [ RunTime:0.000000s ]
INFO: [ app_end ] --END-- [ RunTime:0.001000s ]

[ 2019-06-14T16:57:46+08:00 ] 127.0.0.1 /tp/tplearn/index.php/Admin/Authority/index.html
INFO: [ app_init ] --START--
INFO: Run Behavior\BuildLiteBehavior [ RunTime:0.000000s ]
INFO: [ app_init ] --END-- [ RunTime:0.000000s ]
INFO: [ app_begin ] --START--
INFO: Run Behavior\ReadHtmlCacheBehavior [ RunTime:0.000000s ]
INFO: [ app_begin ] --END-- [ RunTime:0.000000s ]
SQL: SHOW COLUMNS FROM `demo_admin` [ RunTime:0.1150s ]
SQL: SELECT * FROM `demo_admin` WHERE `admin_id` = 43 LIMIT 1   [ RunTime:0.0240s ]
SQL: SHOW COLUMNS FROM `demo_role` [ RunTime:0.0230s ]
SQL: SELECT * FROM `demo_role` WHERE `role_id` = 2 LIMIT 1   [ RunTime:0.0000s ]
NOTIC: [8] Use of undefined constant 方法二 - assumed '方法二' F:\work\php\tp\tplearn\Application\Admin\Controller\CommonController.class.php 第 26 行.
SQL: SHOW COLUMNS FROM `demo_auth` [ RunTime:0.0320s ]
SQL: SELECT * FROM `demo_auth`  [ RunTime:0.0060s ]
INFO: [ view_parse ] --START--
INFO: [ template_filter ] --START--
INFO: Run Behavior\ContentReplaceBehavior [ RunTime:0.000000s ]
INFO: [ template_filter ] --END-- [ RunTime:0.000000s ]
NOTIC: [8] Undefined variable: info1 F:\work\php\tp\tplearn\Application\Runtime\Cache\Admin\957603907a9e65f61a4ee67db461fa64.php 第 34 行.
NOTIC: [8] Undefined index: goods_id F:\work\php\tp\tplearn\Application\Runtime\Cache\Admin\957603907a9e65f61a4ee67db461fa64.php 第 178 行.
NOTIC: [8] Undefined index: goods_id F:\work\php\tp\tplearn\Application\Runtime\Cache\Admin\957603907a9e65f61a4ee67db461fa64.php 第 178 行.
NOTIC: [8] Undefined index: goods_id F:\work\php\tp\tplearn\Application\Runtime\Cache\Admin\957603907a9e65f61a4ee67db461fa64.php 第 178 行.
NOTIC: [8] Undefined index: goods_id F:\work\php\tp\tplearn\Application\Runtime\Cache\Admin\957603907a9e65f61a4ee67db461fa64.php 第 178 行.
NOTIC: [8] Undefined index: goods_id F:\work\php\tp\tplearn\Application\Runtime\Cache\Admin\957603907a9e65f61a4ee67db461fa64.php 第 178 行.
NOTIC: [8] Undefined index: goods_id F:\work\php\tp\tplearn\Application\Runtime\Cache\Admin\957603907a9e65f61a4ee67db461fa64.php 第 178 行.
NOTIC: [8] Undefined index: goods_id F:\work\php\tp\tplearn\Application\Runtime\Cache\Admin\957603907a9e65f61a4ee67db461fa64.php 第 178 行.
NOTIC: [8] Undefined index: goods_id F:\work\php\tp\tplearn\Application\Runtime\Cache\Admin\957603907a9e65f61a4ee67db461fa64.php 第 178 行.
NOTIC: [8] Undefined index: goods_id F:\work\php\tp\tplearn\Application\Runtime\Cache\Admin\957603907a9e65f61a4ee67db461fa64.php 第 178 行.
NOTIC: [8] Undefined index: goods_id F:\work\php\tp\tplearn\Application\Runtime\Cache\Admin\957603907a9e65f61a4ee67db461fa64.php 第 178 行.
NOTIC: [8] Undefined index: goods_id F:\work\php\tp\tplearn\Application\Runtime\Cache\Admin\957603907a9e65f61a4ee67db461fa64.php 第 178 行.
NOTIC: [8] Undefined index: goods_id F:\work\php\tp\tplearn\Application\Runtime\Cache\Admin\957603907a9e65f61a4ee67db461fa64.php 第 178 行.
NOTIC: [8] Undefined index: goods_id F:\work\php\tp\tplearn\Application\Runtime\Cache\Admin\957603907a9e65f61a4ee67db461fa64.php 第 178 行.
NOTIC: [8] Undefined index: goods_id F:\work\php\tp\tplearn\Application\Runtime\Cache\Admin\957603907a9e65f61a4ee67db461fa64.php 第 178 行.
NOTIC: [8] Undefined index: goods_id F:\work\php\tp\tplearn\Application\Runtime\Cache\Admin\957603907a9e65f61a4ee67db461fa64.php 第 178 行.
NOTIC: [8] Undefined variable: page F:\work\php\tp\tplearn\Application\Runtime\Cache\Admin\957603907a9e65f61a4ee67db461fa64.php 第 190 行.
INFO: Run Behavior\ParseTemplateBehavior [ RunTime:0.030001s ]
INFO: [ view_parse ] --END-- [ RunTime:0.030001s ]
INFO: [ view_filter ] --START--
INFO: Run Behavior\WriteHtmlCacheBehavior [ RunTime:0.000000s ]
INFO: [ view_filter ] --END-- [ RunTime:0.001000s ]
INFO: [ app_end ] --START--
INFO: Run Behavior\ShowPageTraceBehavior [ RunTime:0.001000s ]
INFO: [ app_end ] --END-- [ RunTime:0.001000s ]

[ 2019-06-14T16:57:50+08:00 ] 127.0.0.1 /tp/tplearn/index.php/Admin/Role/index.html
INFO: [ app_init ] --START--
INFO: Run Behavior\BuildLiteBehavior [ RunTime:0.000000s ]
INFO: [ app_init ] --END-- [ RunTime:0.000000s ]
INFO: [ app_begin ] --START--
INFO: Run Behavior\ReadHtmlCacheBehavior [ RunTime:0.001000s ]
INFO: [ app_begin ] --END-- [ RunTime:0.001000s ]
SQL: SHOW COLUMNS FROM `demo_admin` [ RunTime:0.0040s ]
SQL: SELECT * FROM `demo_admin` WHERE `admin_id` = 43 LIMIT 1   [ RunTime:0.0000s ]
SQL: SHOW COLUMNS FROM `demo_role` [ RunTime:0.0040s ]
SQL: SELECT * FROM `demo_role` WHERE `role_id` = 2 LIMIT 1   [ RunTime:0.0000s ]
INFO: [ view_parse ] --START--
INFO: [ template_filter ] --START--
INFO: Run Behavior\ContentReplaceBehavior [ RunTime:0.000000s ]
INFO: [ template_filter ] --END-- [ RunTime:0.000000s ]
INFO: Run Behavior\ParseTemplateBehavior [ RunTime:0.025001s ]
INFO: [ view_parse ] --END-- [ RunTime:0.025001s ]
INFO: [ view_filter ] --START--
INFO: Run Behavior\WriteHtmlCacheBehavior [ RunTime:0.000000s ]
INFO: [ view_filter ] --END-- [ RunTime:0.000000s ]

[ 2019-06-14T17:00:52+08:00 ] 127.0.0.1 /tp/tplearn/index.php/Admin/Authority/index.html
INFO: [ app_init ] --START--
INFO: Run Behavior\BuildLiteBehavior [ RunTime:0.000000s ]
INFO: [ app_init ] --END-- [ RunTime:0.001000s ]
INFO: [ app_begin ] --START--
INFO: Run Behavior\ReadHtmlCacheBehavior [ RunTime:0.001001s ]
INFO: [ app_begin ] --END-- [ RunTime:0.001001s ]
SQL: SHOW COLUMNS FROM `demo_admin` [ RunTime:0.0060s ]
SQL: SELECT * FROM `demo_admin` WHERE `admin_id` = 43 LIMIT 1   [ RunTime:0.0000s ]
SQL: SHOW COLUMNS FROM `demo_role` [ RunTime:0.0060s ]
SQL: SELECT * FROM `demo_role` WHERE `role_id` = 2 LIMIT 1   [ RunTime:0.0000s ]
NOTIC: [8] Use of undefined constant 方法二 - assumed '方法二' F:\work\php\tp\tplearn\Application\Admin\Controller\CommonController.class.php 第 26 行.
SQL: SHOW COLUMNS FROM `demo_auth` [ RunTime:0.0060s ]
SQL: SELECT * FROM `demo_auth`  [ RunTime:0.0000s ]
INFO: [ view_parse ] --START--
NOTIC: [2] file_get_contents(./Application/Admin/View/Authority/top.html): failed to open stream: No such file or directory F:\work\php\tp\tplearn\ThinkPHP\Library\Think\Template.class.php 第 696 行.
INFO: [ template_filter ] --START--
INFO: Run Behavior\ContentReplaceBehavior [ RunTime:0.000000s ]
INFO: [ template_filter ] --END-- [ RunTime:0.000000s ]
NOTIC: [8] Undefined index: goods_id F:\work\php\tp\tplearn\Application\Runtime\Cache\Admin\957603907a9e65f61a4ee67db461fa64.php 第 89 行.
NOTIC: [8] Undefined index: goods_id F:\work\php\tp\tplearn\Application\Runtime\Cache\Admin\957603907a9e65f61a4ee67db461fa64.php 第 89 行.
NOTIC: [8] Undefined index: goods_id F:\work\php\tp\tplearn\Application\Runtime\Cache\Admin\957603907a9e65f61a4ee67db461fa64.php 第 89 行.
NOTIC: [8] Undefined index: goods_id F:\work\php\tp\tplearn\Application\Runtime\Cache\Admin\957603907a9e65f61a4ee67db461fa64.php 第 89 行.
NOTIC: [8] Undefined index: goods_id F:\work\php\tp\tplearn\Application\Runtime\Cache\Admin\957603907a9e65f61a4ee67db461fa64.php 第 89 行.
NOTIC: [8] Undefined index: goods_id F:\work\php\tp\tplearn\Application\Runtime\Cache\Admin\957603907a9e65f61a4ee67db461fa64.php 第 89 行.
NOTIC: [8] Undefined index: goods_id F:\work\php\tp\tplearn\Application\Runtime\Cache\Admin\957603907a9e65f61a4ee67db461fa64.php 第 89 行.
NOTIC: [8] Undefined index: goods_id F:\work\php\tp\tplearn\Application\Runtime\Cache\Admin\957603907a9e65f61a4ee67db461fa64.php 第 89 行.
NOTIC: [8] Undefined index: goods_id F:\work\php\tp\tplearn\Application\Runtime\Cache\Admin\957603907a9e65f61a4ee67db461fa64.php 第 89 行.
NOTIC: [8] Undefined index: goods_id F:\work\php\tp\tplearn\Application\Runtime\Cache\Admin\957603907a9e65f61a4ee67db461fa64.php 第 89 行.
NOTIC: [8] Undefined index: goods_id F:\work\php\tp\tplearn\Application\Runtime\Cache\Admin\957603907a9e65f61a4ee67db461fa64.php 第 89 行.
NOTIC: [8] Undefined index: goods_id F:\work\php\tp\tplearn\Application\Runtime\Cache\Admin\957603907a9e65f61a4ee67db461fa64.php 第 89 行.
NOTIC: [8] Undefined index: goods_id F:\work\php\tp\tplearn\Application\Runtime\Cache\Admin\957603907a9e65f61a4ee67db461fa64.php 第 89 行.
NOTIC: [8] Undefined index: goods_id F:\work\php\tp\tplearn\Application\Runtime\Cache\Admin\957603907a9e65f61a4ee67db461fa64.php 第 89 行.
NOTIC: [8] Undefined index: goods_id F:\work\php\tp\tplearn\Application\Runtime\Cache\Admin\957603907a9e65f61a4ee67db461fa64.php 第 89 行.
NOTIC: [8] Undefined variable: page F:\work\php\tp\tplearn\Application\Runtime\Cache\Admin\957603907a9e65f61a4ee67db461fa64.php 第 101 行.
INFO: Run Behavior\ParseTemplateBehavior [ RunTime:0.027001s ]
INFO: [ view_parse ] --END-- [ RunTime:0.027001s ]
INFO: [ view_filter ] --START--
INFO: Run Behavior\WriteHtmlCacheBehavior [ RunTime:0.000000s ]
INFO: [ view_filter ] --END-- [ RunTime:0.000000s ]
INFO: [ app_end ] --START--
INFO: Run Behavior\ShowPageTraceBehavior [ RunTime:0.001000s ]
INFO: [ app_end ] --END-- [ RunTime:0.001000s ]

[ 2019-06-14T17:01:09+08:00 ] 127.0.0.1 /tp/tplearn/index.php/Admin/Authority/index.html
INFO: [ app_init ] --START--
INFO: Run Behavior\BuildLiteBehavior [ RunTime:0.000000s ]
INFO: [ app_init ] --END-- [ RunTime:0.001000s ]
INFO: [ app_begin ] --START--
INFO: Run Behavior\ReadHtmlCacheBehavior [ RunTime:0.001000s ]
INFO: [ app_begin ] --END-- [ RunTime:0.001000s ]
SQL: SHOW COLUMNS FROM `demo_admin` [ RunTime:0.0120s ]
SQL: SELECT * FROM `demo_admin` WHERE `admin_id` = 43 LIMIT 1   [ RunTime:0.0000s ]
SQL: SHOW COLUMNS FROM `demo_role` [ RunTime:0.0050s ]
SQL: SELECT * FROM `demo_role` WHERE `role_id` = 2 LIMIT 1   [ RunTime:0.0000s ]
NOTIC: [8] Use of undefined constant 方法二 - assumed '方法二' F:\work\php\tp\tplearn\Application\Admin\Controller\CommonController.class.php 第 26 行.
SQL: SHOW COLUMNS FROM `demo_auth` [ RunTime:0.0050s ]
SQL: SELECT * FROM `demo_auth`  [ RunTime:0.0000s ]
INFO: [ view_parse ] --START--
INFO: [ template_filter ] --START--
INFO: Run Behavior\ContentReplaceBehavior [ RunTime:0.000000s ]
INFO: [ template_filter ] --END-- [ RunTime:0.000000s ]
NOTIC: [8] Undefined index: goods_id F:\work\php\tp\tplearn\Application\Runtime\Cache\Admin\957603907a9e65f61a4ee67db461fa64.php 第 103 行.
NOTIC: [8] Undefined index: goods_id F:\work\php\tp\tplearn\Application\Runtime\Cache\Admin\957603907a9e65f61a4ee67db461fa64.php 第 103 行.
NOTIC: [8] Undefined index: goods_id F:\work\php\tp\tplearn\Application\Runtime\Cache\Admin\957603907a9e65f61a4ee67db461fa64.php 第 103 行.
NOTIC: [8] Undefined index: goods_id F:\work\php\tp\tplearn\Application\Runtime\Cache\Admin\957603907a9e65f61a4ee67db461fa64.php 第 103 行.
NOTIC: [8] Undefined index: goods_id F:\work\php\tp\tplearn\Application\Runtime\Cache\Admin\957603907a9e65f61a4ee67db461fa64.php 第 103 行.
NOTIC: [8] Undefined index: goods_id F:\work\php\tp\tplearn\Application\Runtime\Cache\Admin\957603907a9e65f61a4ee67db461fa64.php 第 103 行.
NOTIC: [8] Undefined index: goods_id F:\work\php\tp\tplearn\Application\Runtime\Cache\Admin\957603907a9e65f61a4ee67db461fa64.php 第 103 行.
NOTIC: [8] Undefined index: goods_id F:\work\php\tp\tplearn\Application\Runtime\Cache\Admin\957603907a9e65f61a4ee67db461fa64.php 第 103 行.
NOTIC: [8] Undefined index: goods_id F:\work\php\tp\tplearn\Application\Runtime\Cache\Admin\957603907a9e65f61a4ee67db461fa64.php 第 103 行.
NOTIC: [8] Undefined index: goods_id F:\work\php\tp\tplearn\Application\Runtime\Cache\Admin\957603907a9e65f61a4ee67db461fa64.php 第 103 行.
NOTIC: [8] Undefined index: goods_id F:\work\php\tp\tplearn\Application\Runtime\Cache\Admin\957603907a9e65f61a4ee67db461fa64.php 第 103 行.
NOTIC: [8] Undefined index: goods_id F:\work\php\tp\tplearn\Application\Runtime\Cache\Admin\957603907a9e65f61a4ee67db461fa64.php 第 103 行.
NOTIC: [8] Undefined index: goods_id F:\work\php\tp\tplearn\Application\Runtime\Cache\Admin\957603907a9e65f61a4ee67db461fa64.php 第 103 行.
NOTIC: [8] Undefined index: goods_id F:\work\php\tp\tplearn\Application\Runtime\Cache\Admin\957603907a9e65f61a4ee67db461fa64.php 第 103 行.
NOTIC: [8] Undefined index: goods_id F:\work\php\tp\tplearn\Application\Runtime\Cache\Admin\957603907a9e65f61a4ee67db461fa64.php 第 103 行.
NOTIC: [8] Undefined variable: page F:\work\php\tp\tplearn\Application\Runtime\Cache\Admin\957603907a9e65f61a4ee67db461fa64.php 第 115 行.
INFO: Run Behavior\ParseTemplateBehavior [ RunTime:0.010001s ]
INFO: [ view_parse ] --END-- [ RunTime:0.010001s ]
INFO: [ view_filter ] --START--
INFO: Run Behavior\WriteHtmlCacheBehavior [ RunTime:0.000000s ]
INFO: [ view_filter ] --END-- [ RunTime:0.000000s ]
INFO: [ app_end ] --START--
INFO: Run Behavior\ShowPageTraceBehavior [ RunTime:0.000000s ]
INFO: [ app_end ] --END-- [ RunTime:0.000000s ]

[ 2019-06-14T17:02:49+08:00 ] 127.0.0.1 /tp/tplearn/index.php/Admin/Authority/index.html
INFO: [ app_init ] --START--
INFO: Run Behavior\BuildLiteBehavior [ RunTime:0.000000s ]
INFO: [ app_init ] --END-- [ RunTime:0.001000s ]
INFO: [ app_begin ] --START--
INFO: Run Behavior\ReadHtmlCacheBehavior [ RunTime:0.000000s ]
INFO: [ app_begin ] --END-- [ RunTime:0.000000s ]
SQL: SHOW COLUMNS FROM `demo_admin` [ RunTime:0.0110s ]
SQL: SELECT * FROM `demo_admin` WHERE `admin_id` = 43 LIMIT 1   [ RunTime:0.0000s ]
SQL: SHOW COLUMNS FROM `demo_role` [ RunTime:0.0090s ]
SQL: SELECT * FROM `demo_role` WHERE `role_id` = 2 LIMIT 1   [ RunTime:0.0010s ]
NOTIC: [8] Use of undefined constant 方法二 - assumed '方法二' F:\work\php\tp\tplearn\Application\Admin\Controller\CommonController.class.php 第 26 行.
SQL: SHOW COLUMNS FROM `demo_auth` [ RunTime:0.0090s ]
SQL: SELECT * FROM `demo_auth`  [ RunTime:0.0010s ]
INFO: [ view_parse ] --START--
INFO: [ template_filter ] --START--
INFO: Run Behavior\ContentReplaceBehavior [ RunTime:0.000000s ]
INFO: [ template_filter ] --END-- [ RunTime:0.000000s ]
NOTIC: [8] Undefined index: goods_id F:\work\php\tp\tplearn\Application\Runtime\Cache\Admin\957603907a9e65f61a4ee67db461fa64.php 第 108 行.
NOTIC: [8] Undefined index: goods_id F:\work\php\tp\tplearn\Application\Runtime\Cache\Admin\957603907a9e65f61a4ee67db461fa64.php 第 108 行.
NOTIC: [8] Undefined index: goods_id F:\work\php\tp\tplearn\Application\Runtime\Cache\Admin\957603907a9e65f61a4ee67db461fa64.php 第 108 行.
NOTIC: [8] Undefined index: goods_id F:\work\php\tp\tplearn\Application\Runtime\Cache\Admin\957603907a9e65f61a4ee67db461fa64.php 第 108 行.
NOTIC: [8] Undefined index: goods_id F:\work\php\tp\tplearn\Application\Runtime\Cache\Admin\957603907a9e65f61a4ee67db461fa64.php 第 108 行.
NOTIC: [8] Undefined index: goods_id F:\work\php\tp\tplearn\Application\Runtime\Cache\Admin\957603907a9e65f61a4ee67db461fa64.php 第 108 行.
NOTIC: [8] Undefined index: goods_id F:\work\php\tp\tplearn\Application\Runtime\Cache\Admin\957603907a9e65f61a4ee67db461fa64.php 第 108 行.
NOTIC: [8] Undefined index: goods_id F:\work\php\tp\tplearn\Application\Runtime\Cache\Admin\957603907a9e65f61a4ee67db461fa64.php 第 108 行.
NOTIC: [8] Undefined index: goods_id F:\work\php\tp\tplearn\Application\Runtime\Cache\Admin\957603907a9e65f61a4ee67db461fa64.php 第 108 行.
NOTIC: [8] Undefined index: goods_id F:\work\php\tp\tplearn\Application\Runtime\Cache\Admin\957603907a9e65f61a4ee67db461fa64.php 第 108 行.
NOTIC: [8] Undefined index: goods_id F:\work\php\tp\tplearn\Application\Runtime\Cache\Admin\957603907a9e65f61a4ee67db461fa64.php 第 108 行.
NOTIC: [8] Undefined index: goods_id F:\work\php\tp\tplearn\Application\Runtime\Cache\Admin\957603907a9e65f61a4ee67db461fa64.php 第 108 行.
NOTIC: [8] Undefined index: goods_id F:\work\php\tp\tplearn\Application\Runtime\Cache\Admin\957603907a9e65f61a4ee67db461fa64.php 第 108 行.
NOTIC: [8] Undefined index: goods_id F:\work\php\tp\tplearn\Application\Runtime\Cache\Admin\957603907a9e65f61a4ee67db461fa64.php 第 108 行.
NOTIC: [8] Undefined index: goods_id F:\work\php\tp\tplearn\Application\Runtime\Cache\Admin\957603907a9e65f61a4ee67db461fa64.php 第 108 行.
NOTIC: [8] Undefined variable: page F:\work\php\tp\tplearn\Application\Runtime\Cache\Admin\957603907a9e65f61a4ee67db461fa64.php 第 120 行.
INFO: Run Behavior\ParseTemplateBehavior [ RunTime:0.013001s ]
INFO: [ view_parse ] --END-- [ RunTime:0.013001s ]
INFO: [ view_filter ] --START--
INFO: Run Behavior\WriteHtmlCacheBehavior [ RunTime:0.000000s ]
INFO: [ view_filter ] --END-- [ RunTime:0.000000s ]
INFO: [ app_end ] --START--
INFO: Run Behavior\ShowPageTraceBehavior [ RunTime:0.000000s ]
INFO: [ app_end ] --END-- [ RunTime:0.001000s ]

[ 2019-06-14T17:03:17+08:00 ] 127.0.0.1 /tp/tplearn/index.php/Admin/Admin/index.html
INFO: [ app_init ] --START--
INFO: Run Behavior\BuildLiteBehavior [ RunTime:0.000000s ]
INFO: [ app_init ] --END-- [ RunTime:0.001000s ]
INFO: [ app_begin ] --START--
INFO: Run Behavior\ReadHtmlCacheBehavior [ RunTime:0.001000s ]
INFO: [ app_begin ] --END-- [ RunTime:0.001000s ]
INFO: [ view_parse ] --START--
INFO: [ template_filter ] --START--
INFO: Run Behavior\ContentReplaceBehavior [ RunTime:0.000000s ]
INFO: [ template_filter ] --END-- [ RunTime:0.000000s ]
INFO: Run Behavior\ParseTemplateBehavior [ RunTime:0.007000s ]
INFO: [ view_parse ] --END-- [ RunTime:0.007000s ]
INFO: [ view_filter ] --START--
INFO: Run Behavior\WriteHtmlCacheBehavior [ RunTime:0.001000s ]
INFO: [ view_filter ] --END-- [ RunTime:0.001000s ]
INFO: [ app_end ] --START--
INFO: Run Behavior\ShowPageTraceBehavior [ RunTime:0.000000s ]
INFO: [ app_end ] --END-- [ RunTime:0.000000s ]

[ 2019-06-14T17:03:47+08:00 ] 127.0.0.1 /tp/tplearn/index.php/Admin/Admin/index.html
INFO: [ app_init ] --START--
INFO: Run Behavior\BuildLiteBehavior [ RunTime:0.000000s ]
INFO: [ app_init ] --END-- [ RunTime:0.000000s ]
INFO: [ app_begin ] --START--
INFO: Run Behavior\ReadHtmlCacheBehavior [ RunTime:0.000000s ]
INFO: [ app_begin ] --END-- [ RunTime:0.000000s ]
INFO: [ view_parse ] --START--
INFO: [ template_filter ] --START--
INFO: Run Behavior\ContentReplaceBehavior [ RunTime:0.000000s ]
INFO: [ template_filter ] --END-- [ RunTime:0.000000s ]
NOTIC: [8] Undefined variable: info1 F:\work\php\tp\tplearn\Application\Runtime\Cache\Admin\b682812e058c4f7cab74d08ab9eabe11.php 第 37 行.
INFO: Run Behavior\ParseTemplateBehavior [ RunTime:0.011000s ]
INFO: [ view_parse ] --END-- [ RunTime:0.012000s ]
INFO: [ view_filter ] --START--
INFO: Run Behavior\WriteHtmlCacheBehavior [ RunTime:0.000000s ]
INFO: [ view_filter ] --END-- [ RunTime:0.000000s ]
INFO: [ app_end ] --START--
INFO: Run Behavior\ShowPageTraceBehavior [ RunTime:0.001000s ]
INFO: [ app_end ] --END-- [ RunTime:0.001000s ]

[ 2019-06-14T17:03:52+08:00 ] 127.0.0.1 /tp/tplearn/index.php/Admin/Role/index.html
INFO: [ app_init ] --START--
INFO: Run Behavior\BuildLiteBehavior [ RunTime:0.000000s ]
INFO: [ app_init ] --END-- [ RunTime:0.000000s ]
INFO: [ app_begin ] --START--
INFO: Run Behavior\ReadHtmlCacheBehavior [ RunTime:0.002000s ]
INFO: [ app_begin ] --END-- [ RunTime:0.002000s ]
SQL: SHOW COLUMNS FROM `demo_admin` [ RunTime:0.0070s ]
SQL: SELECT * FROM `demo_admin` WHERE `admin_id` = 43 LIMIT 1   [ RunTime:0.0000s ]
SQL: SHOW COLUMNS FROM `demo_role` [ RunTime:0.0060s ]
SQL: SELECT * FROM `demo_role` WHERE `role_id` = 2 LIMIT 1   [ RunTime:0.0000s ]
INFO: [ view_parse ] --START--
INFO: [ template_filter ] --START--
INFO: Run Behavior\ContentReplaceBehavior [ RunTime:0.000000s ]
INFO: [ template_filter ] --END-- [ RunTime:0.000000s ]
INFO: Run Behavior\ParseTemplateBehavior [ RunTime:0.008000s ]
INFO: [ view_parse ] --END-- [ RunTime:0.008000s ]
INFO: [ view_filter ] --START--
INFO: Run Behavior\WriteHtmlCacheBehavior [ RunTime:0.000000s ]
INFO: [ view_filter ] --END-- [ RunTime:0.000000s ]

[ 2019-06-14T17:07:32+08:00 ] 127.0.0.1 /tp/tplearn/index.php/Admin/Admin/index.html
INFO: [ app_init ] --START--
INFO: Run Behavior\BuildLiteBehavior [ RunTime:0.000000s ]
INFO: [ app_init ] --END-- [ RunTime:0.001000s ]
INFO: [ app_begin ] --START--
INFO: Run Behavior\ReadHtmlCacheBehavior [ RunTime:0.001000s ]
INFO: [ app_begin ] --END-- [ RunTime:0.001000s ]
INFO: [ view_parse ] --START--
INFO: [ template_filter ] --START--
INFO: Run Behavior\ContentReplaceBehavior [ RunTime:0.000000s ]
INFO: [ template_filter ] --END-- [ RunTime:0.000000s ]
NOTIC: [8] Undefined variable: info1 F:\work\php\tp\tplearn\Application\Runtime\Cache\Admin\b682812e058c4f7cab74d08ab9eabe11.php 第 34 行.
INFO: Run Behavior\ParseTemplateBehavior [ RunTime:0.010000s ]
INFO: [ view_parse ] --END-- [ RunTime:0.010000s ]
INFO: [ view_filter ] --START--
INFO: Run Behavior\WriteHtmlCacheBehavior [ RunTime:0.001000s ]
INFO: [ view_filter ] --END-- [ RunTime:0.002000s ]
INFO: [ app_end ] --START--
INFO: Run Behavior\ShowPageTraceBehavior [ RunTime:0.000000s ]
INFO: [ app_end ] --END-- [ RunTime:0.000000s ]

[ 2019-06-14T17:07:51+08:00 ] 127.0.0.1 /tp/tplearn/index.php/Admin/Admin/index.html
INFO: [ app_init ] --START--
INFO: Run Behavior\BuildLiteBehavior [ RunTime:0.000000s ]
INFO: [ app_init ] --END-- [ RunTime:0.001000s ]
INFO: [ app_begin ] --START--
INFO: Run Behavior\ReadHtmlCacheBehavior [ RunTime:0.001000s ]
INFO: [ app_begin ] --END-- [ RunTime:0.001000s ]
INFO: [ view_parse ] --START--
NOTIC: [2] file_get_contents(./Application/Admin/View/Admin/base.html): failed to open stream: No such file or directory F:\work\php\tp\tplearn\ThinkPHP\Library\Think\Template.class.php 第 696 行.
INFO: [ template_filter ] --START--
INFO: Run Behavior\ContentReplaceBehavior [ RunTime:0.000000s ]
INFO: [ template_filter ] --END-- [ RunTime:0.000000s ]
INFO: Run Behavior\ParseTemplateBehavior [ RunTime:0.006001s ]
INFO: [ view_parse ] --END-- [ RunTime:0.006001s ]
INFO: [ view_filter ] --START--
INFO: Run Behavior\WriteHtmlCacheBehavior [ RunTime:0.001000s ]
INFO: [ view_filter ] --END-- [ RunTime:0.001000s ]
INFO: [ app_end ] --START--
INFO: Run Behavior\ShowPageTraceBehavior [ RunTime:0.001000s ]
INFO: [ app_end ] --END-- [ RunTime:0.001000s ]

[ 2019-06-14T17:08:10+08:00 ] 127.0.0.1 /tp/tplearn/index.php/Admin/Admin/index.html
INFO: [ app_init ] --START--
INFO: Run Behavior\BuildLiteBehavior [ RunTime:0.000000s ]
INFO: [ app_init ] --END-- [ RunTime:0.001000s ]
INFO: [ app_begin ] --START--
INFO: Run Behavior\ReadHtmlCacheBehavior [ RunTime:0.001001s ]
INFO: [ app_begin ] --END-- [ RunTime:0.001001s ]
INFO: [ view_parse ] --START--
INFO: [ template_filter ] --START--
INFO: Run Behavior\ContentReplaceBehavior [ RunTime:0.000000s ]
INFO: [ template_filter ] --END-- [ RunTime:0.000000s ]
NOTIC: [8] Undefined variable: info1 F:\work\php\tp\tplearn\Application\Runtime\Cache\Admin\b682812e058c4f7cab74d08ab9eabe11.php 第 34 行.
INFO: Run Behavior\ParseTemplateBehavior [ RunTime:0.013000s ]
INFO: [ view_parse ] --END-- [ RunTime:0.013000s ]
INFO: [ view_filter ] --START--
INFO: Run Behavior\WriteHtmlCacheBehavior [ RunTime:0.001000s ]
INFO: [ view_filter ] --END-- [ RunTime:0.001000s ]
INFO: [ app_end ] --START--
INFO: Run Behavior\ShowPageTraceBehavior [ RunTime:0.001000s ]
INFO: [ app_end ] --END-- [ RunTime:0.001000s ]

[ 2019-06-14T17:22:00+08:00 ] 127.0.0.1 /tp/tplearn/index.php/Admin/Admin/index.html
INFO: [ app_init ] --START--
INFO: Run Behavior\BuildLiteBehavior [ RunTime:0.000000s ]
INFO: [ app_init ] --END-- [ RunTime:0.000000s ]
INFO: [ app_begin ] --START--
INFO: Run Behavior\ReadHtmlCacheBehavior [ RunTime:0.000000s ]
INFO: [ app_begin ] --END-- [ RunTime:0.000000s ]
SQL: SHOW COLUMNS FROM `demo_admin` [ RunTime:0.0050s ]
SQL: SELECT * FROM `demo_admin` WHERE `admin_id` = 43 LIMIT 1   [ RunTime:0.0000s ]
SQL: SHOW COLUMNS FROM `demo_role` [ RunTime:0.0050s ]
SQL: SELECT * FROM `demo_role` WHERE `role_id` = 2 LIMIT 1   [ RunTime:0.0000s ]
SQL: SHOW COLUMNS FROM `demo_auth` [ RunTime:0.0050s ]
SQL: SELECT * FROM `demo_auth` WHERE ( auth_level=0 and auth_id in (3,10,11 ) )  [ RunTime:0.0300s ]
SQL: SELECT * FROM `demo_auth` WHERE ( auth_level=1 and auth_id in (3,10,11 ) )  [ RunTime:0.0000s ]
INFO: [ view_parse ] --START--
INFO: [ template_filter ] --START--
INFO: Run Behavior\ContentReplaceBehavior [ RunTime:0.000000s ]
INFO: [ template_filter ] --END-- [ RunTime:0.000000s ]
INFO: Run Behavior\ParseTemplateBehavior [ RunTime:0.009001s ]
INFO: [ view_parse ] --END-- [ RunTime:0.009001s ]
INFO: [ view_filter ] --START--
INFO: Run Behavior\WriteHtmlCacheBehavior [ RunTime:0.000000s ]
INFO: [ view_filter ] --END-- [ RunTime:0.000000s ]
INFO: [ app_end ] --START--
INFO: Run Behavior\ShowPageTraceBehavior [ RunTime:0.001000s ]
INFO: [ app_end ] --END-- [ RunTime:0.001000s ]

[ 2019-06-14T17:22:27+08:00 ] 127.0.0.1 /tp/tplearn/index.php/Admin/Admin/index.html
INFO: [ app_init ] --START--
INFO: Run Behavior\BuildLiteBehavior [ RunTime:0.000000s ]
INFO: [ app_init ] --END-- [ RunTime:0.000000s ]
INFO: [ app_begin ] --START--
INFO: Run Behavior\ReadHtmlCacheBehavior [ RunTime:0.000000s ]
INFO: [ app_begin ] --END-- [ RunTime:0.000000s ]
SQL: SHOW COLUMNS FROM `demo_admin` [ RunTime:0.0060s ]
SQL: SELECT * FROM `demo_admin` WHERE `admin_id` = 43 LIMIT 1   [ RunTime:0.0000s ]
SQL: SHOW COLUMNS FROM `demo_role` [ RunTime:0.0060s ]
SQL: SELECT * FROM `demo_role` WHERE `role_id` = 2 LIMIT 1   [ RunTime:0.0010s ]
SQL: SHOW COLUMNS FROM `demo_auth` [ RunTime:0.0040s ]
SQL: SELECT * FROM `demo_auth` WHERE ( auth_level=0 and auth_id in (3,10,11 ) )  [ RunTime:0.0000s ]
SQL: SELECT * FROM `demo_auth` WHERE ( auth_level=1 and auth_id in (3,10,11 ) )  [ RunTime:0.0000s ]
INFO: [ view_parse ] --START--
INFO: [ template_filter ] --START--
INFO: Run Behavior\ContentReplaceBehavior [ RunTime:0.000000s ]
INFO: [ template_filter ] --END-- [ RunTime:0.000000s ]
INFO: Run Behavior\ParseTemplateBehavior [ RunTime:0.008000s ]
INFO: [ view_parse ] --END-- [ RunTime:0.008000s ]
INFO: [ view_filter ] --START--
INFO: Run Behavior\WriteHtmlCacheBehavior [ RunTime:0.000000s ]
INFO: [ view_filter ] --END-- [ RunTime:0.000000s ]
INFO: [ app_end ] --START--
INFO: Run Behavior\ShowPageTraceBehavior [ RunTime:0.000000s ]
INFO: [ app_end ] --END-- [ RunTime:0.000000s ]

[ 2019-06-14T17:22:33+08:00 ] 127.0.0.1 /tp/tplearn/index.php/Admin/Login/logout.html
INFO: [ app_init ] --START--
INFO: Run Behavior\BuildLiteBehavior [ RunTime:0.000000s ]
INFO: [ app_init ] --END-- [ RunTime:0.001000s ]
INFO: [ app_begin ] --START--
INFO: Run Behavior\ReadHtmlCacheBehavior [ RunTime:0.000000s ]
INFO: [ app_begin ] --END-- [ RunTime:0.000000s ]
INFO: [ view_parse ] --START--
INFO: [ template_filter ] --START--
INFO: Run Behavior\ContentReplaceBehavior [ RunTime:0.000000s ]
INFO: [ template_filter ] --END-- [ RunTime:0.000000s ]
INFO: Run Behavior\ParseTemplateBehavior [ RunTime:0.005000s ]
INFO: [ view_parse ] --END-- [ RunTime:0.005000s ]
INFO: [ view_filter ] --START--
INFO: Run Behavior\WriteHtmlCacheBehavior [ RunTime:0.000000s ]
INFO: [ view_filter ] --END-- [ RunTime:0.001000s ]
INFO: [ app_end ] --START--
INFO: Run Behavior\ShowPageTraceBehavior [ RunTime:0.000000s ]
INFO: [ app_end ] --END-- [ RunTime:0.000000s ]

[ 2019-06-14T17:22:36+08:00 ] 127.0.0.1 /tp/tplearn/index.php/Admin/Login/login.html
INFO: [ app_init ] --START--
INFO: Run Behavior\BuildLiteBehavior [ RunTime:0.000000s ]
INFO: [ app_init ] --END-- [ RunTime:0.001000s ]
INFO: [ app_begin ] --START--
INFO: Run Behavior\ReadHtmlCacheBehavior [ RunTime:0.001000s ]
INFO: [ app_begin ] --END-- [ RunTime:0.001000s ]
INFO: [ view_parse ] --START--
INFO: [ template_filter ] --START--
INFO: Run Behavior\ContentReplaceBehavior [ RunTime:0.000000s ]
INFO: [ template_filter ] --END-- [ RunTime:0.000000s ]
INFO: Run Behavior\ParseTemplateBehavior [ RunTime:0.031001s ]
INFO: [ view_parse ] --END-- [ RunTime:0.031001s ]
INFO: [ view_filter ] --START--
INFO: Run Behavior\WriteHtmlCacheBehavior [ RunTime:0.001000s ]
INFO: [ view_filter ] --END-- [ RunTime:0.001000s ]
INFO: [ app_end ] --START--
INFO: Run Behavior\ShowPageTraceBehavior [ RunTime:0.000000s ]
INFO: [ app_end ] --END-- [ RunTime:0.000000s ]

[ 2019-06-14T17:22:36+08:00 ] 127.0.0.1 /tp/tplearn/index.php/Admin/Login/verifyImg.html
INFO: [ app_init ] --START--
INFO: Run Behavior\BuildLiteBehavior [ RunTime:0.000000s ]
INFO: [ app_init ] --END-- [ RunTime:0.000000s ]
INFO: [ app_begin ] --START--
INFO: Run Behavior\ReadHtmlCacheBehavior [ RunTime:0.001000s ]
INFO: [ app_begin ] --END-- [ RunTime:0.001000s ]
INFO: [ app_end ] --START--
INFO: Run Behavior\ShowPageTraceBehavior [ RunTime:0.001000s ]
INFO: [ app_end ] --END-- [ RunTime:0.001000s ]

[ 2019-06-14T17:22:47+08:00 ] 127.0.0.1 /tp/tplearn/index.php/Admin/Login/LoginAdmin.html
INFO: [ app_init ] --START--
INFO: Run Behavior\BuildLiteBehavior [ RunTime:0.000000s ]
INFO: [ app_init ] --END-- [ RunTime:0.000000s ]
INFO: [ app_begin ] --START--
INFO: Run Behavior\ReadHtmlCacheBehavior [ RunTime:0.001000s ]
INFO: [ app_begin ] --END-- [ RunTime:0.001000s ]
NOTIC: [8] Use of undefined constant mysql_escape_string - assumed 'mysql_escape_string' F:\work\php\tp\tplearn\Application\Admin\Controller\LoginController.class.php 第 20 行.
NOTIC: [8192] mysql_escape_string(): This function is deprecated; use mysql_real_escape_string() instead. F:\work\php\tp\tplearn\ThinkPHP\Common\functions.php 第 370 行.
SQL: SHOW COLUMNS FROM `demo_admin` [ RunTime:0.0060s ]
SQL: SELECT * FROM `demo_admin` WHERE `admin_name` = 'admin' AND `admin_pass` = 'e10adc3949ba59abbe56e057f20f883e' LIMIT 1   [ RunTime:0.0220s ]

[ 2019-06-14T17:22:48+08:00 ] 127.0.0.1 /tp/tplearn/index.php/Admin/Admin/index.html
INFO: [ app_init ] --START--
INFO: Run Behavior\BuildLiteBehavior [ RunTime:0.000000s ]
INFO: [ app_init ] --END-- [ RunTime:0.001000s ]
INFO: [ app_begin ] --START--
INFO: Run Behavior\ReadHtmlCacheBehavior [ RunTime:0.001000s ]
INFO: [ app_begin ] --END-- [ RunTime:0.001000s ]
SQL: SHOW COLUMNS FROM `demo_admin` [ RunTime:0.0060s ]
SQL: SELECT * FROM `demo_admin` WHERE `admin_id` = 23 LIMIT 1   [ RunTime:0.0000s ]
SQL: SHOW COLUMNS FROM `demo_role` [ RunTime:0.0050s ]
SQL: SELECT * FROM `demo_role` WHERE `role_id` = 0 LIMIT 1   [ RunTime:0.0010s ]
SQL: SHOW COLUMNS FROM `demo_auth` [ RunTime:0.0070s ]
SQL: SELECT * FROM `demo_auth` WHERE ( auth_level=0 )  [ RunTime:0.0000s ]
SQL: SELECT * FROM `demo_auth` WHERE ( auth_level=1 )  [ RunTime:0.0000s ]
INFO: [ view_parse ] --START--
INFO: [ template_filter ] --START--
INFO: Run Behavior\ContentReplaceBehavior [ RunTime:0.000000s ]
INFO: [ template_filter ] --END-- [ RunTime:0.000000s ]
INFO: Run Behavior\ParseTemplateBehavior [ RunTime:0.011000s ]
INFO: [ view_parse ] --END-- [ RunTime:0.012000s ]
INFO: [ view_filter ] --START--
INFO: Run Behavior\WriteHtmlCacheBehavior [ RunTime:0.000000s ]
INFO: [ view_filter ] --END-- [ RunTime:0.000000s ]
INFO: [ app_end ] --START--
INFO: Run Behavior\ShowPageTraceBehavior [ RunTime:0.001000s ]
INFO: [ app_end ] --END-- [ RunTime:0.001000s ]

[ 2019-06-14T17:22:52+08:00 ] 127.0.0.1 /tp/tplearn/index.php/Admin/Order/index
INFO: [ app_init ] --START--
INFO: Run Behavior\BuildLiteBehavior [ RunTime:0.000000s ]
INFO: [ app_init ] --END-- [ RunTime:0.001000s ]
INFO: [ app_begin ] --START--
INFO: Run Behavior\ReadHtmlCacheBehavior [ RunTime:0.000000s ]
INFO: [ app_begin ] --END-- [ RunTime:0.000000s ]
ERR: 无法加载控制器:Order

[ 2019-06-14T17:22:56+08:00 ] 127.0.0.1 /tp/tplearn/index.php/Admin/Authority/index
INFO: [ app_init ] --START--
INFO: Run Behavior\BuildLiteBehavior [ RunTime:0.000000s ]
INFO: [ app_init ] --END-- [ RunTime:0.000000s ]
INFO: [ app_begin ] --START--
INFO: Run Behavior\ReadHtmlCacheBehavior [ RunTime:0.002000s ]
INFO: [ app_begin ] --END-- [ RunTime:0.002000s ]
SQL: SHOW COLUMNS FROM `demo_admin` [ RunTime:0.0090s ]
SQL: SELECT * FROM `demo_admin` WHERE `admin_id` = 23 LIMIT 1   [ RunTime:0.0000s ]
SQL: SHOW COLUMNS FROM `demo_role` [ RunTime:0.0090s ]
SQL: SELECT * FROM `demo_role` WHERE `role_id` = 0 LIMIT 1   [ RunTime:0.0000s ]
SQL: SHOW COLUMNS FROM `demo_auth` [ RunTime:0.0060s ]
SQL: SELECT * FROM `demo_auth`  [ RunTime:0.0010s ]
INFO: [ view_parse ] --START--
INFO: [ template_filter ] --START--
INFO: Run Behavior\ContentReplaceBehavior [ RunTime:0.000000s ]
INFO: [ template_filter ] --END-- [ RunTime:0.001000s ]
NOTIC: [8] Undefined index: goods_id F:\work\php\tp\tplearn\Application\Runtime\Cache\Admin\957603907a9e65f61a4ee67db461fa64.php 第 167 行.
NOTIC: [8] Undefined index: goods_id F:\work\php\tp\tplearn\Application\Runtime\Cache\Admin\957603907a9e65f61a4ee67db461fa64.php 第 167 行.
NOTIC: [8] Undefined index: goods_id F:\work\php\tp\tplearn\Application\Runtime\Cache\Admin\957603907a9e65f61a4ee67db461fa64.php 第 167 行.
NOTIC: [8] Undefined index: goods_id F:\work\php\tp\tplearn\Application\Runtime\Cache\Admin\957603907a9e65f61a4ee67db461fa64.php 第 167 行.
NOTIC: [8] Undefined index: goods_id F:\work\php\tp\tplearn\Application\Runtime\Cache\Admin\957603907a9e65f61a4ee67db461fa64.php 第 167 行.
NOTIC: [8] Undefined index: goods_id F:\work\php\tp\tplearn\Application\Runtime\Cache\Admin\957603907a9e65f61a4ee67db461fa64.php 第 167 行.
NOTIC: [8] Undefined index: goods_id F:\work\php\tp\tplearn\Application\Runtime\Cache\Admin\957603907a9e65f61a4ee67db461fa64.php 第 167 行.
NOTIC: [8] Undefined index: goods_id F:\work\php\tp\tplearn\Application\Runtime\Cache\Admin\957603907a9e65f61a4ee67db461fa64.php 第 167 行.
NOTIC: [8] Undefined index: goods_id F:\work\php\tp\tplearn\Application\Runtime\Cache\Admin\957603907a9e65f61a4ee67db461fa64.php 第 167 行.
NOTIC: [8] Undefined index: goods_id F:\work\php\tp\tplearn\Application\Runtime\Cache\Admin\957603907a9e65f61a4ee67db461fa64.php 第 167 行.
NOTIC: [8] Undefined index: goods_id F:\work\php\tp\tplearn\Application\Runtime\Cache\Admin\957603907a9e65f61a4ee67db461fa64.php 第 167 行.
NOTIC: [8] Undefined index: goods_id F:\work\php\tp\tplearn\Application\Runtime\Cache\Admin\957603907a9e65f61a4ee67db461fa64.php 第 167 行.
NOTIC: [8] Undefined index: goods_id F:\work\php\tp\tplearn\Application\Runtime\Cache\Admin\957603907a9e65f61a4ee67db461fa64.php 第 167 行.
NOTIC: [8] Undefined index: goods_id F:\work\php\tp\tplearn\Application\Runtime\Cache\Admin\957603907a9e65f61a4ee67db461fa64.php 第 167 行.
NOTIC: [8] Undefined index: goods_id F:\work\php\tp\tplearn\Application\Runtime\Cache\Admin\957603907a9e65f61a4ee67db461fa64.php 第 167 行.
NOTIC: [8] Undefined variable: page F:\work\php\tp\tplearn\Application\Runtime\Cache\Admin\957603907a9e65f61a4ee67db461fa64.php 第 179 行.
INFO: Run Behavior\ParseTemplateBehavior [ RunTime:0.011000s ]
INFO: [ view_parse ] --END-- [ RunTime:0.011000s ]
INFO: [ view_filter ] --START--
INFO: Run Behavior\WriteHtmlCacheBehavior [ RunTime:0.001000s ]
INFO: [ view_filter ] --END-- [ RunTime:0.001000s ]
INFO: [ app_end ] --START--
INFO: Run Behavior\ShowPageTraceBehavior [ RunTime:0.001000s ]
INFO: [ app_end ] --END-- [ RunTime:0.001000s ]

[ 2019-06-14T17:28:47+08:00 ] 127.0.0.1 /tp/tplearn/index.php/Admin/Admin/index
INFO: [ app_init ] --START--
INFO: Run Behavior\BuildLiteBehavior [ RunTime:0.000000s ]
INFO: [ app_init ] --END-- [ RunTime:0.001000s ]
INFO: [ app_begin ] --START--
INFO: Run Behavior\ReadHtmlCacheBehavior [ RunTime:0.001000s ]
INFO: [ app_begin ] --END-- [ RunTime:0.001000s ]
SQL: SHOW COLUMNS FROM `demo_admin` [ RunTime:0.0050s ]
SQL: SELECT * FROM `demo_admin` WHERE `admin_id` = 23 LIMIT 1   [ RunTime:0.0000s ]
SQL: SHOW COLUMNS FROM `demo_role` [ RunTime:0.0050s ]
SQL: SELECT * FROM `demo_role` WHERE `role_id` = 0 LIMIT 1   [ RunTime:0.0010s ]
SQL: SHOW COLUMNS FROM `demo_auth` [ RunTime:0.0050s ]
SQL: SELECT * FROM `demo_auth` WHERE ( auth_level=0 )  [ RunTime:0.0000s ]
SQL: SELECT * FROM `demo_auth` WHERE ( auth_level=1 )  [ RunTime:0.0000s ]
INFO: [ view_parse ] --START--
INFO: [ template_filter ] --START--
INFO: Run Behavior\ContentReplaceBehavior [ RunTime:0.000000s ]
INFO: [ template_filter ] --END-- [ RunTime:0.000000s ]
INFO: Run Behavior\ParseTemplateBehavior [ RunTime:0.009000s ]
INFO: [ view_parse ] --END-- [ RunTime:0.009000s ]
INFO: [ view_filter ] --START--
INFO: Run Behavior\WriteHtmlCacheBehavior [ RunTime:0.000000s ]
INFO: [ view_filter ] --END-- [ RunTime:0.000000s ]
INFO: [ app_end ] --START--
INFO: Run Behavior\ShowPageTraceBehavior [ RunTime:0.001000s ]
INFO: [ app_end ] --END-- [ RunTime:0.001000s ]

[ 2019-06-14T17:28:50+08:00 ] 127.0.0.1 /tp/tplearn/index.php/Admin/Admin/index
INFO: [ app_init ] --START--
INFO: Run Behavior\BuildLiteBehavior [ RunTime:0.000000s ]
INFO: [ app_init ] --END-- [ RunTime:0.001000s ]
INFO: [ app_begin ] --START--
INFO: Run Behavior\ReadHtmlCacheBehavior [ RunTime:0.001000s ]
INFO: [ app_begin ] --END-- [ RunTime:0.002000s ]
SQL: SHOW COLUMNS FROM `demo_admin` [ RunTime:0.0070s ]
SQL: SELECT * FROM `demo_admin` WHERE `admin_id` = 23 LIMIT 1   [ RunTime:0.0010s ]
SQL: SHOW COLUMNS FROM `demo_role` [ RunTime:0.0060s ]
SQL: SELECT * FROM `demo_role` WHERE `role_id` = 0 LIMIT 1   [ RunTime:0.0010s ]
SQL: SHOW COLUMNS FROM `demo_auth` [ RunTime:0.0060s ]
SQL: SELECT * FROM `demo_auth` WHERE ( auth_level=0 )  [ RunTime:0.0000s ]
SQL: SELECT * FROM `demo_auth` WHERE ( auth_level=1 )  [ RunTime:0.0010s ]
INFO: [ view_parse ] --START--
INFO: [ template_filter ] --START--
INFO: Run Behavior\ContentReplaceBehavior [ RunTime:0.000000s ]
INFO: [ template_filter ] --END-- [ RunTime:0.000000s ]
INFO: Run Behavior\ParseTemplateBehavior [ RunTime:0.012001s ]
INFO: [ view_parse ] --END-- [ RunTime:0.012001s ]
INFO: [ view_filter ] --START--
INFO: Run Behavior\WriteHtmlCacheBehavior [ RunTime:0.000000s ]
INFO: [ view_filter ] --END-- [ RunTime:0.000000s ]
INFO: [ app_end ] --START--
INFO: Run Behavior\ShowPageTraceBehavior [ RunTime:0.000000s ]
INFO: [ app_end ] --END-- [ RunTime:0.000000s ]

[ 2019-06-14T17:33:48+08:00 ] 127.0.0.1 /tp/tplearn/index.php/Admin/Admin/index
INFO: [ app_init ] --START--
INFO: Run Behavior\BuildLiteBehavior [ RunTime:0.000000s ]
INFO: [ app_init ] --END-- [ RunTime:0.000000s ]
INFO: [ app_begin ] --START--
INFO: Run Behavior\ReadHtmlCacheBehavior [ RunTime:0.001000s ]
INFO: [ app_begin ] --END-- [ RunTime:0.001000s ]
SQL: SHOW COLUMNS FROM `demo_admin` [ RunTime:0.0100s ]
SQL: SELECT * FROM `demo_admin` WHERE `admin_id` = 23 LIMIT 1   [ RunTime:0.0010s ]
SQL: SHOW COLUMNS FROM `demo_role` [ RunTime:0.0100s ]
SQL: SELECT * FROM `demo_role` WHERE `role_id` = 0 LIMIT 1   [ RunTime:0.0010s ]
SQL: SHOW COLUMNS FROM `demo_auth` [ RunTime:0.0040s ]
SQL: SELECT * FROM `demo_auth` WHERE ( auth_level=0 )  [ RunTime:0.0000s ]
SQL: SELECT * FROM `demo_auth` WHERE ( auth_level=1 )  [ RunTime:0.0010s ]
INFO: [ view_parse ] --START--
INFO: [ template_filter ] --START--
INFO: Run Behavior\ContentReplaceBehavior [ RunTime:0.000000s ]
INFO: [ template_filter ] --END-- [ RunTime:0.000000s ]
INFO: Run Behavior\ParseTemplateBehavior [ RunTime:0.009001s ]
INFO: [ view_parse ] --END-- [ RunTime:0.009001s ]
INFO: [ view_filter ] --START--
INFO: Run Behavior\WriteHtmlCacheBehavior [ RunTime:0.000000s ]
INFO: [ view_filter ] --END-- [ RunTime:0.000000s ]
INFO: [ app_end ] --START--
INFO: Run Behavior\ShowPageTraceBehavior [ RunTime:0.001000s ]
INFO: [ app_end ] --END-- [ RunTime:0.001000s ]

[ 2019-06-14T17:33:53+08:00 ] 127.0.0.1 /tp/tplearn/index.php/Admin/Goods/index
INFO: [ app_init ] --START--
INFO: Run Behavior\BuildLiteBehavior [ RunTime:0.000000s ]
INFO: [ app_init ] --END-- [ RunTime:0.000000s ]
INFO: [ app_begin ] --START--
INFO: Run Behavior\ReadHtmlCacheBehavior [ RunTime:0.001000s ]
INFO: [ app_begin ] --END-- [ RunTime:0.001000s ]
SQL: SHOW COLUMNS FROM `demo_admin` [ RunTime:0.0090s ]
SQL: SELECT * FROM `demo_admin` WHERE `admin_id` = 23 LIMIT 1   [ RunTime:0.0000s ]
SQL: SHOW COLUMNS FROM `demo_role` [ RunTime:0.0070s ]
SQL: SELECT * FROM `demo_role` WHERE `role_id` = 0 LIMIT 1   [ RunTime:0.0010s ]
SQL: SHOW COLUMNS FROM `demo_auth` [ RunTime:0.0070s ]
SQL: SELECT * FROM `demo_auth` WHERE ( auth_level=0 )  [ RunTime:0.0000s ]
SQL: SELECT * FROM `demo_auth` WHERE ( auth_level=1 )  [ RunTime:0.0010s ]
SQL: SHOW COLUMNS FROM `demo_goods` [ RunTime:0.0540s ]
SQL: SELECT COUNT(*) AS tp_count FROM `demo_goods` LIMIT 1   [ RunTime:0.0360s ]
SQL: SELECT * FROM `demo_goods` ORDER BY goods_id desc LIMIT 0,10   [ RunTime:0.0100s ]
INFO: [ view_parse ] --START--
INFO: [ template_filter ] --START--
INFO: Run Behavior\ContentReplaceBehavior [ RunTime:0.000000s ]
INFO: [ template_filter ] --END-- [ RunTime:0.000000s ]
INFO: Run Behavior\ParseTemplateBehavior [ RunTime:0.042003s ]
INFO: [ view_parse ] --END-- [ RunTime:0.042003s ]
INFO: [ view_filter ] --START--
INFO: Run Behavior\WriteHtmlCacheBehavior [ RunTime:0.001000s ]
INFO: [ view_filter ] --END-- [ RunTime:0.001000s ]
INFO: [ app_end ] --START--
INFO: Run Behavior\ShowPageTraceBehavior [ RunTime:0.001000s ]
INFO: [ app_end ] --END-- [ RunTime:0.001000s ]

[ 2019-06-14T17:34:12+08:00 ] 127.0.0.1 /tp/tplearn/index.php/Admin/Goods/index
INFO: [ app_init ] --START--
INFO: Run Behavior\BuildLiteBehavior [ RunTime:0.000000s ]
INFO: [ app_init ] --END-- [ RunTime:0.000000s ]
INFO: [ app_begin ] --START--
INFO: Run Behavior\ReadHtmlCacheBehavior [ RunTime:0.001000s ]
INFO: [ app_begin ] --END-- [ RunTime:0.001000s ]
SQL: SHOW COLUMNS FROM `demo_admin` [ RunTime:0.0080s ]
SQL: SELECT * FROM `demo_admin` WHERE `admin_id` = 23 LIMIT 1   [ RunTime:0.0010s ]
SQL: SHOW COLUMNS FROM `demo_role` [ RunTime:0.0090s ]
SQL: SELECT * FROM `demo_role` WHERE `role_id` = 0 LIMIT 1   [ RunTime:0.0000s ]
SQL: SHOW COLUMNS FROM `demo_auth` [ RunTime:0.0090s ]
SQL: SELECT * FROM `demo_auth` WHERE ( auth_level=0 )  [ RunTime:0.0010s ]
SQL: SELECT * FROM `demo_auth` WHERE ( auth_level=1 )  [ RunTime:0.0010s ]
SQL: SHOW COLUMNS FROM `demo_goods` [ RunTime:0.0060s ]
SQL: SELECT COUNT(*) AS tp_count FROM `demo_goods` LIMIT 1   [ RunTime:0.0000s ]
SQL: SELECT * FROM `demo_goods` ORDER BY goods_id desc LIMIT 0,10   [ RunTime:0.0070s ]
INFO: [ view_parse ] --START--
INFO: [ template_filter ] --START--
INFO: Run Behavior\ContentReplaceBehavior [ RunTime:0.000000s ]
INFO: [ template_filter ] --END-- [ RunTime:0.000000s ]
INFO: Run Behavior\ParseTemplateBehavior [ RunTime:0.012001s ]
INFO: [ view_parse ] --END-- [ RunTime:0.012001s ]
INFO: [ view_filter ] --START--
INFO: Run Behavior\WriteHtmlCacheBehavior [ RunTime:0.001000s ]
INFO: [ view_filter ] --END-- [ RunTime:0.001000s ]
INFO: [ app_end ] --START--
INFO: Run Behavior\ShowPageTraceBehavior [ RunTime:0.001000s ]
INFO: [ app_end ] --END-- [ RunTime:0.001000s ]

