[ 2019-07-12T09:31:22+08:00 ] 127.0.0.1 /tp/rbac/Admin
INFO: [ app_init ] --START--
INFO: Run Behavior\BuildLiteBehavior [ RunTime:0.000000s ]
INFO: [ app_init ] --END-- [ RunTime:0.000000s ]
INFO: [ app_begin ] --START--
INFO: Run Behavior\ReadHtmlCacheBehavior [ RunTime:0.000000s ]
INFO: [ app_begin ] --END-- [ RunTime:0.000000s ]
INFO: [ view_parse ] --START--
INFO: [ template_filter ] --START--
INFO: Run Behavior\ContentReplaceBehavior [ RunTime:0.019001s ]
INFO: [ template_filter ] --END-- [ RunTime:0.019001s ]
NOTIC: [8] Undefined index: admin F:\work\php\tp\rbac\application\Runtime\Cache\Admin\d9cef1a7c39aecf4a7a87bb891a17f87.php 第 22 行.
NOTIC: [8] Undefined index: admin F:\work\php\tp\rbac\application\Runtime\Cache\Admin\d9cef1a7c39aecf4a7a87bb891a17f87.php 第 71 行.
INFO: Run Behavior\ParseTemplateBehavior [ RunTime:0.532031s ]
INFO: [ view_parse ] --END-- [ RunTime:0.532031s ]
INFO: [ view_filter ] --START--
INFO: Run Behavior\WriteHtmlCacheBehavior [ RunTime:0.001000s ]
INFO: [ view_filter ] --END-- [ RunTime:0.001000s ]
INFO: [ app_end ] --START--
INFO: Run Behavior\ShowPageTraceBehavior [ RunTime:0.000000s ]
INFO: [ app_end ] --END-- [ RunTime:0.000000s ]

[ 2019-07-12T09:31:31+08:00 ] 127.0.0.1 /tp/rbac/Admin/login
INFO: [ app_init ] --START--
INFO: Run Behavior\BuildLiteBehavior [ RunTime:0.000000s ]
INFO: [ app_init ] --END-- [ RunTime:0.001000s ]
INFO: [ app_begin ] --START--
INFO: Run Behavior\ReadHtmlCacheBehavior [ RunTime:0.001000s ]
INFO: [ app_begin ] --END-- [ RunTime:0.001000s ]
ERR: 非法操作:index

[ 2019-07-12T09:31:35+08:00 ] 127.0.0.1 /tp/rbac/Admin/login/login
INFO: [ app_init ] --START--
INFO: Run Behavior\BuildLiteBehavior [ RunTime:0.000000s ]
INFO: [ app_init ] --END-- [ RunTime:0.000000s ]
INFO: [ app_begin ] --START--
INFO: Run Behavior\ReadHtmlCacheBehavior [ RunTime:0.000000s ]
INFO: [ app_begin ] --END-- [ RunTime:0.000000s ]
INFO: [ view_parse ] --START--
INFO: [ template_filter ] --START--
INFO: Run Behavior\ContentReplaceBehavior [ RunTime:0.000000s ]
INFO: [ template_filter ] --END-- [ RunTime:0.000000s ]
INFO: Run Behavior\ParseTemplateBehavior [ RunTime:0.050003s ]
INFO: [ view_parse ] --END-- [ RunTime:0.050003s ]
INFO: [ view_filter ] --START--
INFO: Run Behavior\WriteHtmlCacheBehavior [ RunTime:0.001000s ]
INFO: [ view_filter ] --END-- [ RunTime:0.001000s ]
INFO: [ app_end ] --START--
INFO: Run Behavior\ShowPageTraceBehavior [ RunTime:0.000000s ]
INFO: [ app_end ] --END-- [ RunTime:0.000000s ]

[ 2019-07-12T09:31:36+08:00 ] 127.0.0.1 /tp/rbac/index.php/Admin/Login/verifyImg.html
INFO: [ app_init ] --START--
INFO: Run Behavior\BuildLiteBehavior [ RunTime:0.000000s ]
INFO: [ app_init ] --END-- [ RunTime:0.000000s ]
INFO: [ app_begin ] --START--
INFO: Run Behavior\ReadHtmlCacheBehavior [ RunTime:0.000000s ]
INFO: [ app_begin ] --END-- [ RunTime:0.000000s ]
INFO: [ app_end ] --START--
INFO: Run Behavior\ShowPageTraceBehavior [ RunTime:0.001000s ]
INFO: [ app_end ] --END-- [ RunTime:0.001000s ]

[ 2019-07-12T09:31:46+08:00 ] 127.0.0.1 /tp/rbac/index.php/Admin/Login/LoginAdmin.html
INFO: [ app_init ] --START--
INFO: Run Behavior\BuildLiteBehavior [ RunTime:0.000000s ]
INFO: [ app_init ] --END-- [ RunTime:0.000000s ]
INFO: [ app_begin ] --START--
INFO: Run Behavior\ReadHtmlCacheBehavior [ RunTime:0.000000s ]
INFO: [ app_begin ] --END-- [ RunTime:0.000000s ]
SQL: SHOW COLUMNS FROM `demo_user` [ RunTime:0.0260s ]
SQL: SELECT * FROM `demo_user` WHERE `user_name` = 'admin' LIMIT 1   [ RunTime:0.0000s ]
SQL: SELECT * FROM `demo_user` WHERE `user_name` = 'admin' AND `user_pass` = 'e10adc3949ba59abbe56e057f20f883e' LIMIT 1   [ RunTime:0.0010s ]

[ 2019-07-12T09:31:46+08:00 ] 127.0.0.1 /tp/rbac/index.php/Admin/Index/index.html
INFO: [ app_init ] --START--
INFO: Run Behavior\BuildLiteBehavior [ RunTime:0.000000s ]
INFO: [ app_init ] --END-- [ RunTime:0.000000s ]
INFO: [ app_begin ] --START--
INFO: Run Behavior\ReadHtmlCacheBehavior [ RunTime:0.001001s ]
INFO: [ app_begin ] --END-- [ RunTime:0.001001s ]
INFO: [ view_parse ] --START--
INFO: [ template_filter ] --START--
INFO: Run Behavior\ContentReplaceBehavior [ RunTime:0.000000s ]
INFO: [ template_filter ] --END-- [ RunTime:0.000000s ]
INFO: Run Behavior\ParseTemplateBehavior [ RunTime:0.005000s ]
INFO: [ view_parse ] --END-- [ RunTime:0.005000s ]
INFO: [ view_filter ] --START--
INFO: Run Behavior\WriteHtmlCacheBehavior [ RunTime:0.001000s ]
INFO: [ view_filter ] --END-- [ RunTime:0.001000s ]
INFO: [ app_end ] --START--
INFO: Run Behavior\ShowPageTraceBehavior [ RunTime:0.000000s ]
INFO: [ app_end ] --END-- [ RunTime:0.000000s ]

[ 2019-07-12T09:31:49+08:00 ] 127.0.0.1 /tp/rbac/index.php/Admin/User/index.html
INFO: [ app_init ] --START--
INFO: Run Behavior\BuildLiteBehavior [ RunTime:0.000000s ]
INFO: [ app_init ] --END-- [ RunTime:0.000000s ]
INFO: [ app_begin ] --START--
INFO: Run Behavior\ReadHtmlCacheBehavior [ RunTime:0.001000s ]
INFO: [ app_begin ] --END-- [ RunTime:0.001000s ]
SQL: SHOW COLUMNS FROM `demo_userrole` [ RunTime:0.0500s ]
SQL: SELECT `role_id` FROM `demo_userrole` WHERE `user_id` = 1  [ RunTime:0.0020s ]
SQL: SHOW COLUMNS FROM `demo_user` [ RunTime:0.0050s ]
SQL: SELECT * FROM `demo_user`  [ RunTime:0.0010s ]
INFO: [ view_parse ] --START--
INFO: [ template_filter ] --START--
INFO: Run Behavior\ContentReplaceBehavior [ RunTime:0.000000s ]
INFO: [ template_filter ] --END-- [ RunTime:0.000000s ]
NOTIC: [8] Undefined index: goods_id F:\work\php\tp\rbac\application\Runtime\Cache\Admin\6899632fbb48cba253816c451e300c29.php 第 224 行.
NOTIC: [8] Undefined index: goods_id F:\work\php\tp\rbac\application\Runtime\Cache\Admin\6899632fbb48cba253816c451e300c29.php 第 224 行.
NOTIC: [8] Undefined index: goods_id F:\work\php\tp\rbac\application\Runtime\Cache\Admin\6899632fbb48cba253816c451e300c29.php 第 224 行.
NOTIC: [8] Undefined variable: page F:\work\php\tp\rbac\application\Runtime\Cache\Admin\6899632fbb48cba253816c451e300c29.php 第 236 行.
INFO: Run Behavior\ParseTemplateBehavior [ RunTime:0.034002s ]
INFO: [ view_parse ] --END-- [ RunTime:0.034002s ]
INFO: [ view_filter ] --START--
INFO: Run Behavior\WriteHtmlCacheBehavior [ RunTime:0.000000s ]
INFO: [ view_filter ] --END-- [ RunTime:0.000000s ]
INFO: [ app_end ] --START--
INFO: Run Behavior\ShowPageTraceBehavior [ RunTime:0.001000s ]
INFO: [ app_end ] --END-- [ RunTime:0.001000s ]

[ 2019-07-12T09:32:14+08:00 ] 127.0.0.1 /tp/rbac/index.php/Admin/User/setRole/user_id/1.html
INFO: [ app_init ] --START--
INFO: Run Behavior\BuildLiteBehavior [ RunTime:0.000000s ]
INFO: [ app_init ] --END-- [ RunTime:0.001000s ]
INFO: [ app_begin ] --START--
INFO: Run Behavior\ReadHtmlCacheBehavior [ RunTime:0.001000s ]
INFO: [ app_begin ] --END-- [ RunTime:0.001000s ]
SQL: SHOW COLUMNS FROM `demo_userrole` [ RunTime:0.0100s ]
SQL: SELECT `role_id` FROM `demo_userrole` WHERE `user_id` = 1  [ RunTime:0.0000s ]
SQL: SHOW COLUMNS FROM `demo_user` [ RunTime:0.0070s ]
SQL: SELECT * FROM `demo_user` WHERE `user_id` = 1 LIMIT 1   [ RunTime:0.0010s ]
SQL: SHOW COLUMNS FROM `demo_role` [ RunTime:0.0360s ]
SQL: SELECT * FROM `demo_role` ORDER BY role_id desc  [ RunTime:0.0010s ]
SQL: SELECT * FROM `demo_userrole` WHERE `user_id` = 1  [ RunTime:0.0010s ]
INFO: [ view_parse ] --START--
INFO: [ template_filter ] --START--
INFO: Run Behavior\ContentReplaceBehavior [ RunTime:0.000000s ]
INFO: [ template_filter ] --END-- [ RunTime:0.001000s ]
INFO: Run Behavior\ParseTemplateBehavior [ RunTime:0.056003s ]
INFO: [ view_parse ] --END-- [ RunTime:0.056003s ]
INFO: [ view_filter ] --START--
INFO: Run Behavior\WriteHtmlCacheBehavior [ RunTime:0.001000s ]
INFO: [ view_filter ] --END-- [ RunTime:0.001000s ]
INFO: [ app_end ] --START--
INFO: Run Behavior\ShowPageTraceBehavior [ RunTime:0.001000s ]
INFO: [ app_end ] --END-- [ RunTime:0.001000s ]

[ 2019-07-12T09:32:33+08:00 ] 127.0.0.1 /tp/rbac/index.php/Admin/User/index.html
INFO: [ app_init ] --START--
INFO: Run Behavior\BuildLiteBehavior [ RunTime:0.000000s ]
INFO: [ app_init ] --END-- [ RunTime:0.000000s ]
INFO: [ app_begin ] --START--
INFO: Run Behavior\ReadHtmlCacheBehavior [ RunTime:0.001000s ]
INFO: [ app_begin ] --END-- [ RunTime:0.002000s ]
SQL: SHOW COLUMNS FROM `demo_userrole` [ RunTime:0.0110s ]
SQL: SELECT `role_id` FROM `demo_userrole` WHERE `user_id` = 1  [ RunTime:0.0000s ]
SQL: SHOW COLUMNS FROM `demo_user` [ RunTime:0.0110s ]
SQL: SELECT * FROM `demo_user`  [ RunTime:0.0000s ]
INFO: [ view_parse ] --START--
INFO: [ template_filter ] --START--
INFO: Run Behavior\ContentReplaceBehavior [ RunTime:0.000000s ]
INFO: [ template_filter ] --END-- [ RunTime:0.000000s ]
NOTIC: [8] Undefined index: goods_id F:\work\php\tp\rbac\application\Runtime\Cache\Admin\6899632fbb48cba253816c451e300c29.php 第 224 行.
NOTIC: [8] Undefined index: goods_id F:\work\php\tp\rbac\application\Runtime\Cache\Admin\6899632fbb48cba253816c451e300c29.php 第 224 行.
NOTIC: [8] Undefined index: goods_id F:\work\php\tp\rbac\application\Runtime\Cache\Admin\6899632fbb48cba253816c451e300c29.php 第 224 行.
NOTIC: [8] Undefined variable: page F:\work\php\tp\rbac\application\Runtime\Cache\Admin\6899632fbb48cba253816c451e300c29.php 第 236 行.
INFO: Run Behavior\ParseTemplateBehavior [ RunTime:0.017001s ]
INFO: [ view_parse ] --END-- [ RunTime:0.017001s ]
INFO: [ view_filter ] --START--
INFO: Run Behavior\WriteHtmlCacheBehavior [ RunTime:0.000000s ]
INFO: [ view_filter ] --END-- [ RunTime:0.000000s ]
INFO: [ app_end ] --START--
INFO: Run Behavior\ShowPageTraceBehavior [ RunTime:0.000000s ]
INFO: [ app_end ] --END-- [ RunTime:0.000000s ]

[ 2019-07-12T09:32:49+08:00 ] 127.0.0.1 /tp/rbac/index.php/Admin/User/setRole/user_id/1.html
INFO: [ app_init ] --START--
INFO: Run Behavior\BuildLiteBehavior [ RunTime:0.000000s ]
INFO: [ app_init ] --END-- [ RunTime:0.001000s ]
INFO: [ app_begin ] --START--
INFO: Run Behavior\ReadHtmlCacheBehavior [ RunTime:0.001000s ]
INFO: [ app_begin ] --END-- [ RunTime:0.001000s ]
SQL: SHOW COLUMNS FROM `demo_userrole` [ RunTime:0.0050s ]
SQL: SELECT `role_id` FROM `demo_userrole` WHERE `user_id` = 1  [ RunTime:0.0000s ]
SQL: SHOW COLUMNS FROM `demo_user` [ RunTime:0.0050s ]
SQL: SELECT * FROM `demo_user` WHERE `user_id` = 1 LIMIT 1   [ RunTime:0.0000s ]
SQL: SHOW COLUMNS FROM `demo_role` [ RunTime:0.0050s ]
SQL: SELECT * FROM `demo_role` ORDER BY role_id desc  [ RunTime:0.0000s ]
SQL: SELECT * FROM `demo_userrole` WHERE `user_id` = 1  [ RunTime:0.0000s ]
INFO: [ view_parse ] --START--
INFO: [ template_filter ] --START--
INFO: Run Behavior\ContentReplaceBehavior [ RunTime:0.000000s ]
INFO: [ template_filter ] --END-- [ RunTime:0.000000s ]
INFO: Run Behavior\ParseTemplateBehavior [ RunTime:0.009001s ]
INFO: [ view_parse ] --END-- [ RunTime:0.009001s ]
INFO: [ view_filter ] --START--
INFO: Run Behavior\WriteHtmlCacheBehavior [ RunTime:0.001000s ]
INFO: [ view_filter ] --END-- [ RunTime:0.001000s ]
INFO: [ app_end ] --START--
INFO: Run Behavior\ShowPageTraceBehavior [ RunTime:0.001000s ]
INFO: [ app_end ] --END-- [ RunTime:0.001000s ]

[ 2019-07-12T09:33:01+08:00 ] 127.0.0.1 /tp/rbac/index.php/Admin/Role/index.html
INFO: [ app_init ] --START--
INFO: Run Behavior\BuildLiteBehavior [ RunTime:0.000000s ]
INFO: [ app_init ] --END-- [ RunTime:0.000000s ]
INFO: [ app_begin ] --START--
INFO: Run Behavior\ReadHtmlCacheBehavior [ RunTime:0.001000s ]
INFO: [ app_begin ] --END-- [ RunTime:0.001000s ]
SQL: SHOW COLUMNS FROM `demo_userrole` [ RunTime:0.0070s ]
SQL: SELECT `role_id` FROM `demo_userrole` WHERE `user_id` = 1  [ RunTime:0.0000s ]
SQL: SHOW COLUMNS FROM `demo_role` [ RunTime:0.0050s ]
SQL: SELECT * FROM `demo_role`  [ RunTime:0.0000s ]
INFO: [ view_parse ] --START--
INFO: [ template_filter ] --START--
INFO: Run Behavior\ContentReplaceBehavior [ RunTime:0.000000s ]
INFO: [ template_filter ] --END-- [ RunTime:0.000000s ]
NOTIC: [8] Undefined index: goods_id F:\work\php\tp\rbac\application\Runtime\Cache\Admin\be88cc911227d4f6c688434ac9990c5d.php 第 215 行.
NOTIC: [8] Undefined index: goods_id F:\work\php\tp\rbac\application\Runtime\Cache\Admin\be88cc911227d4f6c688434ac9990c5d.php 第 215 行.
NOTIC: [8] Undefined index: goods_id F:\work\php\tp\rbac\application\Runtime\Cache\Admin\be88cc911227d4f6c688434ac9990c5d.php 第 215 行.
NOTIC: [8] Undefined index: goods_id F:\work\php\tp\rbac\application\Runtime\Cache\Admin\be88cc911227d4f6c688434ac9990c5d.php 第 215 行.
NOTIC: [8] Undefined variable: page F:\work\php\tp\rbac\application\Runtime\Cache\Admin\be88cc911227d4f6c688434ac9990c5d.php 第 227 行.
INFO: Run Behavior\ParseTemplateBehavior [ RunTime:0.025001s ]
INFO: [ view_parse ] --END-- [ RunTime:0.025001s ]
INFO: [ view_filter ] --START--
INFO: Run Behavior\WriteHtmlCacheBehavior [ RunTime:0.000000s ]
INFO: [ view_filter ] --END-- [ RunTime:0.000000s ]
INFO: [ app_end ] --START--
INFO: Run Behavior\ShowPageTraceBehavior [ RunTime:0.000000s ]
INFO: [ app_end ] --END-- [ RunTime:0.000000s ]

[ 2019-07-12T09:33:46+08:00 ] 127.0.0.1 /tp/rbac/index.php/Admin/User/index.html
INFO: [ app_init ] --START--
INFO: Run Behavior\BuildLiteBehavior [ RunTime:0.000000s ]
INFO: [ app_init ] --END-- [ RunTime:0.000000s ]
INFO: [ app_begin ] --START--
INFO: Run Behavior\ReadHtmlCacheBehavior [ RunTime:0.001000s ]
INFO: [ app_begin ] --END-- [ RunTime:0.001000s ]
SQL: SHOW COLUMNS FROM `demo_userrole` [ RunTime:0.0060s ]
SQL: SELECT `role_id` FROM `demo_userrole` WHERE `user_id` = 1  [ RunTime:0.0010s ]
SQL: SHOW COLUMNS FROM `demo_user` [ RunTime:0.0030s ]
SQL: SELECT * FROM `demo_user`  [ RunTime:0.0010s ]
INFO: [ view_parse ] --START--
INFO: [ template_filter ] --START--
INFO: Run Behavior\ContentReplaceBehavior [ RunTime:0.000000s ]
INFO: [ template_filter ] --END-- [ RunTime:0.001001s ]
NOTIC: [8] Undefined index: goods_id F:\work\php\tp\rbac\application\Runtime\Cache\Admin\6899632fbb48cba253816c451e300c29.php 第 224 行.
NOTIC: [8] Undefined index: goods_id F:\work\php\tp\rbac\application\Runtime\Cache\Admin\6899632fbb48cba253816c451e300c29.php 第 224 行.
NOTIC: [8] Undefined index: goods_id F:\work\php\tp\rbac\application\Runtime\Cache\Admin\6899632fbb48cba253816c451e300c29.php 第 224 行.
NOTIC: [8] Undefined variable: page F:\work\php\tp\rbac\application\Runtime\Cache\Admin\6899632fbb48cba253816c451e300c29.php 第 236 行.
INFO: Run Behavior\ParseTemplateBehavior [ RunTime:0.011001s ]
INFO: [ view_parse ] --END-- [ RunTime:0.011001s ]
INFO: [ view_filter ] --START--
INFO: Run Behavior\WriteHtmlCacheBehavior [ RunTime:0.001000s ]
INFO: [ view_filter ] --END-- [ RunTime:0.001000s ]
INFO: [ app_end ] --START--
INFO: Run Behavior\ShowPageTraceBehavior [ RunTime:0.001000s ]
INFO: [ app_end ] --END-- [ RunTime:0.001000s ]

[ 2019-07-12T09:33:49+08:00 ] 127.0.0.1 /tp/rbac/index.php/Admin/User/add.html
INFO: [ app_init ] --START--
INFO: Run Behavior\BuildLiteBehavior [ RunTime:0.000000s ]
INFO: [ app_init ] --END-- [ RunTime:0.001000s ]
INFO: [ app_begin ] --START--
INFO: Run Behavior\ReadHtmlCacheBehavior [ RunTime:0.000000s ]
INFO: [ app_begin ] --END-- [ RunTime:0.001000s ]
SQL: SHOW COLUMNS FROM `demo_userrole` [ RunTime:0.0090s ]
SQL: SELECT `role_id` FROM `demo_userrole` WHERE `user_id` = 1  [ RunTime:0.0010s ]
NOTIC: [8] Undefined variable: user_info F:\work\php\tp\rbac\application\Admin\Controller\UserController.class.php 第 16 行.
INFO: [ view_parse ] --START--
INFO: [ template_filter ] --START--
INFO: Run Behavior\ContentReplaceBehavior [ RunTime:0.000000s ]
INFO: [ template_filter ] --END-- [ RunTime:0.000000s ]
NOTIC: [8] Undefined variable: info F:\work\php\tp\rbac\application\Runtime\Cache\Admin\cf309cabb5b166dbe9e8811f82dc979f.php 第 163 行.
NOTIC: [8] Undefined variable: info F:\work\php\tp\rbac\application\Runtime\Cache\Admin\cf309cabb5b166dbe9e8811f82dc979f.php 第 174 行.
INFO: Run Behavior\ParseTemplateBehavior [ RunTime:0.046002s ]
INFO: [ view_parse ] --END-- [ RunTime:0.047002s ]
INFO: [ view_filter ] --START--
INFO: Run Behavior\WriteHtmlCacheBehavior [ RunTime:0.000000s ]
INFO: [ view_filter ] --END-- [ RunTime:0.000000s ]
INFO: [ app_end ] --START--
INFO: Run Behavior\ShowPageTraceBehavior [ RunTime:0.001001s ]
INFO: [ app_end ] --END-- [ RunTime:0.002001s ]

[ 2019-07-12T09:33:53+08:00 ] 127.0.0.1 /tp/rbac/index.php/Admin/User/index.html
INFO: [ app_init ] --START--
INFO: Run Behavior\BuildLiteBehavior [ RunTime:0.000000s ]
INFO: [ app_init ] --END-- [ RunTime:0.001000s ]
INFO: [ app_begin ] --START--
INFO: Run Behavior\ReadHtmlCacheBehavior [ RunTime:0.000000s ]
INFO: [ app_begin ] --END-- [ RunTime:0.000000s ]
SQL: SHOW COLUMNS FROM `demo_userrole` [ RunTime:0.0140s ]
SQL: SELECT `role_id` FROM `demo_userrole` WHERE `user_id` = 1  [ RunTime:0.0010s ]
SQL: SHOW COLUMNS FROM `demo_user` [ RunTime:0.0160s ]
SQL: SELECT * FROM `demo_user`  [ RunTime:0.0010s ]
INFO: [ view_parse ] --START--
INFO: [ template_filter ] --START--
INFO: Run Behavior\ContentReplaceBehavior [ RunTime:0.000000s ]
INFO: [ template_filter ] --END-- [ RunTime:0.000000s ]
NOTIC: [8] Undefined index: goods_id F:\work\php\tp\rbac\application\Runtime\Cache\Admin\6899632fbb48cba253816c451e300c29.php 第 224 行.
NOTIC: [8] Undefined index: goods_id F:\work\php\tp\rbac\application\Runtime\Cache\Admin\6899632fbb48cba253816c451e300c29.php 第 224 行.
NOTIC: [8] Undefined index: goods_id F:\work\php\tp\rbac\application\Runtime\Cache\Admin\6899632fbb48cba253816c451e300c29.php 第 224 行.
NOTIC: [8] Undefined variable: page F:\work\php\tp\rbac\application\Runtime\Cache\Admin\6899632fbb48cba253816c451e300c29.php 第 236 行.
INFO: Run Behavior\ParseTemplateBehavior [ RunTime:0.013001s ]
INFO: [ view_parse ] --END-- [ RunTime:0.013001s ]
INFO: [ view_filter ] --START--
INFO: Run Behavior\WriteHtmlCacheBehavior [ RunTime:0.001000s ]
INFO: [ view_filter ] --END-- [ RunTime:0.001000s ]
INFO: [ app_end ] --START--
INFO: Run Behavior\ShowPageTraceBehavior [ RunTime:0.001000s ]
INFO: [ app_end ] --END-- [ RunTime:0.001000s ]

[ 2019-07-12T09:33:58+08:00 ] 127.0.0.1 /tp/rbac/index.php/Admin/User/setRole/user_id/1.html
INFO: [ app_init ] --START--
INFO: Run Behavior\BuildLiteBehavior [ RunTime:0.000000s ]
INFO: [ app_init ] --END-- [ RunTime:0.001000s ]
INFO: [ app_begin ] --START--
INFO: Run Behavior\ReadHtmlCacheBehavior [ RunTime:0.000000s ]
INFO: [ app_begin ] --END-- [ RunTime:0.001000s ]
SQL: SHOW COLUMNS FROM `demo_userrole` [ RunTime:0.0030s ]
SQL: SELECT `role_id` FROM `demo_userrole` WHERE `user_id` = 1  [ RunTime:0.0010s ]
SQL: SHOW COLUMNS FROM `demo_user` [ RunTime:0.0030s ]
SQL: SELECT * FROM `demo_user` WHERE `user_id` = 1 LIMIT 1   [ RunTime:0.0010s ]
SQL: SHOW COLUMNS FROM `demo_role` [ RunTime:0.0030s ]
SQL: SELECT * FROM `demo_role` ORDER BY role_id desc  [ RunTime:0.0000s ]
SQL: SELECT * FROM `demo_userrole` WHERE `user_id` = 1  [ RunTime:0.0000s ]
INFO: [ view_parse ] --START--
INFO: [ template_filter ] --START--
INFO: Run Behavior\ContentReplaceBehavior [ RunTime:0.000000s ]
INFO: [ template_filter ] --END-- [ RunTime:0.000000s ]
INFO: Run Behavior\ParseTemplateBehavior [ RunTime:0.009001s ]
INFO: [ view_parse ] --END-- [ RunTime:0.009001s ]
INFO: [ view_filter ] --START--
INFO: Run Behavior\WriteHtmlCacheBehavior [ RunTime:0.000000s ]
INFO: [ view_filter ] --END-- [ RunTime:0.000000s ]
INFO: [ app_end ] --START--
INFO: Run Behavior\ShowPageTraceBehavior [ RunTime:0.001000s ]
INFO: [ app_end ] --END-- [ RunTime:0.001000s ]

[ 2019-07-12T09:34:09+08:00 ] 127.0.0.1 /tp/rbac/index.php/Admin/Role/index.html
INFO: [ app_init ] --START--
INFO: Run Behavior\BuildLiteBehavior [ RunTime:0.000000s ]
INFO: [ app_init ] --END-- [ RunTime:0.001000s ]
INFO: [ app_begin ] --START--
INFO: Run Behavior\ReadHtmlCacheBehavior [ RunTime:0.001000s ]
INFO: [ app_begin ] --END-- [ RunTime:0.001000s ]
SQL: SHOW COLUMNS FROM `demo_userrole` [ RunTime:0.0070s ]
SQL: SELECT `role_id` FROM `demo_userrole` WHERE `user_id` = 1  [ RunTime:0.0000s ]
SQL: SHOW COLUMNS FROM `demo_role` [ RunTime:0.0060s ]
SQL: SELECT * FROM `demo_role`  [ RunTime:0.0000s ]
INFO: [ view_parse ] --START--
INFO: [ template_filter ] --START--
INFO: Run Behavior\ContentReplaceBehavior [ RunTime:0.000000s ]
INFO: [ template_filter ] --END-- [ RunTime:0.000000s ]
NOTIC: [8] Undefined index: goods_id F:\work\php\tp\rbac\application\Runtime\Cache\Admin\be88cc911227d4f6c688434ac9990c5d.php 第 215 行.
NOTIC: [8] Undefined index: goods_id F:\work\php\tp\rbac\application\Runtime\Cache\Admin\be88cc911227d4f6c688434ac9990c5d.php 第 215 行.
NOTIC: [8] Undefined index: goods_id F:\work\php\tp\rbac\application\Runtime\Cache\Admin\be88cc911227d4f6c688434ac9990c5d.php 第 215 行.
NOTIC: [8] Undefined index: goods_id F:\work\php\tp\rbac\application\Runtime\Cache\Admin\be88cc911227d4f6c688434ac9990c5d.php 第 215 行.
NOTIC: [8] Undefined variable: page F:\work\php\tp\rbac\application\Runtime\Cache\Admin\be88cc911227d4f6c688434ac9990c5d.php 第 227 行.
INFO: Run Behavior\ParseTemplateBehavior [ RunTime:0.015001s ]
INFO: [ view_parse ] --END-- [ RunTime:0.015001s ]
INFO: [ view_filter ] --START--
INFO: Run Behavior\WriteHtmlCacheBehavior [ RunTime:0.001000s ]
INFO: [ view_filter ] --END-- [ RunTime:0.001000s ]
INFO: [ app_end ] --START--
INFO: Run Behavior\ShowPageTraceBehavior [ RunTime:0.000000s ]
INFO: [ app_end ] --END-- [ RunTime:0.001000s ]

[ 2019-07-12T09:34:14+08:00 ] 127.0.0.1 /tp/rbac/index.php/Admin/Role/setAuth/role_id/1.html
INFO: [ app_init ] --START--
INFO: Run Behavior\BuildLiteBehavior [ RunTime:0.000000s ]
INFO: [ app_init ] --END-- [ RunTime:0.000000s ]
INFO: [ app_begin ] --START--
INFO: Run Behavior\ReadHtmlCacheBehavior [ RunTime:0.000000s ]
INFO: [ app_begin ] --END-- [ RunTime:0.000000s ]
SQL: SHOW COLUMNS FROM `demo_userrole` [ RunTime:0.0140s ]
SQL: SELECT `role_id` FROM `demo_userrole` WHERE `user_id` = 1  [ RunTime:0.0010s ]
SQL: SHOW COLUMNS FROM `demo_role` [ RunTime:0.0120s ]
SQL: SELECT * FROM `demo_role` WHERE `role_id` = 1 LIMIT 1   [ RunTime:0.0010s ]
SQL: SHOW COLUMNS FROM `demo_auth` [ RunTime:0.0490s ]
SQL: SELECT * FROM `demo_auth` ORDER BY auth_id desc  [ RunTime:0.0000s ]
SQL: SHOW COLUMNS FROM `demo_roleauth` [ RunTime:0.0050s ]
SQL: SELECT * FROM `demo_roleauth` WHERE `role_id` = 1  [ RunTime:0.0010s ]
INFO: [ view_parse ] --START--
INFO: [ template_filter ] --START--
INFO: Run Behavior\ContentReplaceBehavior [ RunTime:0.000000s ]
INFO: [ template_filter ] --END-- [ RunTime:0.000000s ]
INFO: Run Behavior\ParseTemplateBehavior [ RunTime:0.009000s ]
INFO: [ view_parse ] --END-- [ RunTime:0.009000s ]
INFO: [ view_filter ] --START--
INFO: Run Behavior\WriteHtmlCacheBehavior [ RunTime:0.001000s ]
INFO: [ view_filter ] --END-- [ RunTime:0.001000s ]
INFO: [ app_end ] --START--
INFO: Run Behavior\ShowPageTraceBehavior [ RunTime:0.000000s ]
INFO: [ app_end ] --END-- [ RunTime:0.000000s ]

[ 2019-07-12T09:35:09+08:00 ] 127.0.0.1 /tp/rbac/index.php/Admin/Auth/index.html
INFO: [ app_init ] --START--
INFO: Run Behavior\BuildLiteBehavior [ RunTime:0.000000s ]
INFO: [ app_init ] --END-- [ RunTime:0.000000s ]
INFO: [ app_begin ] --START--
INFO: Run Behavior\ReadHtmlCacheBehavior [ RunTime:0.001000s ]
INFO: [ app_begin ] --END-- [ RunTime:0.001000s ]
SQL: SHOW COLUMNS FROM `demo_userrole` [ RunTime:0.0150s ]
SQL: SELECT `role_id` FROM `demo_userrole` WHERE `user_id` = 1  [ RunTime:0.0000s ]
SQL: SHOW COLUMNS FROM `demo_auth` [ RunTime:0.0130s ]
SQL: SELECT * FROM `demo_auth`  [ RunTime:0.0010s ]
INFO: [ view_parse ] --START--
INFO: [ template_filter ] --START--
INFO: Run Behavior\ContentReplaceBehavior [ RunTime:0.001000s ]
INFO: [ template_filter ] --END-- [ RunTime:0.001000s ]
NOTIC: [8] Undefined index: goods_id F:\work\php\tp\rbac\application\Runtime\Cache\Admin\251a88f734ff8a5cf55612831f111262.php 第 222 行.
NOTIC: [8] Undefined index: goods_id F:\work\php\tp\rbac\application\Runtime\Cache\Admin\251a88f734ff8a5cf55612831f111262.php 第 222 行.
NOTIC: [8] Undefined index: goods_id F:\work\php\tp\rbac\application\Runtime\Cache\Admin\251a88f734ff8a5cf55612831f111262.php 第 222 行.
NOTIC: [8] Undefined index: goods_id F:\work\php\tp\rbac\application\Runtime\Cache\Admin\251a88f734ff8a5cf55612831f111262.php 第 222 行.
NOTIC: [8] Undefined index: goods_id F:\work\php\tp\rbac\application\Runtime\Cache\Admin\251a88f734ff8a5cf55612831f111262.php 第 222 行.
NOTIC: [8] Undefined index: goods_id F:\work\php\tp\rbac\application\Runtime\Cache\Admin\251a88f734ff8a5cf55612831f111262.php 第 222 行.
NOTIC: [8] Undefined variable: page F:\work\php\tp\rbac\application\Runtime\Cache\Admin\251a88f734ff8a5cf55612831f111262.php 第 234 行.
INFO: Run Behavior\ParseTemplateBehavior [ RunTime:0.023001s ]
INFO: [ view_parse ] --END-- [ RunTime:0.023001s ]
INFO: [ view_filter ] --START--
INFO: Run Behavior\WriteHtmlCacheBehavior [ RunTime:0.001000s ]
INFO: [ view_filter ] --END-- [ RunTime:0.001000s ]
INFO: [ app_end ] --START--
INFO: Run Behavior\ShowPageTraceBehavior [ RunTime:0.001000s ]
INFO: [ app_end ] --END-- [ RunTime:0.001000s ]

[ 2019-07-12T09:38:28+08:00 ] 127.0.0.1 /tp/rbac/index.php/Admin/User/index.html
INFO: [ app_init ] --START--
INFO: Run Behavior\BuildLiteBehavior [ RunTime:0.000000s ]
INFO: [ app_init ] --END-- [ RunTime:0.000000s ]
INFO: [ app_begin ] --START--
INFO: Run Behavior\ReadHtmlCacheBehavior [ RunTime:0.000000s ]
INFO: [ app_begin ] --END-- [ RunTime:0.000000s ]
SQL: SHOW COLUMNS FROM `demo_userrole` [ RunTime:0.0150s ]
SQL: SELECT `role_id` FROM `demo_userrole` WHERE `user_id` = 1  [ RunTime:0.0010s ]
SQL: SHOW COLUMNS FROM `demo_user` [ RunTime:0.0100s ]
SQL: SELECT * FROM `demo_user`  [ RunTime:0.0000s ]
INFO: [ view_parse ] --START--
INFO: [ template_filter ] --START--
INFO: Run Behavior\ContentReplaceBehavior [ RunTime:0.000000s ]
INFO: [ template_filter ] --END-- [ RunTime:0.000000s ]
NOTIC: [8] Undefined index: goods_id F:\work\php\tp\rbac\application\Runtime\Cache\Admin\6899632fbb48cba253816c451e300c29.php 第 224 行.
NOTIC: [8] Undefined index: goods_id F:\work\php\tp\rbac\application\Runtime\Cache\Admin\6899632fbb48cba253816c451e300c29.php 第 224 行.
NOTIC: [8] Undefined index: goods_id F:\work\php\tp\rbac\application\Runtime\Cache\Admin\6899632fbb48cba253816c451e300c29.php 第 224 行.
NOTIC: [8] Undefined variable: page F:\work\php\tp\rbac\application\Runtime\Cache\Admin\6899632fbb48cba253816c451e300c29.php 第 236 行.
INFO: Run Behavior\ParseTemplateBehavior [ RunTime:0.017001s ]
INFO: [ view_parse ] --END-- [ RunTime:0.017001s ]
INFO: [ view_filter ] --START--
INFO: Run Behavior\WriteHtmlCacheBehavior [ RunTime:0.001000s ]
INFO: [ view_filter ] --END-- [ RunTime:0.001000s ]
INFO: [ app_end ] --START--
INFO: Run Behavior\ShowPageTraceBehavior [ RunTime:0.001000s ]
INFO: [ app_end ] --END-- [ RunTime:0.001000s ]

[ 2019-07-12T09:38:32+08:00 ] 127.0.0.1 /tp/rbac/index.php/Admin/Role/index.html
INFO: [ app_init ] --START--
INFO: Run Behavior\BuildLiteBehavior [ RunTime:0.000000s ]
INFO: [ app_init ] --END-- [ RunTime:0.001000s ]
INFO: [ app_begin ] --START--
INFO: Run Behavior\ReadHtmlCacheBehavior [ RunTime:0.001000s ]
INFO: [ app_begin ] --END-- [ RunTime:0.001000s ]
SQL: SHOW COLUMNS FROM `demo_userrole` [ RunTime:0.0090s ]
SQL: SELECT `role_id` FROM `demo_userrole` WHERE `user_id` = 1  [ RunTime:0.0000s ]
SQL: SHOW COLUMNS FROM `demo_role` [ RunTime:0.0080s ]
SQL: SELECT * FROM `demo_role`  [ RunTime:0.0010s ]
INFO: [ view_parse ] --START--
INFO: [ template_filter ] --START--
INFO: Run Behavior\ContentReplaceBehavior [ RunTime:0.001000s ]
INFO: [ template_filter ] --END-- [ RunTime:0.001000s ]
NOTIC: [8] Undefined index: goods_id F:\work\php\tp\rbac\application\Runtime\Cache\Admin\be88cc911227d4f6c688434ac9990c5d.php 第 215 行.
NOTIC: [8] Undefined index: goods_id F:\work\php\tp\rbac\application\Runtime\Cache\Admin\be88cc911227d4f6c688434ac9990c5d.php 第 215 行.
NOTIC: [8] Undefined index: goods_id F:\work\php\tp\rbac\application\Runtime\Cache\Admin\be88cc911227d4f6c688434ac9990c5d.php 第 215 行.
NOTIC: [8] Undefined index: goods_id F:\work\php\tp\rbac\application\Runtime\Cache\Admin\be88cc911227d4f6c688434ac9990c5d.php 第 215 行.
NOTIC: [8] Undefined variable: page F:\work\php\tp\rbac\application\Runtime\Cache\Admin\be88cc911227d4f6c688434ac9990c5d.php 第 227 行.
INFO: Run Behavior\ParseTemplateBehavior [ RunTime:0.020001s ]
INFO: [ view_parse ] --END-- [ RunTime:0.020001s ]
INFO: [ view_filter ] --START--
INFO: Run Behavior\WriteHtmlCacheBehavior [ RunTime:0.000000s ]
INFO: [ view_filter ] --END-- [ RunTime:0.001001s ]
INFO: [ app_end ] --START--
INFO: Run Behavior\ShowPageTraceBehavior [ RunTime:0.001000s ]
INFO: [ app_end ] --END-- [ RunTime:0.001000s ]

[ 2019-07-12T09:38:41+08:00 ] 127.0.0.1 /tp/rbac/index.php/Admin/User/index.html
INFO: [ app_init ] --START--
INFO: Run Behavior\BuildLiteBehavior [ RunTime:0.000000s ]
INFO: [ app_init ] --END-- [ RunTime:0.001000s ]
INFO: [ app_begin ] --START--
INFO: Run Behavior\ReadHtmlCacheBehavior [ RunTime:0.001000s ]
INFO: [ app_begin ] --END-- [ RunTime:0.001000s ]
SQL: SHOW COLUMNS FROM `demo_userrole` [ RunTime:0.0080s ]
SQL: SELECT `role_id` FROM `demo_userrole` WHERE `user_id` = 1  [ RunTime:0.0000s ]
SQL: SHOW COLUMNS FROM `demo_user` [ RunTime:0.0090s ]
SQL: SELECT * FROM `demo_user`  [ RunTime:0.0000s ]
INFO: [ view_parse ] --START--
INFO: [ template_filter ] --START--
INFO: Run Behavior\ContentReplaceBehavior [ RunTime:0.000000s ]
INFO: [ template_filter ] --END-- [ RunTime:0.000000s ]
NOTIC: [8] Undefined index: goods_id F:\work\php\tp\rbac\application\Runtime\Cache\Admin\6899632fbb48cba253816c451e300c29.php 第 224 行.
NOTIC: [8] Undefined index: goods_id F:\work\php\tp\rbac\application\Runtime\Cache\Admin\6899632fbb48cba253816c451e300c29.php 第 224 行.
NOTIC: [8] Undefined index: goods_id F:\work\php\tp\rbac\application\Runtime\Cache\Admin\6899632fbb48cba253816c451e300c29.php 第 224 行.
NOTIC: [8] Undefined variable: page F:\work\php\tp\rbac\application\Runtime\Cache\Admin\6899632fbb48cba253816c451e300c29.php 第 236 行.
INFO: Run Behavior\ParseTemplateBehavior [ RunTime:0.018001s ]
INFO: [ view_parse ] --END-- [ RunTime:0.018001s ]
INFO: [ view_filter ] --START--
INFO: Run Behavior\WriteHtmlCacheBehavior [ RunTime:0.000000s ]
INFO: [ view_filter ] --END-- [ RunTime:0.000000s ]
INFO: [ app_end ] --START--
INFO: Run Behavior\ShowPageTraceBehavior [ RunTime:0.000000s ]
INFO: [ app_end ] --END-- [ RunTime:0.000000s ]

[ 2019-07-12T09:38:43+08:00 ] 127.0.0.1 /tp/rbac/index.php/Admin/User/add.html
INFO: [ app_init ] --START--
INFO: Run Behavior\BuildLiteBehavior [ RunTime:0.000000s ]
INFO: [ app_init ] --END-- [ RunTime:0.000000s ]
INFO: [ app_begin ] --START--
INFO: Run Behavior\ReadHtmlCacheBehavior [ RunTime:0.000000s ]
INFO: [ app_begin ] --END-- [ RunTime:0.001001s ]
SQL: SHOW COLUMNS FROM `demo_userrole` [ RunTime:0.0100s ]
SQL: SELECT `role_id` FROM `demo_userrole` WHERE `user_id` = 1  [ RunTime:0.0010s ]
NOTIC: [8] Undefined variable: user_info F:\work\php\tp\rbac\application\Admin\Controller\UserController.class.php 第 16 行.
INFO: [ view_parse ] --START--
INFO: [ template_filter ] --START--
INFO: Run Behavior\ContentReplaceBehavior [ RunTime:0.001000s ]
INFO: [ template_filter ] --END-- [ RunTime:0.001000s ]
NOTIC: [8] Undefined variable: info F:\work\php\tp\rbac\application\Runtime\Cache\Admin\cf309cabb5b166dbe9e8811f82dc979f.php 第 163 行.
NOTIC: [8] Undefined variable: info F:\work\php\tp\rbac\application\Runtime\Cache\Admin\cf309cabb5b166dbe9e8811f82dc979f.php 第 174 行.
INFO: Run Behavior\ParseTemplateBehavior [ RunTime:0.020002s ]
INFO: [ view_parse ] --END-- [ RunTime:0.020002s ]
INFO: [ view_filter ] --START--
INFO: Run Behavior\WriteHtmlCacheBehavior [ RunTime:0.001000s ]
INFO: [ view_filter ] --END-- [ RunTime:0.001000s ]
INFO: [ app_end ] --START--
INFO: Run Behavior\ShowPageTraceBehavior [ RunTime:0.002000s ]
INFO: [ app_end ] --END-- [ RunTime:0.002000s ]

[ 2019-07-12T09:38:59+08:00 ] 127.0.0.1 /tp/rbac/index.php/Admin/User/index.html
INFO: [ app_init ] --START--
INFO: Run Behavior\BuildLiteBehavior [ RunTime:0.000000s ]
INFO: [ app_init ] --END-- [ RunTime:0.000000s ]
INFO: [ app_begin ] --START--
INFO: Run Behavior\ReadHtmlCacheBehavior [ RunTime:0.000000s ]
INFO: [ app_begin ] --END-- [ RunTime:0.001000s ]
SQL: SHOW COLUMNS FROM `demo_userrole` [ RunTime:0.0100s ]
SQL: SELECT `role_id` FROM `demo_userrole` WHERE `user_id` = 1  [ RunTime:0.0010s ]
SQL: SHOW COLUMNS FROM `demo_user` [ RunTime:0.0110s ]
SQL: SELECT * FROM `demo_user`  [ RunTime:0.0010s ]
INFO: [ view_parse ] --START--
INFO: [ template_filter ] --START--
INFO: Run Behavior\ContentReplaceBehavior [ RunTime:0.000000s ]
INFO: [ template_filter ] --END-- [ RunTime:0.000000s ]
NOTIC: [8] Undefined index: goods_id F:\work\php\tp\rbac\application\Runtime\Cache\Admin\6899632fbb48cba253816c451e300c29.php 第 224 行.
NOTIC: [8] Undefined index: goods_id F:\work\php\tp\rbac\application\Runtime\Cache\Admin\6899632fbb48cba253816c451e300c29.php 第 224 行.
NOTIC: [8] Undefined index: goods_id F:\work\php\tp\rbac\application\Runtime\Cache\Admin\6899632fbb48cba253816c451e300c29.php 第 224 行.
NOTIC: [8] Undefined variable: page F:\work\php\tp\rbac\application\Runtime\Cache\Admin\6899632fbb48cba253816c451e300c29.php 第 236 行.
INFO: Run Behavior\ParseTemplateBehavior [ RunTime:0.017001s ]
INFO: [ view_parse ] --END-- [ RunTime:0.017001s ]
INFO: [ view_filter ] --START--
INFO: Run Behavior\WriteHtmlCacheBehavior [ RunTime:0.000000s ]
INFO: [ view_filter ] --END-- [ RunTime:0.000000s ]
INFO: [ app_end ] --START--
INFO: Run Behavior\ShowPageTraceBehavior [ RunTime:0.001000s ]
INFO: [ app_end ] --END-- [ RunTime:0.001000s ]

[ 2019-07-12T09:39:01+08:00 ] 127.0.0.1 /tp/rbac/index.php/Admin/User/index.html
INFO: [ app_init ] --START--
INFO: Run Behavior\BuildLiteBehavior [ RunTime:0.000000s ]
INFO: [ app_init ] --END-- [ RunTime:0.001000s ]
INFO: [ app_begin ] --START--
INFO: Run Behavior\ReadHtmlCacheBehavior [ RunTime:0.001000s ]
INFO: [ app_begin ] --END-- [ RunTime:0.001000s ]
SQL: SHOW COLUMNS FROM `demo_userrole` [ RunTime:0.0080s ]
SQL: SELECT `role_id` FROM `demo_userrole` WHERE `user_id` = 1  [ RunTime:0.0000s ]
SQL: SHOW COLUMNS FROM `demo_user` [ RunTime:0.0090s ]
SQL: SELECT * FROM `demo_user`  [ RunTime:0.0000s ]
INFO: [ view_parse ] --START--
INFO: [ template_filter ] --START--
INFO: Run Behavior\ContentReplaceBehavior [ RunTime:0.000000s ]
INFO: [ template_filter ] --END-- [ RunTime:0.000000s ]
NOTIC: [8] Undefined index: goods_id F:\work\php\tp\rbac\application\Runtime\Cache\Admin\6899632fbb48cba253816c451e300c29.php 第 224 行.
NOTIC: [8] Undefined index: goods_id F:\work\php\tp\rbac\application\Runtime\Cache\Admin\6899632fbb48cba253816c451e300c29.php 第 224 行.
NOTIC: [8] Undefined index: goods_id F:\work\php\tp\rbac\application\Runtime\Cache\Admin\6899632fbb48cba253816c451e300c29.php 第 224 行.
NOTIC: [8] Undefined variable: page F:\work\php\tp\rbac\application\Runtime\Cache\Admin\6899632fbb48cba253816c451e300c29.php 第 236 行.
INFO: Run Behavior\ParseTemplateBehavior [ RunTime:0.013001s ]
INFO: [ view_parse ] --END-- [ RunTime:0.013001s ]
INFO: [ view_filter ] --START--
INFO: Run Behavior\WriteHtmlCacheBehavior [ RunTime:0.001000s ]
INFO: [ view_filter ] --END-- [ RunTime:0.001000s ]
INFO: [ app_end ] --START--
INFO: Run Behavior\ShowPageTraceBehavior [ RunTime:0.001000s ]
INFO: [ app_end ] --END-- [ RunTime:0.001000s ]

[ 2019-07-12T09:39:12+08:00 ] 127.0.0.1 /tp/rbac/index.php/Admin/User/setRole/user_id/1.html
INFO: [ app_init ] --START--
INFO: Run Behavior\BuildLiteBehavior [ RunTime:0.000000s ]
INFO: [ app_init ] --END-- [ RunTime:0.000000s ]
INFO: [ app_begin ] --START--
INFO: Run Behavior\ReadHtmlCacheBehavior [ RunTime:0.000000s ]
INFO: [ app_begin ] --END-- [ RunTime:0.000000s ]
SQL: SHOW COLUMNS FROM `demo_userrole` [ RunTime:0.0030s ]
SQL: SELECT `role_id` FROM `demo_userrole` WHERE `user_id` = 1  [ RunTime:0.0000s ]
SQL: SHOW COLUMNS FROM `demo_user` [ RunTime:0.0030s ]
SQL: SELECT * FROM `demo_user` WHERE `user_id` = 1 LIMIT 1   [ RunTime:0.0000s ]
SQL: SHOW COLUMNS FROM `demo_role` [ RunTime:0.0040s ]
SQL: SELECT * FROM `demo_role` ORDER BY role_id desc  [ RunTime:0.0010s ]
SQL: SELECT * FROM `demo_userrole` WHERE `user_id` = 1  [ RunTime:0.0000s ]
INFO: [ view_parse ] --START--
INFO: [ template_filter ] --START--
INFO: Run Behavior\ContentReplaceBehavior [ RunTime:0.000000s ]
INFO: [ template_filter ] --END-- [ RunTime:0.000000s ]
INFO: Run Behavior\ParseTemplateBehavior [ RunTime:0.008000s ]
INFO: [ view_parse ] --END-- [ RunTime:0.008000s ]
INFO: [ view_filter ] --START--
INFO: Run Behavior\WriteHtmlCacheBehavior [ RunTime:0.000000s ]
INFO: [ view_filter ] --END-- [ RunTime:0.000000s ]
INFO: [ app_end ] --START--
INFO: Run Behavior\ShowPageTraceBehavior [ RunTime:0.000000s ]
INFO: [ app_end ] --END-- [ RunTime:0.000000s ]

[ 2019-07-12T09:39:43+08:00 ] 127.0.0.1 /tp/rbac/index.php/Admin/User/index.html
INFO: [ app_init ] --START--
INFO: Run Behavior\BuildLiteBehavior [ RunTime:0.000000s ]
INFO: [ app_init ] --END-- [ RunTime:0.000000s ]
INFO: [ app_begin ] --START--
INFO: Run Behavior\ReadHtmlCacheBehavior [ RunTime:0.000000s ]
INFO: [ app_begin ] --END-- [ RunTime:0.000000s ]
SQL: SHOW COLUMNS FROM `demo_userrole` [ RunTime:0.0060s ]
SQL: SELECT `role_id` FROM `demo_userrole` WHERE `user_id` = 1  [ RunTime:0.0000s ]
SQL: SHOW COLUMNS FROM `demo_user` [ RunTime:0.0060s ]
SQL: SELECT * FROM `demo_user`  [ RunTime:0.0000s ]
INFO: [ view_parse ] --START--
INFO: [ template_filter ] --START--
INFO: Run Behavior\ContentReplaceBehavior [ RunTime:0.000000s ]
INFO: [ template_filter ] --END-- [ RunTime:0.000000s ]
NOTIC: [8] Undefined index: goods_id F:\work\php\tp\rbac\application\Runtime\Cache\Admin\6899632fbb48cba253816c451e300c29.php 第 224 行.
NOTIC: [8] Undefined index: goods_id F:\work\php\tp\rbac\application\Runtime\Cache\Admin\6899632fbb48cba253816c451e300c29.php 第 224 行.
NOTIC: [8] Undefined index: goods_id F:\work\php\tp\rbac\application\Runtime\Cache\Admin\6899632fbb48cba253816c451e300c29.php 第 224 行.
NOTIC: [8] Undefined variable: page F:\work\php\tp\rbac\application\Runtime\Cache\Admin\6899632fbb48cba253816c451e300c29.php 第 236 行.
INFO: Run Behavior\ParseTemplateBehavior [ RunTime:0.013001s ]
INFO: [ view_parse ] --END-- [ RunTime:0.013001s ]
INFO: [ view_filter ] --START--
INFO: Run Behavior\WriteHtmlCacheBehavior [ RunTime:0.000000s ]
INFO: [ view_filter ] --END-- [ RunTime:0.000000s ]
INFO: [ app_end ] --START--
INFO: Run Behavior\ShowPageTraceBehavior [ RunTime:0.000000s ]
INFO: [ app_end ] --END-- [ RunTime:0.001000s ]

[ 2019-07-12T09:39:45+08:00 ] 127.0.0.1 /tp/rbac/index.php/Admin/User/add.html
INFO: [ app_init ] --START--
INFO: Run Behavior\BuildLiteBehavior [ RunTime:0.000000s ]
INFO: [ app_init ] --END-- [ RunTime:0.002000s ]
INFO: [ app_begin ] --START--
INFO: Run Behavior\ReadHtmlCacheBehavior [ RunTime:0.000000s ]
INFO: [ app_begin ] --END-- [ RunTime:0.000000s ]
SQL: SHOW COLUMNS FROM `demo_userrole` [ RunTime:0.0140s ]
SQL: SELECT `role_id` FROM `demo_userrole` WHERE `user_id` = 1  [ RunTime:0.0010s ]
NOTIC: [8] Undefined variable: user_info F:\work\php\tp\rbac\application\Admin\Controller\UserController.class.php 第 16 行.
INFO: [ view_parse ] --START--
INFO: [ template_filter ] --START--
INFO: Run Behavior\ContentReplaceBehavior [ RunTime:0.000000s ]
INFO: [ template_filter ] --END-- [ RunTime:0.000000s ]
NOTIC: [8] Undefined variable: info F:\work\php\tp\rbac\application\Runtime\Cache\Admin\cf309cabb5b166dbe9e8811f82dc979f.php 第 163 行.
NOTIC: [8] Undefined variable: info F:\work\php\tp\rbac\application\Runtime\Cache\Admin\cf309cabb5b166dbe9e8811f82dc979f.php 第 174 行.
INFO: Run Behavior\ParseTemplateBehavior [ RunTime:0.025001s ]
INFO: [ view_parse ] --END-- [ RunTime:0.025001s ]
INFO: [ view_filter ] --START--
INFO: Run Behavior\WriteHtmlCacheBehavior [ RunTime:0.000000s ]
INFO: [ view_filter ] --END-- [ RunTime:0.000000s ]
INFO: [ app_end ] --START--
INFO: Run Behavior\ShowPageTraceBehavior [ RunTime:0.000000s ]
INFO: [ app_end ] --END-- [ RunTime:0.000000s ]

[ 2019-07-12T09:40:13+08:00 ] 127.0.0.1 /tp/rbac/index.php/Admin/Role/index.html
INFO: [ app_init ] --START--
INFO: Run Behavior\BuildLiteBehavior [ RunTime:0.000000s ]
INFO: [ app_init ] --END-- [ RunTime:0.000000s ]
INFO: [ app_begin ] --START--
INFO: Run Behavior\ReadHtmlCacheBehavior [ RunTime:0.001000s ]
INFO: [ app_begin ] --END-- [ RunTime:0.001000s ]
SQL: SHOW COLUMNS FROM `demo_userrole` [ RunTime:0.0100s ]
SQL: SELECT `role_id` FROM `demo_userrole` WHERE `user_id` = 1  [ RunTime:0.0010s ]
SQL: SHOW COLUMNS FROM `demo_role` [ RunTime:0.0100s ]
SQL: SELECT * FROM `demo_role`  [ RunTime:0.0000s ]
INFO: [ view_parse ] --START--
INFO: [ template_filter ] --START--
INFO: Run Behavior\ContentReplaceBehavior [ RunTime:0.000000s ]
INFO: [ template_filter ] --END-- [ RunTime:0.000000s ]
NOTIC: [8] Undefined index: goods_id F:\work\php\tp\rbac\application\Runtime\Cache\Admin\be88cc911227d4f6c688434ac9990c5d.php 第 215 行.
NOTIC: [8] Undefined index: goods_id F:\work\php\tp\rbac\application\Runtime\Cache\Admin\be88cc911227d4f6c688434ac9990c5d.php 第 215 行.
NOTIC: [8] Undefined index: goods_id F:\work\php\tp\rbac\application\Runtime\Cache\Admin\be88cc911227d4f6c688434ac9990c5d.php 第 215 行.
NOTIC: [8] Undefined index: goods_id F:\work\php\tp\rbac\application\Runtime\Cache\Admin\be88cc911227d4f6c688434ac9990c5d.php 第 215 行.
NOTIC: [8] Undefined variable: page F:\work\php\tp\rbac\application\Runtime\Cache\Admin\be88cc911227d4f6c688434ac9990c5d.php 第 227 行.
INFO: Run Behavior\ParseTemplateBehavior [ RunTime:0.020002s ]
INFO: [ view_parse ] --END-- [ RunTime:0.020002s ]
INFO: [ view_filter ] --START--
INFO: Run Behavior\WriteHtmlCacheBehavior [ RunTime:0.000000s ]
INFO: [ view_filter ] --END-- [ RunTime:0.000000s ]
INFO: [ app_end ] --START--
INFO: Run Behavior\ShowPageTraceBehavior [ RunTime:0.001000s ]
INFO: [ app_end ] --END-- [ RunTime:0.001000s ]

[ 2019-07-12T09:40:17+08:00 ] 127.0.0.1 /tp/rbac/index.php/Admin/User/index.html
INFO: [ app_init ] --START--
INFO: Run Behavior\BuildLiteBehavior [ RunTime:0.000000s ]
INFO: [ app_init ] --END-- [ RunTime:0.000000s ]
INFO: [ app_begin ] --START--
INFO: Run Behavior\ReadHtmlCacheBehavior [ RunTime:0.001000s ]
INFO: [ app_begin ] --END-- [ RunTime:0.001000s ]
SQL: SHOW COLUMNS FROM `demo_userrole` [ RunTime:0.0120s ]
SQL: SELECT `role_id` FROM `demo_userrole` WHERE `user_id` = 1  [ RunTime:0.0010s ]
SQL: SHOW COLUMNS FROM `demo_user` [ RunTime:0.0140s ]
SQL: SELECT * FROM `demo_user`  [ RunTime:0.0020s ]
INFO: [ view_parse ] --START--
INFO: [ template_filter ] --START--
INFO: Run Behavior\ContentReplaceBehavior [ RunTime:0.000000s ]
INFO: [ template_filter ] --END-- [ RunTime:0.000000s ]
NOTIC: [8] Undefined index: goods_id F:\work\php\tp\rbac\application\Runtime\Cache\Admin\6899632fbb48cba253816c451e300c29.php 第 224 行.
NOTIC: [8] Undefined index: goods_id F:\work\php\tp\rbac\application\Runtime\Cache\Admin\6899632fbb48cba253816c451e300c29.php 第 224 行.
NOTIC: [8] Undefined index: goods_id F:\work\php\tp\rbac\application\Runtime\Cache\Admin\6899632fbb48cba253816c451e300c29.php 第 224 行.
NOTIC: [8] Undefined variable: page F:\work\php\tp\rbac\application\Runtime\Cache\Admin\6899632fbb48cba253816c451e300c29.php 第 236 行.
INFO: Run Behavior\ParseTemplateBehavior [ RunTime:0.016001s ]
INFO: [ view_parse ] --END-- [ RunTime:0.016001s ]
INFO: [ view_filter ] --START--
INFO: Run Behavior\WriteHtmlCacheBehavior [ RunTime:0.000000s ]
INFO: [ view_filter ] --END-- [ RunTime:0.000000s ]
INFO: [ app_end ] --START--
INFO: Run Behavior\ShowPageTraceBehavior [ RunTime:0.000000s ]
INFO: [ app_end ] --END-- [ RunTime:0.000000s ]

[ 2019-07-12T09:40:19+08:00 ] 127.0.0.1 /tp/rbac/index.php/Admin/User/setRole/user_id/1.html
INFO: [ app_init ] --START--
INFO: Run Behavior\BuildLiteBehavior [ RunTime:0.000000s ]
INFO: [ app_init ] --END-- [ RunTime:0.000000s ]
INFO: [ app_begin ] --START--
INFO: Run Behavior\ReadHtmlCacheBehavior [ RunTime:0.000000s ]
INFO: [ app_begin ] --END-- [ RunTime:0.001000s ]
SQL: SHOW COLUMNS FROM `demo_userrole` [ RunTime:0.0040s ]
SQL: SELECT `role_id` FROM `demo_userrole` WHERE `user_id` = 1  [ RunTime:0.0000s ]
SQL: SHOW COLUMNS FROM `demo_user` [ RunTime:0.0040s ]
SQL: SELECT * FROM `demo_user` WHERE `user_id` = 1 LIMIT 1   [ RunTime:0.0010s ]
SQL: SHOW COLUMNS FROM `demo_role` [ RunTime:0.0040s ]
SQL: SELECT * FROM `demo_role` ORDER BY role_id desc  [ RunTime:0.0010s ]
SQL: SELECT * FROM `demo_userrole` WHERE `user_id` = 1  [ RunTime:0.0000s ]
INFO: [ view_parse ] --START--
INFO: [ template_filter ] --START--
INFO: Run Behavior\ContentReplaceBehavior [ RunTime:0.001000s ]
INFO: [ template_filter ] --END-- [ RunTime:0.001000s ]
INFO: Run Behavior\ParseTemplateBehavior [ RunTime:0.009000s ]
INFO: [ view_parse ] --END-- [ RunTime:0.010000s ]
INFO: [ view_filter ] --START--
INFO: Run Behavior\WriteHtmlCacheBehavior [ RunTime:0.001000s ]
INFO: [ view_filter ] --END-- [ RunTime:0.001000s ]
INFO: [ app_end ] --START--
INFO: Run Behavior\ShowPageTraceBehavior [ RunTime:0.001000s ]
INFO: [ app_end ] --END-- [ RunTime:0.001000s ]

[ 2019-07-12T09:40:23+08:00 ] 127.0.0.1 /tp/rbac/index.php/Admin/User/userSetRole.html
INFO: [ app_init ] --START--
INFO: Run Behavior\BuildLiteBehavior [ RunTime:0.000000s ]
INFO: [ app_init ] --END-- [ RunTime:0.000000s ]
INFO: [ app_begin ] --START--
INFO: Run Behavior\ReadHtmlCacheBehavior [ RunTime:0.000000s ]
INFO: [ app_begin ] --END-- [ RunTime:0.000000s ]
SQL: SHOW COLUMNS FROM `demo_userrole` [ RunTime:0.0120s ]
SQL: SELECT `role_id` FROM `demo_userrole` WHERE `user_id` = 1  [ RunTime:0.0000s ]
SQL: SELECT * FROM `demo_userrole` WHERE `user_id` = 1  [ RunTime:0.0000s ]
SQL: INSERT INTO `demo_userrole` (`user_id`,`role_id`,`created_time`) VALUES ('1','4','1562895623') [ RunTime:0.0010s ]
SQL: INSERT INTO `demo_userrole` (`user_id`,`role_id`,`created_time`) VALUES ('1','3','1562895623') [ RunTime:0.0010s ]

[ 2019-07-12T09:40:24+08:00 ] 127.0.0.1 /tp/rbac/index.php/Admin/User/index.html
INFO: [ app_init ] --START--
INFO: Run Behavior\BuildLiteBehavior [ RunTime:0.000000s ]
INFO: [ app_init ] --END-- [ RunTime:0.000000s ]
INFO: [ app_begin ] --START--
INFO: Run Behavior\ReadHtmlCacheBehavior [ RunTime:0.000000s ]
INFO: [ app_begin ] --END-- [ RunTime:0.000000s ]
SQL: SHOW COLUMNS FROM `demo_userrole` [ RunTime:0.0100s ]
SQL: SELECT `role_id` FROM `demo_userrole` WHERE `user_id` = 1  [ RunTime:0.0010s ]
SQL: SHOW COLUMNS FROM `demo_roleauth` [ RunTime:0.0060s ]
SQL: SELECT `auth_id` FROM `demo_roleauth` WHERE `role_id` = 4  [ RunTime:0.0010s ]
SQL: SELECT `auth_id` FROM `demo_roleauth` WHERE `role_id` = 3  [ RunTime:0.0000s ]
NOTIC: [8] Undefined variable: auth_status F:\work\php\tp\rbac\application\Admin\Controller\CommonController.class.php 第 58 行.
INFO: [ view_parse ] --START--
INFO: [ template_filter ] --START--
INFO: Run Behavior\ContentReplaceBehavior [ RunTime:0.000000s ]
INFO: [ template_filter ] --END-- [ RunTime:0.001000s ]
INFO: Run Behavior\ParseTemplateBehavior [ RunTime:0.032002s ]
INFO: [ view_parse ] --END-- [ RunTime:0.032002s ]
INFO: [ view_filter ] --START--
INFO: Run Behavior\WriteHtmlCacheBehavior [ RunTime:0.001000s ]
INFO: [ view_filter ] --END-- [ RunTime:0.001000s ]

[ 2019-07-12T09:40:50+08:00 ] 127.0.0.1 /tp/rbac/index.php/Admin/User/index.html
INFO: [ app_init ] --START--
INFO: Run Behavior\BuildLiteBehavior [ RunTime:0.000000s ]
INFO: [ app_init ] --END-- [ RunTime:0.001000s ]
INFO: [ app_begin ] --START--
INFO: Run Behavior\ReadHtmlCacheBehavior [ RunTime:0.000000s ]
INFO: [ app_begin ] --END-- [ RunTime:0.001000s ]
SQL: SHOW COLUMNS FROM `demo_userrole` [ RunTime:0.0130s ]
SQL: SELECT `role_id` FROM `demo_userrole` WHERE `user_id` = 1  [ RunTime:0.0010s ]
SQL: SHOW COLUMNS FROM `demo_roleauth` [ RunTime:0.0060s ]
SQL: SELECT `auth_id` FROM `demo_roleauth` WHERE `role_id` = 4  [ RunTime:0.0000s ]
SQL: SELECT `auth_id` FROM `demo_roleauth` WHERE `role_id` = 3  [ RunTime:0.0010s ]
NOTIC: [8] Undefined variable: auth_status F:\work\php\tp\rbac\application\Admin\Controller\CommonController.class.php 第 58 行.
INFO: [ view_parse ] --START--
INFO: [ template_filter ] --START--
INFO: Run Behavior\ContentReplaceBehavior [ RunTime:0.000000s ]
INFO: [ template_filter ] --END-- [ RunTime:0.001000s ]
INFO: Run Behavior\ParseTemplateBehavior [ RunTime:0.008000s ]
INFO: [ view_parse ] --END-- [ RunTime:0.008000s ]
INFO: [ view_filter ] --START--
INFO: Run Behavior\WriteHtmlCacheBehavior [ RunTime:0.001000s ]
INFO: [ view_filter ] --END-- [ RunTime:0.001000s ]

[ 2019-07-12T09:41:10+08:00 ] 127.0.0.1 /tp/rbac/index.php/Admin/User/userSetRole.html
INFO: [ app_init ] --START--
INFO: Run Behavior\BuildLiteBehavior [ RunTime:0.000000s ]
INFO: [ app_init ] --END-- [ RunTime:0.000000s ]
INFO: [ app_begin ] --START--
INFO: Run Behavior\ReadHtmlCacheBehavior [ RunTime:0.001000s ]
INFO: [ app_begin ] --END-- [ RunTime:0.001000s ]
SQL: SHOW COLUMNS FROM `demo_userrole` [ RunTime:0.0130s ]
SQL: SELECT `role_id` FROM `demo_userrole` WHERE `user_id` = 1  [ RunTime:0.0010s ]
SQL: SHOW COLUMNS FROM `demo_roleauth` [ RunTime:0.0150s ]
SQL: SELECT `auth_id` FROM `demo_roleauth` WHERE `role_id` = 4  [ RunTime:0.0000s ]
SQL: SELECT `auth_id` FROM `demo_roleauth` WHERE `role_id` = 3  [ RunTime:0.0000s ]
NOTIC: [8] Undefined variable: auth_status F:\work\php\tp\rbac\application\Admin\Controller\CommonController.class.php 第 58 行.

[ 2019-07-12T09:41:13+08:00 ] 127.0.0.1 /tp/rbac/index.php/Admin/User/index.html
INFO: [ app_init ] --START--
INFO: Run Behavior\BuildLiteBehavior [ RunTime:0.000000s ]
INFO: [ app_init ] --END-- [ RunTime:0.001000s ]
INFO: [ app_begin ] --START--
INFO: Run Behavior\ReadHtmlCacheBehavior [ RunTime:0.001000s ]
INFO: [ app_begin ] --END-- [ RunTime:0.001000s ]
SQL: SHOW COLUMNS FROM `demo_userrole` [ RunTime:0.0080s ]
SQL: SELECT `role_id` FROM `demo_userrole` WHERE `user_id` = 1  [ RunTime:0.0000s ]
SQL: SHOW COLUMNS FROM `demo_roleauth` [ RunTime:0.0060s ]
SQL: SELECT `auth_id` FROM `demo_roleauth` WHERE `role_id` = 4  [ RunTime:0.0000s ]
SQL: SELECT `auth_id` FROM `demo_roleauth` WHERE `role_id` = 3  [ RunTime:0.0010s ]
NOTIC: [8] Undefined variable: auth_status F:\work\php\tp\rbac\application\Admin\Controller\CommonController.class.php 第 58 行.
INFO: [ view_parse ] --START--
INFO: [ template_filter ] --START--
INFO: Run Behavior\ContentReplaceBehavior [ RunTime:0.000000s ]
INFO: [ template_filter ] --END-- [ RunTime:0.000000s ]
INFO: Run Behavior\ParseTemplateBehavior [ RunTime:0.005000s ]
INFO: [ view_parse ] --END-- [ RunTime:0.005000s ]
INFO: [ view_filter ] --START--
INFO: Run Behavior\WriteHtmlCacheBehavior [ RunTime:0.001000s ]
INFO: [ view_filter ] --END-- [ RunTime:0.001000s ]

[ 2019-07-12T09:46:42+08:00 ] 127.0.0.1 /tp/rbac/index.php/Admin/User/setRole/user_id/1.html
INFO: [ app_init ] --START--
INFO: Run Behavior\BuildLiteBehavior [ RunTime:0.000000s ]
INFO: [ app_init ] --END-- [ RunTime:0.001000s ]
INFO: [ app_begin ] --START--
INFO: Run Behavior\ReadHtmlCacheBehavior [ RunTime:0.001000s ]
INFO: [ app_begin ] --END-- [ RunTime:0.001000s ]
SQL: SHOW COLUMNS FROM `demo_userrole` [ RunTime:0.0120s ]
SQL: SELECT `role_id` FROM `demo_userrole` WHERE `user_id` = 1  [ RunTime:0.0020s ]
SQL: SHOW COLUMNS FROM `demo_user` [ RunTime:0.0120s ]
SQL: SELECT * FROM `demo_user` WHERE `user_id` = 1 LIMIT 1   [ RunTime:0.0010s ]
SQL: SHOW COLUMNS FROM `demo_role` [ RunTime:0.0050s ]
SQL: SELECT * FROM `demo_role` ORDER BY role_id desc  [ RunTime:0.0000s ]
SQL: SELECT * FROM `demo_userrole` WHERE `user_id` = 1  [ RunTime:0.0010s ]
INFO: [ view_parse ] --START--
INFO: [ template_filter ] --START--
INFO: Run Behavior\ContentReplaceBehavior [ RunTime:0.000000s ]
INFO: [ template_filter ] --END-- [ RunTime:0.000000s ]
INFO: Run Behavior\ParseTemplateBehavior [ RunTime:0.012000s ]
INFO: [ view_parse ] --END-- [ RunTime:0.012000s ]
INFO: [ view_filter ] --START--
INFO: Run Behavior\WriteHtmlCacheBehavior [ RunTime:0.001000s ]
INFO: [ view_filter ] --END-- [ RunTime:0.001000s ]
INFO: [ app_end ] --START--
INFO: Run Behavior\ShowPageTraceBehavior [ RunTime:0.001000s ]
INFO: [ app_end ] --END-- [ RunTime:0.002000s ]

[ 2019-07-12T09:46:45+08:00 ] 127.0.0.1 /tp/rbac/index.php/Admin/User/index.html
INFO: [ app_init ] --START--
INFO: Run Behavior\BuildLiteBehavior [ RunTime:0.000000s ]
INFO: [ app_init ] --END-- [ RunTime:0.001000s ]
INFO: [ app_begin ] --START--
INFO: Run Behavior\ReadHtmlCacheBehavior [ RunTime:0.001000s ]
INFO: [ app_begin ] --END-- [ RunTime:0.001000s ]
SQL: SHOW COLUMNS FROM `demo_userrole` [ RunTime:0.0040s ]
SQL: SELECT `role_id` FROM `demo_userrole` WHERE `user_id` = 1  [ RunTime:0.0000s ]
SQL: SHOW COLUMNS FROM `demo_user` [ RunTime:0.0040s ]
SQL: SELECT * FROM `demo_user`  [ RunTime:0.0010s ]
INFO: [ view_parse ] --START--
INFO: [ template_filter ] --START--
INFO: Run Behavior\ContentReplaceBehavior [ RunTime:0.000000s ]
INFO: [ template_filter ] --END-- [ RunTime:0.000000s ]
NOTIC: [8] Undefined index: goods_id F:\work\php\tp\rbac\application\Runtime\Cache\Admin\6899632fbb48cba253816c451e300c29.php 第 224 行.
NOTIC: [8] Undefined index: goods_id F:\work\php\tp\rbac\application\Runtime\Cache\Admin\6899632fbb48cba253816c451e300c29.php 第 224 行.
NOTIC: [8] Undefined index: goods_id F:\work\php\tp\rbac\application\Runtime\Cache\Admin\6899632fbb48cba253816c451e300c29.php 第 224 行.
NOTIC: [8] Undefined variable: page F:\work\php\tp\rbac\application\Runtime\Cache\Admin\6899632fbb48cba253816c451e300c29.php 第 236 行.
INFO: Run Behavior\ParseTemplateBehavior [ RunTime:0.010001s ]
INFO: [ view_parse ] --END-- [ RunTime:0.010001s ]
INFO: [ view_filter ] --START--
INFO: Run Behavior\WriteHtmlCacheBehavior [ RunTime:0.000000s ]
INFO: [ view_filter ] --END-- [ RunTime:0.001000s ]
INFO: [ app_end ] --START--
INFO: Run Behavior\ShowPageTraceBehavior [ RunTime:0.001000s ]
INFO: [ app_end ] --END-- [ RunTime:0.001000s ]

[ 2019-07-12T09:46:54+08:00 ] 127.0.0.1 /tp/rbac/index.php/Admin/User/setRole/user_id/1.html
INFO: [ app_init ] --START--
INFO: Run Behavior\BuildLiteBehavior [ RunTime:0.000000s ]
INFO: [ app_init ] --END-- [ RunTime:0.000000s ]
INFO: [ app_begin ] --START--
INFO: Run Behavior\ReadHtmlCacheBehavior [ RunTime:0.001000s ]
INFO: [ app_begin ] --END-- [ RunTime:0.002000s ]
SQL: SHOW COLUMNS FROM `demo_userrole` [ RunTime:0.0070s ]
SQL: SELECT `role_id` FROM `demo_userrole` WHERE `user_id` = 1  [ RunTime:0.0000s ]
SQL: SHOW COLUMNS FROM `demo_user` [ RunTime:0.0060s ]
SQL: SELECT * FROM `demo_user` WHERE `user_id` = 1 LIMIT 1   [ RunTime:0.0010s ]
SQL: SHOW COLUMNS FROM `demo_role` [ RunTime:0.0060s ]
SQL: SELECT * FROM `demo_role` ORDER BY role_id desc  [ RunTime:0.0010s ]
SQL: SELECT * FROM `demo_userrole` WHERE `user_id` = 1  [ RunTime:0.0010s ]
INFO: [ view_parse ] --START--
INFO: [ template_filter ] --START--
INFO: Run Behavior\ContentReplaceBehavior [ RunTime:0.000000s ]
INFO: [ template_filter ] --END-- [ RunTime:0.000000s ]
INFO: Run Behavior\ParseTemplateBehavior [ RunTime:0.013000s ]
INFO: [ view_parse ] --END-- [ RunTime:0.013000s ]
INFO: [ view_filter ] --START--
INFO: Run Behavior\WriteHtmlCacheBehavior [ RunTime:0.001000s ]
INFO: [ view_filter ] --END-- [ RunTime:0.001000s ]
INFO: [ app_end ] --START--
INFO: Run Behavior\ShowPageTraceBehavior [ RunTime:0.001000s ]
INFO: [ app_end ] --END-- [ RunTime:0.001000s ]

[ 2019-07-12T09:46:58+08:00 ] 127.0.0.1 /tp/rbac/index.php/Admin/User/setRole/user_id/1.html
INFO: [ app_init ] --START--
INFO: Run Behavior\BuildLiteBehavior [ RunTime:0.000000s ]
INFO: [ app_init ] --END-- [ RunTime:0.001000s ]
INFO: [ app_begin ] --START--
INFO: Run Behavior\ReadHtmlCacheBehavior [ RunTime:0.000000s ]
INFO: [ app_begin ] --END-- [ RunTime:0.000000s ]
SQL: SHOW COLUMNS FROM `demo_userrole` [ RunTime:0.0100s ]
SQL: SELECT `role_id` FROM `demo_userrole` WHERE `user_id` = 1  [ RunTime:0.0020s ]
SQL: SHOW COLUMNS FROM `demo_user` [ RunTime:0.0070s ]
SQL: SELECT * FROM `demo_user` WHERE `user_id` = 1 LIMIT 1   [ RunTime:0.0010s ]
SQL: SHOW COLUMNS FROM `demo_role` [ RunTime:0.0050s ]
SQL: SELECT * FROM `demo_role` ORDER BY role_id desc  [ RunTime:0.0010s ]
SQL: SELECT * FROM `demo_userrole` WHERE `user_id` = 1  [ RunTime:0.0000s ]
INFO: [ view_parse ] --START--
INFO: [ template_filter ] --START--
INFO: Run Behavior\ContentReplaceBehavior [ RunTime:0.000000s ]
INFO: [ template_filter ] --END-- [ RunTime:0.000000s ]
INFO: Run Behavior\ParseTemplateBehavior [ RunTime:0.015001s ]
INFO: [ view_parse ] --END-- [ RunTime:0.015001s ]
INFO: [ view_filter ] --START--
INFO: Run Behavior\WriteHtmlCacheBehavior [ RunTime:0.001000s ]
INFO: [ view_filter ] --END-- [ RunTime:0.001000s ]
INFO: [ app_end ] --START--
INFO: Run Behavior\ShowPageTraceBehavior [ RunTime:0.001000s ]
INFO: [ app_end ] --END-- [ RunTime:0.001000s ]

[ 2019-07-12T09:47:01+08:00 ] 127.0.0.1 /tp/rbac/index.php/Admin/User/setRole/user_id/1.html
INFO: [ app_init ] --START--
INFO: Run Behavior\BuildLiteBehavior [ RunTime:0.000000s ]
INFO: [ app_init ] --END-- [ RunTime:0.001000s ]
INFO: [ app_begin ] --START--
INFO: Run Behavior\ReadHtmlCacheBehavior [ RunTime:0.001000s ]
INFO: [ app_begin ] --END-- [ RunTime:0.001000s ]
SQL: SHOW COLUMNS FROM `demo_userrole` [ RunTime:0.0100s ]
SQL: SELECT `role_id` FROM `demo_userrole` WHERE `user_id` = 1  [ RunTime:0.0000s ]
SQL: SHOW COLUMNS FROM `demo_user` [ RunTime:0.0110s ]
SQL: SELECT * FROM `demo_user` WHERE `user_id` = 1 LIMIT 1   [ RunTime:0.0010s ]
SQL: SHOW COLUMNS FROM `demo_role` [ RunTime:0.0110s ]
SQL: SELECT * FROM `demo_role` ORDER BY role_id desc  [ RunTime:0.0010s ]
SQL: SELECT * FROM `demo_userrole` WHERE `user_id` = 1  [ RunTime:0.0010s ]
INFO: [ view_parse ] --START--
INFO: [ template_filter ] --START--
INFO: Run Behavior\ContentReplaceBehavior [ RunTime:0.000000s ]
INFO: [ template_filter ] --END-- [ RunTime:0.001000s ]
INFO: Run Behavior\ParseTemplateBehavior [ RunTime:0.016001s ]
INFO: [ view_parse ] --END-- [ RunTime:0.017001s ]
INFO: [ view_filter ] --START--
INFO: Run Behavior\WriteHtmlCacheBehavior [ RunTime:0.001000s ]
INFO: [ view_filter ] --END-- [ RunTime:0.001000s ]
INFO: [ app_end ] --START--
INFO: Run Behavior\ShowPageTraceBehavior [ RunTime:0.001000s ]
INFO: [ app_end ] --END-- [ RunTime:0.002000s ]

[ 2019-07-12T09:47:05+08:00 ] 127.0.0.1 /tp/rbac/index.php/Admin/Role/index.html
INFO: [ app_init ] --START--
INFO: Run Behavior\BuildLiteBehavior [ RunTime:0.000000s ]
INFO: [ app_init ] --END-- [ RunTime:0.000000s ]
INFO: [ app_begin ] --START--
INFO: Run Behavior\ReadHtmlCacheBehavior [ RunTime:0.001000s ]
INFO: [ app_begin ] --END-- [ RunTime:0.001000s ]
SQL: SHOW COLUMNS FROM `demo_userrole` [ RunTime:0.0080s ]
SQL: SELECT `role_id` FROM `demo_userrole` WHERE `user_id` = 1  [ RunTime:0.0010s ]
SQL: SHOW COLUMNS FROM `demo_role` [ RunTime:0.0090s ]
SQL: SELECT * FROM `demo_role`  [ RunTime:0.0010s ]
INFO: [ view_parse ] --START--
INFO: [ template_filter ] --START--
INFO: Run Behavior\ContentReplaceBehavior [ RunTime:0.000000s ]
INFO: [ template_filter ] --END-- [ RunTime:0.000000s ]
NOTIC: [8] Undefined index: goods_id F:\work\php\tp\rbac\application\Runtime\Cache\Admin\be88cc911227d4f6c688434ac9990c5d.php 第 215 行.
NOTIC: [8] Undefined index: goods_id F:\work\php\tp\rbac\application\Runtime\Cache\Admin\be88cc911227d4f6c688434ac9990c5d.php 第 215 行.
NOTIC: [8] Undefined index: goods_id F:\work\php\tp\rbac\application\Runtime\Cache\Admin\be88cc911227d4f6c688434ac9990c5d.php 第 215 行.
NOTIC: [8] Undefined index: goods_id F:\work\php\tp\rbac\application\Runtime\Cache\Admin\be88cc911227d4f6c688434ac9990c5d.php 第 215 行.
NOTIC: [8] Undefined variable: page F:\work\php\tp\rbac\application\Runtime\Cache\Admin\be88cc911227d4f6c688434ac9990c5d.php 第 227 行.
INFO: Run Behavior\ParseTemplateBehavior [ RunTime:0.015001s ]
INFO: [ view_parse ] --END-- [ RunTime:0.015001s ]
INFO: [ view_filter ] --START--
INFO: Run Behavior\WriteHtmlCacheBehavior [ RunTime:0.000000s ]
INFO: [ view_filter ] --END-- [ RunTime:0.000000s ]
INFO: [ app_end ] --START--
INFO: Run Behavior\ShowPageTraceBehavior [ RunTime:0.000000s ]
INFO: [ app_end ] --END-- [ RunTime:0.001000s ]

[ 2019-07-12T09:47:09+08:00 ] 127.0.0.1 /tp/rbac/index.php/Admin/Role/index.html
INFO: [ app_init ] --START--
INFO: Run Behavior\BuildLiteBehavior [ RunTime:0.000000s ]
INFO: [ app_init ] --END-- [ RunTime:0.000000s ]
INFO: [ app_begin ] --START--
INFO: Run Behavior\ReadHtmlCacheBehavior [ RunTime:0.000000s ]
INFO: [ app_begin ] --END-- [ RunTime:0.000000s ]
SQL: SHOW COLUMNS FROM `demo_userrole` [ RunTime:0.0080s ]
SQL: SELECT `role_id` FROM `demo_userrole` WHERE `user_id` = 1  [ RunTime:0.0010s ]
SQL: SHOW COLUMNS FROM `demo_role` [ RunTime:0.0070s ]
SQL: SELECT * FROM `demo_role`  [ RunTime:0.0000s ]
INFO: [ view_parse ] --START--
INFO: [ template_filter ] --START--
INFO: Run Behavior\ContentReplaceBehavior [ RunTime:0.000000s ]
INFO: [ template_filter ] --END-- [ RunTime:0.000000s ]
NOTIC: [8] Undefined index: goods_id F:\work\php\tp\rbac\application\Runtime\Cache\Admin\be88cc911227d4f6c688434ac9990c5d.php 第 215 行.
NOTIC: [8] Undefined index: goods_id F:\work\php\tp\rbac\application\Runtime\Cache\Admin\be88cc911227d4f6c688434ac9990c5d.php 第 215 行.
NOTIC: [8] Undefined index: goods_id F:\work\php\tp\rbac\application\Runtime\Cache\Admin\be88cc911227d4f6c688434ac9990c5d.php 第 215 行.
NOTIC: [8] Undefined index: goods_id F:\work\php\tp\rbac\application\Runtime\Cache\Admin\be88cc911227d4f6c688434ac9990c5d.php 第 215 行.
NOTIC: [8] Undefined variable: page F:\work\php\tp\rbac\application\Runtime\Cache\Admin\be88cc911227d4f6c688434ac9990c5d.php 第 227 行.
INFO: Run Behavior\ParseTemplateBehavior [ RunTime:0.012001s ]
INFO: [ view_parse ] --END-- [ RunTime:0.012001s ]
INFO: [ view_filter ] --START--
INFO: Run Behavior\WriteHtmlCacheBehavior [ RunTime:0.001000s ]
INFO: [ view_filter ] --END-- [ RunTime:0.001000s ]
INFO: [ app_end ] --START--
INFO: Run Behavior\ShowPageTraceBehavior [ RunTime:0.001000s ]
INFO: [ app_end ] --END-- [ RunTime:0.001000s ]

[ 2019-07-12T09:48:11+08:00 ] 127.0.0.1 /tp/rbac/index.php/Admin/Role/index.html
INFO: [ app_init ] --START--
INFO: Run Behavior\BuildLiteBehavior [ RunTime:0.000000s ]
INFO: [ app_init ] --END-- [ RunTime:0.001000s ]
INFO: [ app_begin ] --START--
INFO: Run Behavior\ReadHtmlCacheBehavior [ RunTime:0.001000s ]
INFO: [ app_begin ] --END-- [ RunTime:0.001000s ]
SQL: SHOW COLUMNS FROM `demo_userrole` [ RunTime:0.0190s ]
SQL: SELECT `role_id` FROM `demo_userrole` WHERE `user_id` = 1  [ RunTime:0.0000s ]
SQL: SHOW COLUMNS FROM `demo_role` [ RunTime:0.0060s ]
SQL: SELECT * FROM `demo_role`  [ RunTime:0.0010s ]
INFO: [ view_parse ] --START--
INFO: [ template_filter ] --START--
INFO: Run Behavior\ContentReplaceBehavior [ RunTime:0.000000s ]
INFO: [ template_filter ] --END-- [ RunTime:0.000000s ]
NOTIC: [8] Undefined variable: page F:\work\php\tp\rbac\application\Runtime\Cache\Admin\be88cc911227d4f6c688434ac9990c5d.php 第 227 行.
INFO: Run Behavior\ParseTemplateBehavior [ RunTime:0.018001s ]
INFO: [ view_parse ] --END-- [ RunTime:0.018001s ]
INFO: [ view_filter ] --START--
INFO: Run Behavior\WriteHtmlCacheBehavior [ RunTime:0.002000s ]
INFO: [ view_filter ] --END-- [ RunTime:0.002000s ]
INFO: [ app_end ] --START--
INFO: Run Behavior\ShowPageTraceBehavior [ RunTime:0.001000s ]
INFO: [ app_end ] --END-- [ RunTime:0.002000s ]

[ 2019-07-12T09:48:13+08:00 ] 127.0.0.1 /tp/rbac/index.php/Admin/User/index.html
INFO: [ app_init ] --START--
INFO: Run Behavior\BuildLiteBehavior [ RunTime:0.000000s ]
INFO: [ app_init ] --END-- [ RunTime:0.000000s ]
INFO: [ app_begin ] --START--
INFO: Run Behavior\ReadHtmlCacheBehavior [ RunTime:0.001000s ]
INFO: [ app_begin ] --END-- [ RunTime:0.001000s ]
SQL: SHOW COLUMNS FROM `demo_userrole` [ RunTime:0.0120s ]
SQL: SELECT `role_id` FROM `demo_userrole` WHERE `user_id` = 1  [ RunTime:0.0010s ]
SQL: SHOW COLUMNS FROM `demo_user` [ RunTime:0.0110s ]
SQL: SELECT * FROM `demo_user`  [ RunTime:0.0000s ]
INFO: [ view_parse ] --START--
INFO: [ template_filter ] --START--
INFO: Run Behavior\ContentReplaceBehavior [ RunTime:0.000000s ]
INFO: [ template_filter ] --END-- [ RunTime:0.000000s ]
NOTIC: [8] Undefined index: goods_id F:\work\php\tp\rbac\application\Runtime\Cache\Admin\6899632fbb48cba253816c451e300c29.php 第 224 行.
NOTIC: [8] Undefined index: goods_id F:\work\php\tp\rbac\application\Runtime\Cache\Admin\6899632fbb48cba253816c451e300c29.php 第 224 行.
NOTIC: [8] Undefined index: goods_id F:\work\php\tp\rbac\application\Runtime\Cache\Admin\6899632fbb48cba253816c451e300c29.php 第 224 行.
NOTIC: [8] Undefined variable: page F:\work\php\tp\rbac\application\Runtime\Cache\Admin\6899632fbb48cba253816c451e300c29.php 第 236 行.
INFO: Run Behavior\ParseTemplateBehavior [ RunTime:0.020001s ]
INFO: [ view_parse ] --END-- [ RunTime:0.020001s ]
INFO: [ view_filter ] --START--
INFO: Run Behavior\WriteHtmlCacheBehavior [ RunTime:0.001000s ]
INFO: [ view_filter ] --END-- [ RunTime:0.001000s ]
INFO: [ app_end ] --START--
INFO: Run Behavior\ShowPageTraceBehavior [ RunTime:0.001000s ]
INFO: [ app_end ] --END-- [ RunTime:0.001000s ]

[ 2019-07-12T09:48:20+08:00 ] 127.0.0.1 /tp/rbac/index.php/Admin/User/setRole/user_id/1.html
INFO: [ app_init ] --START--
INFO: Run Behavior\BuildLiteBehavior [ RunTime:0.000000s ]
INFO: [ app_init ] --END-- [ RunTime:0.001000s ]
INFO: [ app_begin ] --START--
INFO: Run Behavior\ReadHtmlCacheBehavior [ RunTime:0.001000s ]
INFO: [ app_begin ] --END-- [ RunTime:0.001000s ]
SQL: SHOW COLUMNS FROM `demo_userrole` [ RunTime:0.0080s ]
SQL: SELECT `role_id` FROM `demo_userrole` WHERE `user_id` = 1  [ RunTime:0.0000s ]
SQL: SHOW COLUMNS FROM `demo_user` [ RunTime:0.0090s ]
SQL: SELECT * FROM `demo_user` WHERE `user_id` = 1 LIMIT 1   [ RunTime:0.0010s ]
SQL: SHOW COLUMNS FROM `demo_role` [ RunTime:0.0040s ]
SQL: SELECT * FROM `demo_role` ORDER BY role_id desc  [ RunTime:0.0010s ]
SQL: SELECT * FROM `demo_userrole` WHERE `user_id` = 1  [ RunTime:0.0000s ]
INFO: [ view_parse ] --START--
INFO: [ template_filter ] --START--
INFO: Run Behavior\ContentReplaceBehavior [ RunTime:0.000000s ]
INFO: [ template_filter ] --END-- [ RunTime:0.001001s ]
INFO: Run Behavior\ParseTemplateBehavior [ RunTime:0.012001s ]
INFO: [ view_parse ] --END-- [ RunTime:0.012001s ]
INFO: [ view_filter ] --START--
INFO: Run Behavior\WriteHtmlCacheBehavior [ RunTime:0.001000s ]
INFO: [ view_filter ] --END-- [ RunTime:0.001000s ]
INFO: [ app_end ] --START--
INFO: Run Behavior\ShowPageTraceBehavior [ RunTime:0.001000s ]
INFO: [ app_end ] --END-- [ RunTime:0.002000s ]

[ 2019-07-12T09:48:26+08:00 ] 127.0.0.1 /tp/rbac/index.php/Admin/Role/index.html
INFO: [ app_init ] --START--
INFO: Run Behavior\BuildLiteBehavior [ RunTime:0.000000s ]
INFO: [ app_init ] --END-- [ RunTime:0.001000s ]
INFO: [ app_begin ] --START--
INFO: Run Behavior\ReadHtmlCacheBehavior [ RunTime:0.001000s ]
INFO: [ app_begin ] --END-- [ RunTime:0.001000s ]
SQL: SHOW COLUMNS FROM `demo_userrole` [ RunTime:0.0130s ]
SQL: SELECT `role_id` FROM `demo_userrole` WHERE `user_id` = 1  [ RunTime:0.0000s ]
SQL: SHOW COLUMNS FROM `demo_role` [ RunTime:0.0110s ]
SQL: SELECT * FROM `demo_role`  [ RunTime:0.0010s ]
INFO: [ view_parse ] --START--
INFO: [ template_filter ] --START--
INFO: Run Behavior\ContentReplaceBehavior [ RunTime:0.000000s ]
INFO: [ template_filter ] --END-- [ RunTime:0.000000s ]
NOTIC: [8] Undefined variable: page F:\work\php\tp\rbac\application\Runtime\Cache\Admin\be88cc911227d4f6c688434ac9990c5d.php 第 227 行.
INFO: Run Behavior\ParseTemplateBehavior [ RunTime:0.017001s ]
INFO: [ view_parse ] --END-- [ RunTime:0.017001s ]
INFO: [ view_filter ] --START--
INFO: Run Behavior\WriteHtmlCacheBehavior [ RunTime:0.000000s ]
INFO: [ view_filter ] --END-- [ RunTime:0.000000s ]
INFO: [ app_end ] --START--
INFO: Run Behavior\ShowPageTraceBehavior [ RunTime:0.001000s ]
INFO: [ app_end ] --END-- [ RunTime:0.001000s ]

[ 2019-07-12T09:48:31+08:00 ] 127.0.0.1 /tp/rbac/index.php/Admin/Auth/index.html
INFO: [ app_init ] --START--
INFO: Run Behavior\BuildLiteBehavior [ RunTime:0.000000s ]
INFO: [ app_init ] --END-- [ RunTime:0.001000s ]
INFO: [ app_begin ] --START--
INFO: Run Behavior\ReadHtmlCacheBehavior [ RunTime:0.000000s ]
INFO: [ app_begin ] --END-- [ RunTime:0.000000s ]
SQL: SHOW COLUMNS FROM `demo_userrole` [ RunTime:0.0120s ]
SQL: SELECT `role_id` FROM `demo_userrole` WHERE `user_id` = 1  [ RunTime:0.0010s ]
SQL: SHOW COLUMNS FROM `demo_auth` [ RunTime:0.0110s ]
SQL: SELECT * FROM `demo_auth`  [ RunTime:0.0010s ]
INFO: [ view_parse ] --START--
INFO: [ template_filter ] --START--
INFO: Run Behavior\ContentReplaceBehavior [ RunTime:0.000000s ]
INFO: [ template_filter ] --END-- [ RunTime:0.000000s ]
NOTIC: [8] Undefined index: goods_id F:\work\php\tp\rbac\application\Runtime\Cache\Admin\251a88f734ff8a5cf55612831f111262.php 第 222 行.
NOTIC: [8] Undefined index: goods_id F:\work\php\tp\rbac\application\Runtime\Cache\Admin\251a88f734ff8a5cf55612831f111262.php 第 222 行.
NOTIC: [8] Undefined index: goods_id F:\work\php\tp\rbac\application\Runtime\Cache\Admin\251a88f734ff8a5cf55612831f111262.php 第 222 行.
NOTIC: [8] Undefined index: goods_id F:\work\php\tp\rbac\application\Runtime\Cache\Admin\251a88f734ff8a5cf55612831f111262.php 第 222 行.
NOTIC: [8] Undefined index: goods_id F:\work\php\tp\rbac\application\Runtime\Cache\Admin\251a88f734ff8a5cf55612831f111262.php 第 222 行.
NOTIC: [8] Undefined index: goods_id F:\work\php\tp\rbac\application\Runtime\Cache\Admin\251a88f734ff8a5cf55612831f111262.php 第 222 行.
NOTIC: [8] Undefined variable: page F:\work\php\tp\rbac\application\Runtime\Cache\Admin\251a88f734ff8a5cf55612831f111262.php 第 234 行.
INFO: Run Behavior\ParseTemplateBehavior [ RunTime:0.016001s ]
INFO: [ view_parse ] --END-- [ RunTime:0.016001s ]
INFO: [ view_filter ] --START--
INFO: Run Behavior\WriteHtmlCacheBehavior [ RunTime:0.001000s ]
INFO: [ view_filter ] --END-- [ RunTime:0.001000s ]
INFO: [ app_end ] --START--
INFO: Run Behavior\ShowPageTraceBehavior [ RunTime:0.001000s ]
INFO: [ app_end ] --END-- [ RunTime:0.001000s ]

[ 2019-07-12T09:48:40+08:00 ] 127.0.0.1 /tp/rbac/index.php/Admin/User/index.html
INFO: [ app_init ] --START--
INFO: Run Behavior\BuildLiteBehavior [ RunTime:0.000000s ]
INFO: [ app_init ] --END-- [ RunTime:0.001000s ]
INFO: [ app_begin ] --START--
INFO: Run Behavior\ReadHtmlCacheBehavior [ RunTime:0.002000s ]
INFO: [ app_begin ] --END-- [ RunTime:0.002000s ]
SQL: SHOW COLUMNS FROM `demo_userrole` [ RunTime:0.0140s ]
SQL: SELECT `role_id` FROM `demo_userrole` WHERE `user_id` = 1  [ RunTime:0.0010s ]
SQL: SHOW COLUMNS FROM `demo_user` [ RunTime:0.0090s ]
SQL: SELECT * FROM `demo_user`  [ RunTime:0.0010s ]
INFO: [ view_parse ] --START--
INFO: [ template_filter ] --START--
INFO: Run Behavior\ContentReplaceBehavior [ RunTime:0.001000s ]
INFO: [ template_filter ] --END-- [ RunTime:0.001000s ]
NOTIC: [8] Undefined index: goods_id F:\work\php\tp\rbac\application\Runtime\Cache\Admin\6899632fbb48cba253816c451e300c29.php 第 224 行.
NOTIC: [8] Undefined index: goods_id F:\work\php\tp\rbac\application\Runtime\Cache\Admin\6899632fbb48cba253816c451e300c29.php 第 224 行.
NOTIC: [8] Undefined index: goods_id F:\work\php\tp\rbac\application\Runtime\Cache\Admin\6899632fbb48cba253816c451e300c29.php 第 224 行.
NOTIC: [8] Undefined variable: page F:\work\php\tp\rbac\application\Runtime\Cache\Admin\6899632fbb48cba253816c451e300c29.php 第 236 行.
INFO: Run Behavior\ParseTemplateBehavior [ RunTime:0.020002s ]
INFO: [ view_parse ] --END-- [ RunTime:0.020002s ]
INFO: [ view_filter ] --START--
INFO: Run Behavior\WriteHtmlCacheBehavior [ RunTime:0.001000s ]
INFO: [ view_filter ] --END-- [ RunTime:0.001000s ]
INFO: [ app_end ] --START--
INFO: Run Behavior\ShowPageTraceBehavior [ RunTime:0.001000s ]
INFO: [ app_end ] --END-- [ RunTime:0.001000s ]

[ 2019-07-12T09:48:48+08:00 ] 127.0.0.1 /tp/rbac/index.php/Admin/Role/index.html
INFO: [ app_init ] --START--
INFO: Run Behavior\BuildLiteBehavior [ RunTime:0.000000s ]
INFO: [ app_init ] --END-- [ RunTime:0.001000s ]
INFO: [ app_begin ] --START--
INFO: Run Behavior\ReadHtmlCacheBehavior [ RunTime:0.000000s ]
INFO: [ app_begin ] --END-- [ RunTime:0.000000s ]
SQL: SHOW COLUMNS FROM `demo_userrole` [ RunTime:0.0130s ]
SQL: SELECT `role_id` FROM `demo_userrole` WHERE `user_id` = 1  [ RunTime:0.0010s ]
SQL: SHOW COLUMNS FROM `demo_role` [ RunTime:0.0130s ]
SQL: SELECT * FROM `demo_role`  [ RunTime:0.0010s ]
INFO: [ view_parse ] --START--
INFO: [ template_filter ] --START--
INFO: Run Behavior\ContentReplaceBehavior [ RunTime:0.000000s ]
INFO: [ template_filter ] --END-- [ RunTime:0.000000s ]
NOTIC: [8] Undefined variable: page F:\work\php\tp\rbac\application\Runtime\Cache\Admin\be88cc911227d4f6c688434ac9990c5d.php 第 227 行.
INFO: Run Behavior\ParseTemplateBehavior [ RunTime:0.016001s ]
INFO: [ view_parse ] --END-- [ RunTime:0.016001s ]
INFO: [ view_filter ] --START--
INFO: Run Behavior\WriteHtmlCacheBehavior [ RunTime:0.001000s ]
INFO: [ view_filter ] --END-- [ RunTime:0.001000s ]
INFO: [ app_end ] --START--
INFO: Run Behavior\ShowPageTraceBehavior [ RunTime:0.001001s ]
INFO: [ app_end ] --END-- [ RunTime:0.001001s ]

[ 2019-07-12T09:48:53+08:00 ] 127.0.0.1 /tp/rbac/index.php/Admin/Role/add.html
INFO: [ app_init ] --START--
INFO: Run Behavior\BuildLiteBehavior [ RunTime:0.000000s ]
INFO: [ app_init ] --END-- [ RunTime:0.004000s ]
INFO: [ app_begin ] --START--
INFO: Run Behavior\ReadHtmlCacheBehavior [ RunTime:0.000000s ]
INFO: [ app_begin ] --END-- [ RunTime:0.000000s ]
SQL: SHOW COLUMNS FROM `demo_userrole` [ RunTime:0.0140s ]
SQL: SELECT `role_id` FROM `demo_userrole` WHERE `user_id` = 1  [ RunTime:0.0010s ]
INFO: [ view_parse ] --START--
INFO: [ template_filter ] --START--
INFO: Run Behavior\ContentReplaceBehavior [ RunTime:0.000000s ]
INFO: [ template_filter ] --END-- [ RunTime:0.000000s ]
NOTIC: [8] Undefined variable: role_info F:\work\php\tp\rbac\application\Runtime\Cache\Admin\4185b2c59863c2cbeb2ed175be0c7ebd.php 第 163 行.
NOTIC: [8] Undefined variable: role_info F:\work\php\tp\rbac\application\Runtime\Cache\Admin\4185b2c59863c2cbeb2ed175be0c7ebd.php 第 175 行.
NOTIC: [8] Undefined variable: parent_auth F:\work\php\tp\rbac\application\Runtime\Cache\Admin\4185b2c59863c2cbeb2ed175be0c7ebd.php 第 205 行.
INFO: Run Behavior\ParseTemplateBehavior [ RunTime:0.043003s ]
INFO: [ view_parse ] --END-- [ RunTime:0.043003s ]
INFO: [ view_filter ] --START--
INFO: Run Behavior\WriteHtmlCacheBehavior [ RunTime:0.001000s ]
INFO: [ view_filter ] --END-- [ RunTime:0.001000s ]
INFO: [ app_end ] --START--
INFO: Run Behavior\ShowPageTraceBehavior [ RunTime:0.001000s ]
INFO: [ app_end ] --END-- [ RunTime:0.002000s ]

[ 2019-07-12T09:49:00+08:00 ] 127.0.0.1 /tp/rbac/index.php/Admin/Role/confirmSet.html
INFO: [ app_init ] --START--
INFO: Run Behavior\BuildLiteBehavior [ RunTime:0.000000s ]
INFO: [ app_init ] --END-- [ RunTime:0.001000s ]
INFO: [ app_begin ] --START--
INFO: Run Behavior\ReadHtmlCacheBehavior [ RunTime:0.000000s ]
INFO: [ app_begin ] --END-- [ RunTime:0.000000s ]
SQL: SHOW COLUMNS FROM `demo_userrole` [ RunTime:0.0040s ]
SQL: SELECT `role_id` FROM `demo_userrole` WHERE `user_id` = 1  [ RunTime:0.0000s ]
SQL: SHOW COLUMNS FROM `demo_role` [ RunTime:0.0030s ]
SQL: SELECT * FROM `demo_role` WHERE `role_name` = '管理员' LIMIT 1   [ RunTime:0.0010s ]
SQL: INSERT INTO `demo_role` (`role_name`,`created_time`) VALUES ('管理员','1562896140') [ RunTime:0.0000s ]

[ 2019-07-12T09:49:01+08:00 ] 127.0.0.1 /tp/rbac/index.php/Admin/Role/index.html
INFO: [ app_init ] --START--
INFO: Run Behavior\BuildLiteBehavior [ RunTime:0.000000s ]
INFO: [ app_init ] --END-- [ RunTime:0.001000s ]
INFO: [ app_begin ] --START--
INFO: Run Behavior\ReadHtmlCacheBehavior [ RunTime:0.000000s ]
INFO: [ app_begin ] --END-- [ RunTime:0.000000s ]
SQL: SHOW COLUMNS FROM `demo_userrole` [ RunTime:0.0040s ]
SQL: SELECT `role_id` FROM `demo_userrole` WHERE `user_id` = 1  [ RunTime:0.0000s ]
SQL: SHOW COLUMNS FROM `demo_role` [ RunTime:0.0040s ]
SQL: SELECT * FROM `demo_role`  [ RunTime:0.0010s ]
INFO: [ view_parse ] --START--
INFO: [ template_filter ] --START--
INFO: Run Behavior\ContentReplaceBehavior [ RunTime:0.000000s ]
INFO: [ template_filter ] --END-- [ RunTime:0.000000s ]
NOTIC: [8] Undefined index: goods_id F:\work\php\tp\rbac\application\Runtime\Cache\Admin\be88cc911227d4f6c688434ac9990c5d.php 第 215 行.
NOTIC: [8] Undefined variable: page F:\work\php\tp\rbac\application\Runtime\Cache\Admin\be88cc911227d4f6c688434ac9990c5d.php 第 227 行.
INFO: Run Behavior\ParseTemplateBehavior [ RunTime:0.009000s ]
INFO: [ view_parse ] --END-- [ RunTime:0.009000s ]
INFO: [ view_filter ] --START--
INFO: Run Behavior\WriteHtmlCacheBehavior [ RunTime:0.001001s ]
INFO: [ view_filter ] --END-- [ RunTime:0.001001s ]
INFO: [ app_end ] --START--
INFO: Run Behavior\ShowPageTraceBehavior [ RunTime:0.001000s ]
INFO: [ app_end ] --END-- [ RunTime:0.001000s ]

[ 2019-07-12T09:49:09+08:00 ] 127.0.0.1 /tp/rbac/index.php/Admin/Role/add.html
INFO: [ app_init ] --START--
INFO: Run Behavior\BuildLiteBehavior [ RunTime:0.000000s ]
INFO: [ app_init ] --END-- [ RunTime:0.001000s ]
INFO: [ app_begin ] --START--
INFO: Run Behavior\ReadHtmlCacheBehavior [ RunTime:0.001000s ]
INFO: [ app_begin ] --END-- [ RunTime:0.001000s ]
SQL: SHOW COLUMNS FROM `demo_userrole` [ RunTime:0.0080s ]
SQL: SELECT `role_id` FROM `demo_userrole` WHERE `user_id` = 1  [ RunTime:0.0000s ]
INFO: [ view_parse ] --START--
INFO: [ template_filter ] --START--
INFO: Run Behavior\ContentReplaceBehavior [ RunTime:0.000000s ]
INFO: [ template_filter ] --END-- [ RunTime:0.000000s ]
NOTIC: [8] Undefined variable: role_info F:\work\php\tp\rbac\application\Runtime\Cache\Admin\4185b2c59863c2cbeb2ed175be0c7ebd.php 第 163 行.
NOTIC: [8] Undefined variable: role_info F:\work\php\tp\rbac\application\Runtime\Cache\Admin\4185b2c59863c2cbeb2ed175be0c7ebd.php 第 175 行.
NOTIC: [8] Undefined variable: parent_auth F:\work\php\tp\rbac\application\Runtime\Cache\Admin\4185b2c59863c2cbeb2ed175be0c7ebd.php 第 205 行.
INFO: Run Behavior\ParseTemplateBehavior [ RunTime:0.021001s ]
INFO: [ view_parse ] --END-- [ RunTime:0.021001s ]
INFO: [ view_filter ] --START--
INFO: Run Behavior\WriteHtmlCacheBehavior [ RunTime:0.001001s ]
INFO: [ view_filter ] --END-- [ RunTime:0.001001s ]
INFO: [ app_end ] --START--
INFO: Run Behavior\ShowPageTraceBehavior [ RunTime:0.002000s ]
INFO: [ app_end ] --END-- [ RunTime:0.002000s ]

[ 2019-07-12T09:49:14+08:00 ] 127.0.0.1 /tp/rbac/index.php/Admin/Role/confirmSet.html
INFO: [ app_init ] --START--
INFO: Run Behavior\BuildLiteBehavior [ RunTime:0.000000s ]
INFO: [ app_init ] --END-- [ RunTime:0.001000s ]
INFO: [ app_begin ] --START--
INFO: Run Behavior\ReadHtmlCacheBehavior [ RunTime:0.003000s ]
INFO: [ app_begin ] --END-- [ RunTime:0.003000s ]
SQL: SHOW COLUMNS FROM `demo_userrole` [ RunTime:0.0130s ]
SQL: SELECT `role_id` FROM `demo_userrole` WHERE `user_id` = 1  [ RunTime:0.0010s ]
SQL: SHOW COLUMNS FROM `demo_role` [ RunTime:0.0130s ]
SQL: SELECT * FROM `demo_role` WHERE `role_name` = '主管' LIMIT 1   [ RunTime:0.0010s ]
SQL: INSERT INTO `demo_role` (`role_name`,`created_time`) VALUES ('主管','1562896154') [ RunTime:0.0010s ]

[ 2019-07-12T09:49:15+08:00 ] 127.0.0.1 /tp/rbac/index.php/Admin/Role/index.html
INFO: [ app_init ] --START--
INFO: Run Behavior\BuildLiteBehavior [ RunTime:0.000000s ]
INFO: [ app_init ] --END-- [ RunTime:0.001000s ]
INFO: [ app_begin ] --START--
INFO: Run Behavior\ReadHtmlCacheBehavior [ RunTime:0.001000s ]
INFO: [ app_begin ] --END-- [ RunTime:0.001000s ]
SQL: SHOW COLUMNS FROM `demo_userrole` [ RunTime:0.0120s ]
SQL: SELECT `role_id` FROM `demo_userrole` WHERE `user_id` = 1  [ RunTime:0.0000s ]
SQL: SHOW COLUMNS FROM `demo_role` [ RunTime:0.0070s ]
SQL: SELECT * FROM `demo_role`  [ RunTime:0.0000s ]
INFO: [ view_parse ] --START--
INFO: [ template_filter ] --START--
INFO: Run Behavior\ContentReplaceBehavior [ RunTime:0.000000s ]
INFO: [ template_filter ] --END-- [ RunTime:0.000000s ]
NOTIC: [8] Undefined index: goods_id F:\work\php\tp\rbac\application\Runtime\Cache\Admin\be88cc911227d4f6c688434ac9990c5d.php 第 215 行.
NOTIC: [8] Undefined index: goods_id F:\work\php\tp\rbac\application\Runtime\Cache\Admin\be88cc911227d4f6c688434ac9990c5d.php 第 215 行.
NOTIC: [8] Undefined variable: page F:\work\php\tp\rbac\application\Runtime\Cache\Admin\be88cc911227d4f6c688434ac9990c5d.php 第 227 行.
INFO: Run Behavior\ParseTemplateBehavior [ RunTime:0.019001s ]
INFO: [ view_parse ] --END-- [ RunTime:0.019001s ]
INFO: [ view_filter ] --START--
INFO: Run Behavior\WriteHtmlCacheBehavior [ RunTime:0.001000s ]
INFO: [ view_filter ] --END-- [ RunTime:0.001000s ]
INFO: [ app_end ] --START--
INFO: Run Behavior\ShowPageTraceBehavior [ RunTime:0.001000s ]
INFO: [ app_end ] --END-- [ RunTime:0.001000s ]

[ 2019-07-12T09:49:18+08:00 ] 127.0.0.1 /tp/rbac/index.php/Admin/Role/add.html
INFO: [ app_init ] --START--
INFO: Run Behavior\BuildLiteBehavior [ RunTime:0.000000s ]
INFO: [ app_init ] --END-- [ RunTime:0.001000s ]
INFO: [ app_begin ] --START--
INFO: Run Behavior\ReadHtmlCacheBehavior [ RunTime:0.000000s ]
INFO: [ app_begin ] --END-- [ RunTime:0.000000s ]
SQL: SHOW COLUMNS FROM `demo_userrole` [ RunTime:0.0140s ]
SQL: SELECT `role_id` FROM `demo_userrole` WHERE `user_id` = 1  [ RunTime:0.0010s ]
INFO: [ view_parse ] --START--
INFO: [ template_filter ] --START--
INFO: Run Behavior\ContentReplaceBehavior [ RunTime:0.000000s ]
INFO: [ template_filter ] --END-- [ RunTime:0.000000s ]
NOTIC: [8] Undefined variable: role_info F:\work\php\tp\rbac\application\Runtime\Cache\Admin\4185b2c59863c2cbeb2ed175be0c7ebd.php 第 163 行.
NOTIC: [8] Undefined variable: role_info F:\work\php\tp\rbac\application\Runtime\Cache\Admin\4185b2c59863c2cbeb2ed175be0c7ebd.php 第 175 行.
NOTIC: [8] Undefined variable: parent_auth F:\work\php\tp\rbac\application\Runtime\Cache\Admin\4185b2c59863c2cbeb2ed175be0c7ebd.php 第 205 行.
INFO: Run Behavior\ParseTemplateBehavior [ RunTime:0.021001s ]
INFO: [ view_parse ] --END-- [ RunTime:0.021001s ]
INFO: [ view_filter ] --START--
INFO: Run Behavior\WriteHtmlCacheBehavior [ RunTime:0.001000s ]
INFO: [ view_filter ] --END-- [ RunTime:0.002000s ]
INFO: [ app_end ] --START--
INFO: Run Behavior\ShowPageTraceBehavior [ RunTime:0.002000s ]
INFO: [ app_end ] --END-- [ RunTime:0.002000s ]

[ 2019-07-12T09:49:23+08:00 ] 127.0.0.1 /tp/rbac/index.php/Admin/Role/confirmSet.html
INFO: [ app_init ] --START--
INFO: Run Behavior\BuildLiteBehavior [ RunTime:0.000000s ]
INFO: [ app_init ] --END-- [ RunTime:0.001000s ]
INFO: [ app_begin ] --START--
INFO: Run Behavior\ReadHtmlCacheBehavior [ RunTime:0.002000s ]
INFO: [ app_begin ] --END-- [ RunTime:0.002000s ]
SQL: SHOW COLUMNS FROM `demo_userrole` [ RunTime:0.0140s ]
SQL: SELECT `role_id` FROM `demo_userrole` WHERE `user_id` = 1  [ RunTime:0.0010s ]
SQL: SHOW COLUMNS FROM `demo_role` [ RunTime:0.0070s ]
SQL: SELECT * FROM `demo_role` WHERE `role_name` = '客服' LIMIT 1   [ RunTime:0.0000s ]
SQL: INSERT INTO `demo_role` (`role_name`,`created_time`) VALUES ('客服','1562896163') [ RunTime:0.0010s ]

[ 2019-07-12T09:49:24+08:00 ] 127.0.0.1 /tp/rbac/index.php/Admin/Role/index.html
INFO: [ app_init ] --START--
INFO: Run Behavior\BuildLiteBehavior [ RunTime:0.000000s ]
INFO: [ app_init ] --END-- [ RunTime:0.001000s ]
INFO: [ app_begin ] --START--
INFO: Run Behavior\ReadHtmlCacheBehavior [ RunTime:0.001000s ]
INFO: [ app_begin ] --END-- [ RunTime:0.001000s ]
SQL: SHOW COLUMNS FROM `demo_userrole` [ RunTime:0.0080s ]
SQL: SELECT `role_id` FROM `demo_userrole` WHERE `user_id` = 1  [ RunTime:0.0010s ]
SQL: SHOW COLUMNS FROM `demo_role` [ RunTime:0.0070s ]
SQL: SELECT * FROM `demo_role`  [ RunTime:0.0000s ]
INFO: [ view_parse ] --START--
INFO: [ template_filter ] --START--
INFO: Run Behavior\ContentReplaceBehavior [ RunTime:0.000000s ]
INFO: [ template_filter ] --END-- [ RunTime:0.000000s ]
NOTIC: [8] Undefined index: goods_id F:\work\php\tp\rbac\application\Runtime\Cache\Admin\be88cc911227d4f6c688434ac9990c5d.php 第 215 行.
NOTIC: [8] Undefined index: goods_id F:\work\php\tp\rbac\application\Runtime\Cache\Admin\be88cc911227d4f6c688434ac9990c5d.php 第 215 行.
NOTIC: [8] Undefined index: goods_id F:\work\php\tp\rbac\application\Runtime\Cache\Admin\be88cc911227d4f6c688434ac9990c5d.php 第 215 行.
NOTIC: [8] Undefined variable: page F:\work\php\tp\rbac\application\Runtime\Cache\Admin\be88cc911227d4f6c688434ac9990c5d.php 第 227 行.
INFO: Run Behavior\ParseTemplateBehavior [ RunTime:0.018001s ]
INFO: [ view_parse ] --END-- [ RunTime:0.019001s ]
INFO: [ view_filter ] --START--
INFO: Run Behavior\WriteHtmlCacheBehavior [ RunTime:0.001000s ]
INFO: [ view_filter ] --END-- [ RunTime:0.001000s ]
INFO: [ app_end ] --START--
INFO: Run Behavior\ShowPageTraceBehavior [ RunTime:0.002000s ]
INFO: [ app_end ] --END-- [ RunTime:0.002000s ]

[ 2019-07-12T09:49:38+08:00 ] 127.0.0.1 /tp/rbac/index.php/Admin/Role/setAuth/role_id/6.html
INFO: [ app_init ] --START--
INFO: Run Behavior\BuildLiteBehavior [ RunTime:0.000000s ]
INFO: [ app_init ] --END-- [ RunTime:0.000000s ]
INFO: [ app_begin ] --START--
INFO: Run Behavior\ReadHtmlCacheBehavior [ RunTime:0.001000s ]
INFO: [ app_begin ] --END-- [ RunTime:0.001000s ]
SQL: SHOW COLUMNS FROM `demo_userrole` [ RunTime:0.0100s ]
SQL: SELECT `role_id` FROM `demo_userrole` WHERE `user_id` = 1  [ RunTime:0.0000s ]
SQL: SHOW COLUMNS FROM `demo_role` [ RunTime:0.0100s ]
SQL: SELECT * FROM `demo_role` WHERE `role_id` = 6 LIMIT 1   [ RunTime:0.0000s ]
SQL: SHOW COLUMNS FROM `demo_auth` [ RunTime:0.0050s ]
SQL: SELECT * FROM `demo_auth` ORDER BY auth_id desc  [ RunTime:0.0000s ]
SQL: SHOW COLUMNS FROM `demo_roleauth` [ RunTime:0.0060s ]
SQL: SELECT * FROM `demo_roleauth` WHERE `role_id` = 6  [ RunTime:0.0000s ]
INFO: [ view_parse ] --START--
INFO: [ template_filter ] --START--
INFO: Run Behavior\ContentReplaceBehavior [ RunTime:0.001000s ]
INFO: [ template_filter ] --END-- [ RunTime:0.001000s ]
INFO: Run Behavior\ParseTemplateBehavior [ RunTime:0.014001s ]
INFO: [ view_parse ] --END-- [ RunTime:0.014001s ]
INFO: [ view_filter ] --START--
INFO: Run Behavior\WriteHtmlCacheBehavior [ RunTime:0.001000s ]
INFO: [ view_filter ] --END-- [ RunTime:0.001000s ]
INFO: [ app_end ] --START--
INFO: Run Behavior\ShowPageTraceBehavior [ RunTime:0.001000s ]
INFO: [ app_end ] --END-- [ RunTime:0.001000s ]

[ 2019-07-12T09:49:54+08:00 ] 127.0.0.1 /tp/rbac/index.php/Admin/User/index.html
INFO: [ app_init ] --START--
INFO: Run Behavior\BuildLiteBehavior [ RunTime:0.000000s ]
INFO: [ app_init ] --END-- [ RunTime:0.000000s ]
INFO: [ app_begin ] --START--
INFO: Run Behavior\ReadHtmlCacheBehavior [ RunTime:0.001000s ]
INFO: [ app_begin ] --END-- [ RunTime:0.001000s ]
SQL: SHOW COLUMNS FROM `demo_userrole` [ RunTime:0.0110s ]
SQL: SELECT `role_id` FROM `demo_userrole` WHERE `user_id` = 1  [ RunTime:0.0000s ]
SQL: SHOW COLUMNS FROM `demo_user` [ RunTime:0.0110s ]
SQL: SELECT * FROM `demo_user`  [ RunTime:0.0010s ]
INFO: [ view_parse ] --START--
INFO: [ template_filter ] --START--
INFO: Run Behavior\ContentReplaceBehavior [ RunTime:0.000000s ]
INFO: [ template_filter ] --END-- [ RunTime:0.000000s ]
NOTIC: [8] Undefined index: goods_id F:\work\php\tp\rbac\application\Runtime\Cache\Admin\6899632fbb48cba253816c451e300c29.php 第 224 行.
NOTIC: [8] Undefined index: goods_id F:\work\php\tp\rbac\application\Runtime\Cache\Admin\6899632fbb48cba253816c451e300c29.php 第 224 行.
NOTIC: [8] Undefined index: goods_id F:\work\php\tp\rbac\application\Runtime\Cache\Admin\6899632fbb48cba253816c451e300c29.php 第 224 行.
NOTIC: [8] Undefined variable: page F:\work\php\tp\rbac\application\Runtime\Cache\Admin\6899632fbb48cba253816c451e300c29.php 第 236 行.
INFO: Run Behavior\ParseTemplateBehavior [ RunTime:0.015001s ]
INFO: [ view_parse ] --END-- [ RunTime:0.015001s ]
INFO: [ view_filter ] --START--
INFO: Run Behavior\WriteHtmlCacheBehavior [ RunTime:0.000000s ]
INFO: [ view_filter ] --END-- [ RunTime:0.000000s ]
INFO: [ app_end ] --START--
INFO: Run Behavior\ShowPageTraceBehavior [ RunTime:0.001000s ]
INFO: [ app_end ] --END-- [ RunTime:0.001000s ]

[ 2019-07-12T09:52:22+08:00 ] 127.0.0.1 /tp/rbac/index.php/Admin/User/setRole/user_id/1.html
INFO: [ app_init ] --START--
INFO: Run Behavior\BuildLiteBehavior [ RunTime:0.000000s ]
INFO: [ app_init ] --END-- [ RunTime:0.001001s ]
INFO: [ app_begin ] --START--
INFO: Run Behavior\ReadHtmlCacheBehavior [ RunTime:0.001000s ]
INFO: [ app_begin ] --END-- [ RunTime:0.001000s ]
SQL: SHOW COLUMNS FROM `demo_userrole` [ RunTime:0.0040s ]
SQL: SELECT `role_id` FROM `demo_userrole` WHERE `user_id` = 1  [ RunTime:0.0000s ]
SQL: SHOW COLUMNS FROM `demo_user` [ RunTime:0.0040s ]
SQL: SELECT * FROM `demo_user` WHERE `user_id` = 1 LIMIT 1   [ RunTime:0.0000s ]
SQL: SHOW COLUMNS FROM `demo_role` [ RunTime:0.0040s ]
SQL: SELECT * FROM `demo_role` ORDER BY role_id desc  [ RunTime:0.0000s ]
SQL: SELECT * FROM `demo_userrole` WHERE `user_id` = 1  [ RunTime:0.0000s ]
INFO: [ view_parse ] --START--
INFO: [ template_filter ] --START--
INFO: Run Behavior\ContentReplaceBehavior [ RunTime:0.000000s ]
INFO: [ template_filter ] --END-- [ RunTime:0.000000s ]
INFO: Run Behavior\ParseTemplateBehavior [ RunTime:0.010001s ]
INFO: [ view_parse ] --END-- [ RunTime:0.010001s ]
INFO: [ view_filter ] --START--
INFO: Run Behavior\WriteHtmlCacheBehavior [ RunTime:0.000000s ]
INFO: [ view_filter ] --END-- [ RunTime:0.000000s ]
INFO: [ app_end ] --START--
INFO: Run Behavior\ShowPageTraceBehavior [ RunTime:0.000000s ]
INFO: [ app_end ] --END-- [ RunTime:0.000000s ]

[ 2019-07-12T09:52:30+08:00 ] 127.0.0.1 /tp/rbac/index.php/Admin/User/setRole/user_id/1.html
INFO: [ app_init ] --START--
INFO: Run Behavior\BuildLiteBehavior [ RunTime:0.000000s ]
INFO: [ app_init ] --END-- [ RunTime:0.001000s ]
INFO: [ app_begin ] --START--
INFO: Run Behavior\ReadHtmlCacheBehavior [ RunTime:0.001000s ]
INFO: [ app_begin ] --END-- [ RunTime:0.001000s ]
SQL: SHOW COLUMNS FROM `demo_userrole` [ RunTime:0.0130s ]
SQL: SELECT `role_id` FROM `demo_userrole` WHERE `user_id` = 1  [ RunTime:0.0010s ]
SQL: SHOW COLUMNS FROM `demo_user` [ RunTime:0.0090s ]
SQL: SELECT * FROM `demo_user` WHERE `user_id` = 1 LIMIT 1   [ RunTime:0.0010s ]

[ 2019-07-12T09:54:12+08:00 ] 127.0.0.1 /tp/rbac/index.php/Admin/Role/index.html
INFO: [ app_init ] --START--
INFO: Run Behavior\BuildLiteBehavior [ RunTime:0.000000s ]
INFO: [ app_init ] --END-- [ RunTime:0.001000s ]
INFO: [ app_begin ] --START--
INFO: Run Behavior\ReadHtmlCacheBehavior [ RunTime:0.002000s ]
INFO: [ app_begin ] --END-- [ RunTime:0.002000s ]
SQL: SHOW COLUMNS FROM `demo_userrole` [ RunTime:0.0140s ]
SQL: SELECT `role_id` FROM `demo_userrole` WHERE `user_id` = 1  [ RunTime:0.0010s ]
SQL: SHOW COLUMNS FROM `demo_role` [ RunTime:0.0090s ]
SQL: SELECT * FROM `demo_role`  [ RunTime:0.0010s ]
INFO: [ view_parse ] --START--
INFO: [ template_filter ] --START--
INFO: Run Behavior\ContentReplaceBehavior [ RunTime:0.000000s ]
INFO: [ template_filter ] --END-- [ RunTime:0.001000s ]
NOTIC: [8] Undefined index: goods_id F:\work\php\tp\rbac\application\Runtime\Cache\Admin\be88cc911227d4f6c688434ac9990c5d.php 第 215 行.
NOTIC: [8] Undefined index: goods_id F:\work\php\tp\rbac\application\Runtime\Cache\Admin\be88cc911227d4f6c688434ac9990c5d.php 第 215 行.
NOTIC: [8] Undefined index: goods_id F:\work\php\tp\rbac\application\Runtime\Cache\Admin\be88cc911227d4f6c688434ac9990c5d.php 第 215 行.
NOTIC: [8] Undefined variable: page F:\work\php\tp\rbac\application\Runtime\Cache\Admin\be88cc911227d4f6c688434ac9990c5d.php 第 227 行.
INFO: Run Behavior\ParseTemplateBehavior [ RunTime:0.021001s ]
INFO: [ view_parse ] --END-- [ RunTime:0.021001s ]
INFO: [ view_filter ] --START--
INFO: Run Behavior\WriteHtmlCacheBehavior [ RunTime:0.001000s ]
INFO: [ view_filter ] --END-- [ RunTime:0.001000s ]
INFO: [ app_end ] --START--
INFO: Run Behavior\ShowPageTraceBehavior [ RunTime:0.001000s ]
INFO: [ app_end ] --END-- [ RunTime:0.001000s ]

[ 2019-07-12T09:54:24+08:00 ] 127.0.0.1 /tp/rbac/index.php/Admin/Role/setAuth/role_id/5.html
INFO: [ app_init ] --START--
INFO: Run Behavior\BuildLiteBehavior [ RunTime:0.000000s ]
INFO: [ app_init ] --END-- [ RunTime:0.000000s ]
INFO: [ app_begin ] --START--
INFO: Run Behavior\ReadHtmlCacheBehavior [ RunTime:0.001000s ]
INFO: [ app_begin ] --END-- [ RunTime:0.001000s ]
SQL: SHOW COLUMNS FROM `demo_userrole` [ RunTime:0.0130s ]
SQL: SELECT `role_id` FROM `demo_userrole` WHERE `user_id` = 1  [ RunTime:0.0000s ]
SQL: SHOW COLUMNS FROM `demo_role` [ RunTime:0.0100s ]
SQL: SELECT * FROM `demo_role` WHERE `role_id` = 5 LIMIT 1   [ RunTime:0.0000s ]
SQL: SHOW COLUMNS FROM `demo_auth` [ RunTime:0.0070s ]
SQL: SELECT * FROM `demo_auth` ORDER BY auth_id desc  [ RunTime:0.0000s ]
SQL: SHOW COLUMNS FROM `demo_roleauth` [ RunTime:0.0080s ]
SQL: SELECT * FROM `demo_roleauth` WHERE `role_id` = 5  [ RunTime:0.0010s ]
INFO: [ view_parse ] --START--
INFO: [ template_filter ] --START--
INFO: Run Behavior\ContentReplaceBehavior [ RunTime:0.000000s ]
INFO: [ template_filter ] --END-- [ RunTime:0.000000s ]
INFO: Run Behavior\ParseTemplateBehavior [ RunTime:0.014001s ]
INFO: [ view_parse ] --END-- [ RunTime:0.014001s ]
INFO: [ view_filter ] --START--
INFO: Run Behavior\WriteHtmlCacheBehavior [ RunTime:0.000000s ]
INFO: [ view_filter ] --END-- [ RunTime:0.000000s ]
INFO: [ app_end ] --START--
INFO: Run Behavior\ShowPageTraceBehavior [ RunTime:0.000000s ]
INFO: [ app_end ] --END-- [ RunTime:0.000000s ]

[ 2019-07-12T09:54:41+08:00 ] 127.0.0.1 /tp/rbac/index.php/Admin/Auth/index.html
INFO: [ app_init ] --START--
INFO: Run Behavior\BuildLiteBehavior [ RunTime:0.000000s ]
INFO: [ app_init ] --END-- [ RunTime:0.001000s ]
INFO: [ app_begin ] --START--
INFO: Run Behavior\ReadHtmlCacheBehavior [ RunTime:0.001000s ]
INFO: [ app_begin ] --END-- [ RunTime:0.001000s ]
SQL: SHOW COLUMNS FROM `demo_userrole` [ RunTime:0.0060s ]
SQL: SELECT `role_id` FROM `demo_userrole` WHERE `user_id` = 1  [ RunTime:0.0000s ]
SQL: SHOW COLUMNS FROM `demo_auth` [ RunTime:0.0060s ]
SQL: SELECT * FROM `demo_auth`  [ RunTime:0.0000s ]
INFO: [ view_parse ] --START--
INFO: [ template_filter ] --START--
INFO: Run Behavior\ContentReplaceBehavior [ RunTime:0.000000s ]
INFO: [ template_filter ] --END-- [ RunTime:0.000000s ]
NOTIC: [8] Undefined index: goods_id F:\work\php\tp\rbac\application\Runtime\Cache\Admin\251a88f734ff8a5cf55612831f111262.php 第 222 行.
NOTIC: [8] Undefined index: goods_id F:\work\php\tp\rbac\application\Runtime\Cache\Admin\251a88f734ff8a5cf55612831f111262.php 第 222 行.
NOTIC: [8] Undefined index: goods_id F:\work\php\tp\rbac\application\Runtime\Cache\Admin\251a88f734ff8a5cf55612831f111262.php 第 222 行.
NOTIC: [8] Undefined index: goods_id F:\work\php\tp\rbac\application\Runtime\Cache\Admin\251a88f734ff8a5cf55612831f111262.php 第 222 行.
NOTIC: [8] Undefined index: goods_id F:\work\php\tp\rbac\application\Runtime\Cache\Admin\251a88f734ff8a5cf55612831f111262.php 第 222 行.
NOTIC: [8] Undefined index: goods_id F:\work\php\tp\rbac\application\Runtime\Cache\Admin\251a88f734ff8a5cf55612831f111262.php 第 222 行.
NOTIC: [8] Undefined variable: page F:\work\php\tp\rbac\application\Runtime\Cache\Admin\251a88f734ff8a5cf55612831f111262.php 第 234 行.
INFO: Run Behavior\ParseTemplateBehavior [ RunTime:0.018001s ]
INFO: [ view_parse ] --END-- [ RunTime:0.018001s ]
INFO: [ view_filter ] --START--
INFO: Run Behavior\WriteHtmlCacheBehavior [ RunTime:0.001000s ]
INFO: [ view_filter ] --END-- [ RunTime:0.001000s ]
INFO: [ app_end ] --START--
INFO: Run Behavior\ShowPageTraceBehavior [ RunTime:0.002001s ]
INFO: [ app_end ] --END-- [ RunTime:0.002001s ]

