[ 2019-06-10T10:21:46+08:00 ] 127.0.0.1 /tp/tplearn/index.php/index.php?Admin/Login
INFO: [ app_init ] --START--
INFO: Run Behavior\BuildLiteBehavior [ RunTime:0.000000s ]
INFO: [ app_init ] --END-- [ RunTime:0.001000s ]
ERR: 无法加载模块:Index

[ 2019-06-10T10:21:51+08:00 ] 127.0.0.1 /tp/tplearn/index.php/index.php?Admin/Login/login
INFO: [ app_init ] --START--
INFO: Run Behavior\BuildLiteBehavior [ RunTime:0.000000s ]
INFO: [ app_init ] --END-- [ RunTime:0.000000s ]
ERR: 无法加载模块:Index

[ 2019-06-10T10:21:58+08:00 ] 127.0.0.1 /tp/tplearn/index.php/index.php/Admin/Login/login
INFO: [ app_init ] --START--
INFO: Run Behavior\BuildLiteBehavior [ RunTime:0.000000s ]
INFO: [ app_init ] --END-- [ RunTime:0.001000s ]
ERR: 无法加载模块:Index.php

[ 2019-06-10T16:38:20+08:00 ] 127.0.0.1 /tp/tplearn/index.php/Admin%E3%80%81goods/
INFO: [ app_init ] --START--
INFO: Run Behavior\BuildLiteBehavior [ RunTime:0.000000s ]
INFO: [ app_init ] --END-- [ RunTime:0.000000s ]
ERR: 无法加载模块:Admin、goods

