[ 2019-07-05T09:19:04+08:00 ] 127.0.0.1 /tp/ddyk_old/Admin
INFO: [ app_init ] --START--
INFO: Run Behavior\BuildLiteBehavior [ RunTime:0.000000s ]
INFO: [ app_init ] --END-- [ RunTime:0.001000s ]
INFO: [ app_begin ] --START--
INFO: Run Behavior\ReadHtmlCacheBehavior [ RunTime:0.000000s ]
INFO: [ app_begin ] --END-- [ RunTime:0.000000s ]
INFO: [ view_parse ] --START--
INFO: [ template_filter ] --START--
INFO: Run Behavior\ContentReplaceBehavior [ RunTime:0.000000s ]
INFO: [ template_filter ] --END-- [ RunTime:0.000000s ]
INFO: Run Behavior\ParseTemplateBehavior [ RunTime:0.053003s ]
INFO: [ view_parse ] --END-- [ RunTime:0.053003s ]
INFO: [ view_filter ] --START--
INFO: Run Behavior\WriteHtmlCacheBehavior [ RunTime:0.000000s ]
INFO: [ view_filter ] --END-- [ RunTime:0.000000s ]

[ 2019-07-05T09:21:40+08:00 ] 127.0.0.1 /tp/ddyk_old/Admin
INFO: [ app_init ] --START--
INFO: Run Behavior\BuildLiteBehavior [ RunTime:0.000000s ]
INFO: [ app_init ] --END-- [ RunTime:0.001000s ]
INFO: [ app_begin ] --START--
INFO: Run Behavior\ReadHtmlCacheBehavior [ RunTime:0.001000s ]
INFO: [ app_begin ] --END-- [ RunTime:0.001000s ]
INFO: [ view_parse ] --START--
INFO: [ template_filter ] --START--
INFO: Run Behavior\ContentReplaceBehavior [ RunTime:0.000000s ]
INFO: [ template_filter ] --END-- [ RunTime:0.000000s ]
INFO: Run Behavior\ParseTemplateBehavior [ RunTime:0.006001s ]
INFO: [ view_parse ] --END-- [ RunTime:0.006001s ]
INFO: [ view_filter ] --START--
INFO: Run Behavior\WriteHtmlCacheBehavior [ RunTime:0.000000s ]
INFO: [ view_filter ] --END-- [ RunTime:0.000000s ]

[ 2019-07-05T09:21:58+08:00 ] 127.0.0.1 /tp/ddyk_old/Admin
INFO: [ app_init ] --START--
INFO: Run Behavior\BuildLiteBehavior [ RunTime:0.000000s ]
INFO: [ app_init ] --END-- [ RunTime:0.001000s ]
INFO: [ app_begin ] --START--
INFO: Run Behavior\ReadHtmlCacheBehavior [ RunTime:0.001000s ]
INFO: [ app_begin ] --END-- [ RunTime:0.001000s ]
INFO: [ view_parse ] --START--
INFO: [ template_filter ] --START--
INFO: Run Behavior\ContentReplaceBehavior [ RunTime:0.000000s ]
INFO: [ template_filter ] --END-- [ RunTime:0.000000s ]
INFO: Run Behavior\ParseTemplateBehavior [ RunTime:0.006000s ]
INFO: [ view_parse ] --END-- [ RunTime:0.006000s ]
INFO: [ view_filter ] --START--
INFO: Run Behavior\WriteHtmlCacheBehavior [ RunTime:0.001000s ]
INFO: [ view_filter ] --END-- [ RunTime:0.001000s ]

[ 2019-07-05T09:22:01+08:00 ] 127.0.0.1 /tp/ddyk_old/index.php/Admin/Login/login.html
INFO: [ app_init ] --START--
INFO: Run Behavior\BuildLiteBehavior [ RunTime:0.000000s ]
INFO: [ app_init ] --END-- [ RunTime:0.001000s ]
INFO: [ app_begin ] --START--
INFO: Run Behavior\ReadHtmlCacheBehavior [ RunTime:0.001000s ]
INFO: [ app_begin ] --END-- [ RunTime:0.001000s ]
INFO: [ view_parse ] --START--
INFO: [ template_filter ] --START--
INFO: Run Behavior\ContentReplaceBehavior [ RunTime:0.000000s ]
INFO: [ template_filter ] --END-- [ RunTime:0.000000s ]
INFO: Run Behavior\ParseTemplateBehavior [ RunTime:0.011001s ]
INFO: [ view_parse ] --END-- [ RunTime:0.011001s ]
INFO: [ view_filter ] --START--
INFO: Run Behavior\WriteHtmlCacheBehavior [ RunTime:0.000000s ]
INFO: [ view_filter ] --END-- [ RunTime:0.000000s ]
INFO: [ app_end ] --START--
INFO: Run Behavior\ShowPageTraceBehavior [ RunTime:0.000000s ]
INFO: [ app_end ] --END-- [ RunTime:0.000000s ]

[ 2019-07-05T09:22:02+08:00 ] 127.0.0.1 /tp/ddyk_old/index.php/Admin/Login/verifyImg.html
INFO: [ app_init ] --START--
INFO: Run Behavior\BuildLiteBehavior [ RunTime:0.000000s ]
INFO: [ app_init ] --END-- [ RunTime:0.000000s ]
INFO: [ app_begin ] --START--
INFO: Run Behavior\ReadHtmlCacheBehavior [ RunTime:0.001000s ]
INFO: [ app_begin ] --END-- [ RunTime:0.001000s ]
INFO: [ app_end ] --START--
INFO: Run Behavior\ShowPageTraceBehavior [ RunTime:0.001000s ]
INFO: [ app_end ] --END-- [ RunTime:0.001000s ]

[ 2019-07-05T09:22:51+08:00 ] 127.0.0.1 /tp/ddyk_old/index.php/Admin/Login/LoginAdmin.html
INFO: [ app_init ] --START--
INFO: Run Behavior\BuildLiteBehavior [ RunTime:0.000000s ]
INFO: [ app_init ] --END-- [ RunTime:0.001000s ]
INFO: [ app_begin ] --START--
INFO: Run Behavior\ReadHtmlCacheBehavior [ RunTime:0.002000s ]
INFO: [ app_begin ] --END-- [ RunTime:0.002000s ]
NOTIC: [2] Missing argument 1 for I(), called in F:\work\php\tp\ddyk_old\application\Admin\Controller\LoginController.class.php on line 25 and defined F:\work\php\tp\ddyk_old\ThinkPHP\Common\functions.php 第 271 行.
NOTIC: [8] Undefined variable: name F:\work\php\tp\ddyk_old\ThinkPHP\Common\functions.php 第 273 行.
NOTIC: [8] Undefined variable: name F:\work\php\tp\ddyk_old\ThinkPHP\Common\functions.php 第 278 行.
NOTIC: [8] Undefined variable: name F:\work\php\tp\ddyk_old\ThinkPHP\Common\functions.php 第 339 行.

[ 2019-07-05T09:22:55+08:00 ] 127.0.0.1 /tp/ddyk_old/index.php/Admin/Login/LoginAdmin.html
INFO: [ app_init ] --START--
INFO: Run Behavior\BuildLiteBehavior [ RunTime:0.000000s ]
INFO: [ app_init ] --END-- [ RunTime:0.001000s ]
INFO: [ app_begin ] --START--
INFO: Run Behavior\ReadHtmlCacheBehavior [ RunTime:0.001000s ]
INFO: [ app_begin ] --END-- [ RunTime:0.001000s ]
NOTIC: [2] Missing argument 1 for I(), called in F:\work\php\tp\ddyk_old\application\Admin\Controller\LoginController.class.php on line 25 and defined F:\work\php\tp\ddyk_old\ThinkPHP\Common\functions.php 第 271 行.
NOTIC: [8] Undefined variable: name F:\work\php\tp\ddyk_old\ThinkPHP\Common\functions.php 第 273 行.
NOTIC: [8] Undefined variable: name F:\work\php\tp\ddyk_old\ThinkPHP\Common\functions.php 第 278 行.
NOTIC: [8] Undefined variable: name F:\work\php\tp\ddyk_old\ThinkPHP\Common\functions.php 第 339 行.
SQL: SHOW COLUMNS FROM `ddold_admin` [ RunTime:0.0500s ]
SQL: SELECT * FROM `ddold_admin` WHERE `admin_name` = 'admin' AND `admin_pass` = '123456' LIMIT 1   [ RunTime:0.0010s ]

[ 2019-07-05T09:22:56+08:00 ] 127.0.0.1 /tp/ddyk_old/index.php/Admin/Index/index.html
INFO: [ app_init ] --START--
INFO: Run Behavior\BuildLiteBehavior [ RunTime:0.000000s ]
INFO: [ app_init ] --END-- [ RunTime:0.000000s ]
INFO: [ app_begin ] --START--
INFO: Run Behavior\ReadHtmlCacheBehavior [ RunTime:0.001000s ]
INFO: [ app_begin ] --END-- [ RunTime:0.001000s ]
INFO: [ view_parse ] --START--
INFO: [ template_filter ] --START--
INFO: Run Behavior\ContentReplaceBehavior [ RunTime:0.000000s ]
INFO: [ template_filter ] --END-- [ RunTime:0.000000s ]
INFO: Run Behavior\ParseTemplateBehavior [ RunTime:0.093005s ]
INFO: [ view_parse ] --END-- [ RunTime:0.093005s ]
INFO: [ view_filter ] --START--
INFO: Run Behavior\WriteHtmlCacheBehavior [ RunTime:0.000000s ]
INFO: [ view_filter ] --END-- [ RunTime:0.000000s ]
INFO: [ app_end ] --START--
INFO: Run Behavior\ShowPageTraceBehavior [ RunTime:0.001000s ]
INFO: [ app_end ] --END-- [ RunTime:0.001000s ]

[ 2019-07-05T09:24:37+08:00 ] 127.0.0.1 /tp/ddyk_old/index.php/Admin/Index/index.html
INFO: [ app_init ] --START--
INFO: Run Behavior\BuildLiteBehavior [ RunTime:0.000000s ]
INFO: [ app_init ] --END-- [ RunTime:0.000000s ]
INFO: [ app_begin ] --START--
INFO: Run Behavior\ReadHtmlCacheBehavior [ RunTime:0.000000s ]
INFO: [ app_begin ] --END-- [ RunTime:0.000000s ]
INFO: [ view_parse ] --START--
INFO: [ template_filter ] --START--
INFO: Run Behavior\ContentReplaceBehavior [ RunTime:0.000000s ]
INFO: [ template_filter ] --END-- [ RunTime:0.000000s ]
NOTIC: [8] Undefined variable: data F:\work\php\tp\ddyk_old\application\Runtime\Cache\Admin\d9cef1a7c39aecf4a7a87bb891a17f87.php 第 161 行.
INFO: Run Behavior\ParseTemplateBehavior [ RunTime:0.008001s ]
INFO: [ view_parse ] --END-- [ RunTime:0.008001s ]
INFO: [ view_filter ] --START--
INFO: Run Behavior\WriteHtmlCacheBehavior [ RunTime:0.001000s ]
INFO: [ view_filter ] --END-- [ RunTime:0.001000s ]
INFO: [ app_end ] --START--
INFO: Run Behavior\ShowPageTraceBehavior [ RunTime:0.000000s ]
INFO: [ app_end ] --END-- [ RunTime:0.000000s ]

[ 2019-07-05T09:26:49+08:00 ] 127.0.0.1 /tp/ddyk_old/index.php/Admin/Index/index.html
INFO: [ app_init ] --START--
INFO: Run Behavior\BuildLiteBehavior [ RunTime:0.000000s ]
INFO: [ app_init ] --END-- [ RunTime:0.001000s ]
INFO: [ app_begin ] --START--
INFO: Run Behavior\ReadHtmlCacheBehavior [ RunTime:0.000000s ]
INFO: [ app_begin ] --END-- [ RunTime:0.000000s ]
INFO: [ view_parse ] --START--
INFO: [ template_filter ] --START--
INFO: Run Behavior\ContentReplaceBehavior [ RunTime:0.000000s ]
INFO: [ template_filter ] --END-- [ RunTime:0.000000s ]
INFO: Run Behavior\ParseTemplateBehavior [ RunTime:0.006000s ]
INFO: [ view_parse ] --END-- [ RunTime:0.006000s ]
INFO: [ view_filter ] --START--
INFO: Run Behavior\WriteHtmlCacheBehavior [ RunTime:0.001000s ]
INFO: [ view_filter ] --END-- [ RunTime:0.001000s ]
INFO: [ app_end ] --START--
INFO: Run Behavior\ShowPageTraceBehavior [ RunTime:0.000000s ]
INFO: [ app_end ] --END-- [ RunTime:0.000000s ]

[ 2019-07-05T09:27:08+08:00 ] 127.0.0.1 /tp/ddyk_old/index.php/Admin/Admin/index.html
INFO: [ app_init ] --START--
INFO: Run Behavior\BuildLiteBehavior [ RunTime:0.000000s ]
INFO: [ app_init ] --END-- [ RunTime:0.000000s ]
INFO: [ app_begin ] --START--
INFO: Run Behavior\ReadHtmlCacheBehavior [ RunTime:0.001000s ]
INFO: [ app_begin ] --END-- [ RunTime:0.001000s ]
NOTIC: [2] Missing argument 1 for I(), called in F:\work\php\tp\ddyk_old\application\Admin\Controller\AdminController.class.php on line 12 and defined F:\work\php\tp\ddyk_old\ThinkPHP\Common\functions.php 第 271 行.
NOTIC: [8] Undefined variable: name F:\work\php\tp\ddyk_old\ThinkPHP\Common\functions.php 第 273 行.
NOTIC: [8] Undefined variable: name F:\work\php\tp\ddyk_old\ThinkPHP\Common\functions.php 第 278 行.
NOTIC: [8] Undefined variable: name F:\work\php\tp\ddyk_old\ThinkPHP\Common\functions.php 第 339 行.
NOTIC: [8] Undefined index: search F:\work\php\tp\ddyk_old\application\Admin\Controller\AdminController.class.php 第 13 行.
NOTIC: [2048] Declaration of Admin\Model\AdminModel::delete() should be compatible with Think\Model::delete($options = Array) F:\work\php\tp\ddyk_old\application\Admin\Model\AdminModel.class.php 第 8 行.
NOTIC: [2048] Declaration of Admin\Model\AdminModel::select() should be compatible with Think\Model::select($options = Array) F:\work\php\tp\ddyk_old\application\Admin\Model\AdminModel.class.php 第 8 行.
NOTIC: [2048] Declaration of Admin\Model\AdminModel::find() should be compatible with Think\Model::find($options = Array) F:\work\php\tp\ddyk_old\application\Admin\Model\AdminModel.class.php 第 8 行.
SQL: SHOW COLUMNS FROM `ddold_admin` [ RunTime:0.0130s ]
SQL: SHOW COLUMNS FROM `ddold_admin` [ RunTime:0.0100s ]
SQL: SELECT COUNT(*) AS tp_count FROM `ddold_admin` LIMIT 1   [ RunTime:0.0000s ]
NOTIC: [2] Missing argument 3 for Admin\Model\AdminModel::select(), called in F:\work\php\tp\ddyk_old\application\Admin\Controller\AdminController.class.php on line 28 and defined F:\work\php\tp\ddyk_old\application\Admin\Model\AdminModel.class.php 第 11 行.
NOTIC: [2] Missing argument 1 for Think\Model::field(), called in F:\work\php\tp\ddyk_old\application\Admin\Model\AdminModel.class.php on line 14 and defined F:\work\php\tp\ddyk_old\ThinkPHP\Library\Think\Model.class.php 第 1740 行.
NOTIC: [8] Undefined variable: field F:\work\php\tp\ddyk_old\ThinkPHP\Library\Think\Model.class.php 第 1741 行.
NOTIC: [8] Undefined variable: field F:\work\php\tp\ddyk_old\ThinkPHP\Library\Think\Model.class.php 第 1751 行.
SQL: SELECT * FROM `ddold_admin` left JOIN ddold_role ON ddold_role.role_id=ddold_admin.role_id  LIMIT 0,10   [ RunTime:0.0310s ]
INFO: [ view_parse ] --START--
INFO: [ template_filter ] --START--
INFO: Run Behavior\ContentReplaceBehavior [ RunTime:0.000000s ]
INFO: [ template_filter ] --END-- [ RunTime:0.000000s ]
INFO: Run Behavior\ParseTemplateBehavior [ RunTime:0.026001s ]
INFO: [ view_parse ] --END-- [ RunTime:0.026001s ]
INFO: [ view_filter ] --START--
INFO: Run Behavior\WriteHtmlCacheBehavior [ RunTime:0.000000s ]
INFO: [ view_filter ] --END-- [ RunTime:0.001000s ]
INFO: [ app_end ] --START--
INFO: Run Behavior\ShowPageTraceBehavior [ RunTime:0.000000s ]
INFO: [ app_end ] --END-- [ RunTime:0.001001s ]

[ 2019-07-05T09:27:14+08:00 ] 127.0.0.1 /tp/ddyk_old/index.php/Admin/Role/index.html
INFO: [ app_init ] --START--
INFO: Run Behavior\BuildLiteBehavior [ RunTime:0.000000s ]
INFO: [ app_init ] --END-- [ RunTime:0.000000s ]
INFO: [ app_begin ] --START--
INFO: Run Behavior\ReadHtmlCacheBehavior [ RunTime:0.001000s ]
INFO: [ app_begin ] --END-- [ RunTime:0.001000s ]
NOTIC: [2] Missing argument 1 for I(), called in F:\work\php\tp\ddyk_old\application\Admin\Controller\RoleController.class.php on line 7 and defined F:\work\php\tp\ddyk_old\ThinkPHP\Common\functions.php 第 271 行.
NOTIC: [8] Undefined variable: name F:\work\php\tp\ddyk_old\ThinkPHP\Common\functions.php 第 273 行.
NOTIC: [8] Undefined variable: name F:\work\php\tp\ddyk_old\ThinkPHP\Common\functions.php 第 278 行.
NOTIC: [8] Undefined variable: name F:\work\php\tp\ddyk_old\ThinkPHP\Common\functions.php 第 339 行.
NOTIC: [8] Undefined index: search F:\work\php\tp\ddyk_old\application\Admin\Controller\RoleController.class.php 第 8 行.
NOTIC: [2048] Declaration of Admin\Model\RoleModel::delete() should be compatible with Think\Model::delete($options = Array) F:\work\php\tp\ddyk_old\application\Admin\Model\RoleModel.class.php 第 5 行.
NOTIC: [2048] Declaration of Admin\Model\RoleModel::select() should be compatible with Think\Model::select($options = Array) F:\work\php\tp\ddyk_old\application\Admin\Model\RoleModel.class.php 第 5 行.
NOTIC: [2048] Declaration of Admin\Model\RoleModel::find() should be compatible with Think\Model::find($options = Array) F:\work\php\tp\ddyk_old\application\Admin\Model\RoleModel.class.php 第 5 行.
SQL: SHOW COLUMNS FROM `ddold_role` [ RunTime:0.0070s ]
SQL: SHOW COLUMNS FROM `ddold_role` [ RunTime:0.0070s ]
SQL: SELECT COUNT(*) AS tp_count FROM `ddold_role` LIMIT 1   [ RunTime:0.0000s ]
SQL: SHOW COLUMNS FROM `ddold_role` [ RunTime:0.0060s ]
SQL: SELECT * FROM `ddold_role` LIMIT 0,10   [ RunTime:0.0010s ]
INFO: [ view_parse ] --START--
INFO: [ template_filter ] --START--
INFO: Run Behavior\ContentReplaceBehavior [ RunTime:0.000000s ]
INFO: [ template_filter ] --END-- [ RunTime:0.000000s ]
NOTIC: [8] Undefined index: id F:\work\php\tp\ddyk_old\application\Runtime\Cache\Admin\be88cc911227d4f6c688434ac9990c5d.php 第 212 行.
NOTIC: [8] Undefined index: id F:\work\php\tp\ddyk_old\application\Runtime\Cache\Admin\be88cc911227d4f6c688434ac9990c5d.php 第 212 行.
INFO: Run Behavior\ParseTemplateBehavior [ RunTime:0.014001s ]
INFO: [ view_parse ] --END-- [ RunTime:0.014001s ]
INFO: [ view_filter ] --START--
INFO: Run Behavior\WriteHtmlCacheBehavior [ RunTime:0.000000s ]
INFO: [ view_filter ] --END-- [ RunTime:0.000000s ]
INFO: [ app_end ] --START--
INFO: Run Behavior\ShowPageTraceBehavior [ RunTime:0.000000s ]
INFO: [ app_end ] --END-- [ RunTime:0.000000s ]

[ 2019-07-05T09:27:18+08:00 ] 127.0.0.1 /tp/ddyk_old/index.php/Admin/Authority/add.html
INFO: [ app_init ] --START--
INFO: Run Behavior\BuildLiteBehavior [ RunTime:0.000000s ]
INFO: [ app_init ] --END-- [ RunTime:0.000000s ]
INFO: [ app_begin ] --START--
INFO: Run Behavior\ReadHtmlCacheBehavior [ RunTime:0.000000s ]
INFO: [ app_begin ] --END-- [ RunTime:0.000000s ]
ERR: 无法加载控制器:Authority

[ 2019-07-05T09:27:24+08:00 ] 127.0.0.1 /tp/ddyk_old/index.php/Admin/Goods/type.html
INFO: [ app_init ] --START--
INFO: Run Behavior\BuildLiteBehavior [ RunTime:0.000000s ]
INFO: [ app_init ] --END-- [ RunTime:0.000000s ]
INFO: [ app_begin ] --START--
INFO: Run Behavior\ReadHtmlCacheBehavior [ RunTime:0.000000s ]
INFO: [ app_begin ] --END-- [ RunTime:0.000000s ]
NOTIC: [2048] Declaration of Admin\Model\GoodsModel::find() should be compatible with Think\Model::find($options = Array) F:\work\php\tp\ddyk_old\application\Admin\Model\GoodsModel.class.php 第 5 行.
SQL: SHOW COLUMNS FROM `ddold_goods` [ RunTime:0.0610s ]
NOTIC: [2] Missing argument 2 for Admin\Model\GoodsModel::selectType(), called in F:\work\php\tp\ddyk_old\application\Admin\Controller\GoodsController.class.php on line 12 and defined F:\work\php\tp\ddyk_old\application\Admin\Model\GoodsModel.class.php 第 8 行.
NOTIC: [2] Missing argument 3 for Admin\Model\GoodsModel::selectType(), called in F:\work\php\tp\ddyk_old\application\Admin\Controller\GoodsController.class.php on line 12 and defined F:\work\php\tp\ddyk_old\application\Admin\Model\GoodsModel.class.php 第 8 行.
SQL: SHOW COLUMNS FROM `ddold_goods_type` [ RunTime:0.0310s ]
NOTIC: [8] Undefined variable: condition F:\work\php\tp\ddyk_old\application\Admin\Model\GoodsModel.class.php 第 9 行.
NOTIC: [8] Undefined variable: limit F:\work\php\tp\ddyk_old\application\Admin\Model\GoodsModel.class.php 第 9 行.
SQL: SELECT * FROM `ddold_goods_type` WHERE `goods_pid` = 0  [ RunTime:0.0010s ]
NOTIC: [2] Missing argument 1 for I(), called in F:\work\php\tp\ddyk_old\application\Admin\Controller\GoodsController.class.php on line 15 and defined F:\work\php\tp\ddyk_old\ThinkPHP\Common\functions.php 第 271 行.
NOTIC: [8] Undefined variable: name F:\work\php\tp\ddyk_old\ThinkPHP\Common\functions.php 第 273 行.
NOTIC: [8] Undefined variable: name F:\work\php\tp\ddyk_old\ThinkPHP\Common\functions.php 第 278 行.
NOTIC: [8] Undefined variable: name F:\work\php\tp\ddyk_old\ThinkPHP\Common\functions.php 第 339 行.
NOTIC: [8] Undefined index: search F:\work\php\tp\ddyk_old\application\Admin\Controller\GoodsController.class.php 第 17 行.
SQL: SELECT COUNT(*) AS tp_count FROM `ddold_goods_type` LIMIT 1   [ RunTime:0.0000s ]
SQL: SELECT * FROM `ddold_goods_type` LIMIT 0,5   [ RunTime:0.0010s ]
INFO: [ view_parse ] --START--
INFO: [ template_filter ] --START--
INFO: Run Behavior\ContentReplaceBehavior [ RunTime:0.000000s ]
INFO: [ template_filter ] --END-- [ RunTime:0.000000s ]
NOTIC: [8] Undefined index: goods_id F:\work\php\tp\ddyk_old\application\Runtime\Cache\Admin\2751c638931c1fafe1ecfd15f1d3c635.php 第 233 行.
NOTIC: [8] Undefined index: goods_id F:\work\php\tp\ddyk_old\application\Runtime\Cache\Admin\2751c638931c1fafe1ecfd15f1d3c635.php 第 233 行.
NOTIC: [8] Undefined index: goods_id F:\work\php\tp\ddyk_old\application\Runtime\Cache\Admin\2751c638931c1fafe1ecfd15f1d3c635.php 第 233 行.
NOTIC: [8] Undefined index: goods_id F:\work\php\tp\ddyk_old\application\Runtime\Cache\Admin\2751c638931c1fafe1ecfd15f1d3c635.php 第 233 行.
NOTIC: [8] Undefined index: goods_id F:\work\php\tp\ddyk_old\application\Runtime\Cache\Admin\2751c638931c1fafe1ecfd15f1d3c635.php 第 233 行.
INFO: Run Behavior\ParseTemplateBehavior [ RunTime:0.019001s ]
INFO: [ view_parse ] --END-- [ RunTime:0.019001s ]
INFO: [ view_filter ] --START--
INFO: Run Behavior\WriteHtmlCacheBehavior [ RunTime:0.001001s ]
INFO: [ view_filter ] --END-- [ RunTime:0.001001s ]
INFO: [ app_end ] --START--
INFO: Run Behavior\ShowPageTraceBehavior [ RunTime:0.000000s ]
INFO: [ app_end ] --END-- [ RunTime:0.000000s ]

[ 2019-07-05T09:27:27+08:00 ] 127.0.0.1 /tp/ddyk_old/index.php/Admin/Goods/type/p/2.html
INFO: [ app_init ] --START--
INFO: Run Behavior\BuildLiteBehavior [ RunTime:0.000000s ]
INFO: [ app_init ] --END-- [ RunTime:0.001000s ]
INFO: [ app_begin ] --START--
INFO: Run Behavior\ReadHtmlCacheBehavior [ RunTime:0.001000s ]
INFO: [ app_begin ] --END-- [ RunTime:0.001000s ]
NOTIC: [2048] Declaration of Admin\Model\GoodsModel::find() should be compatible with Think\Model::find($options = Array) F:\work\php\tp\ddyk_old\application\Admin\Model\GoodsModel.class.php 第 5 行.
SQL: SHOW COLUMNS FROM `ddold_goods` [ RunTime:0.0150s ]
NOTIC: [2] Missing argument 2 for Admin\Model\GoodsModel::selectType(), called in F:\work\php\tp\ddyk_old\application\Admin\Controller\GoodsController.class.php on line 12 and defined F:\work\php\tp\ddyk_old\application\Admin\Model\GoodsModel.class.php 第 8 行.
NOTIC: [2] Missing argument 3 for Admin\Model\GoodsModel::selectType(), called in F:\work\php\tp\ddyk_old\application\Admin\Controller\GoodsController.class.php on line 12 and defined F:\work\php\tp\ddyk_old\application\Admin\Model\GoodsModel.class.php 第 8 行.
SQL: SHOW COLUMNS FROM `ddold_goods_type` [ RunTime:0.0130s ]
NOTIC: [8] Undefined variable: condition F:\work\php\tp\ddyk_old\application\Admin\Model\GoodsModel.class.php 第 9 行.
NOTIC: [8] Undefined variable: limit F:\work\php\tp\ddyk_old\application\Admin\Model\GoodsModel.class.php 第 9 行.
SQL: SELECT * FROM `ddold_goods_type` WHERE `goods_pid` = 0  [ RunTime:0.0010s ]
NOTIC: [2] Missing argument 1 for I(), called in F:\work\php\tp\ddyk_old\application\Admin\Controller\GoodsController.class.php on line 15 and defined F:\work\php\tp\ddyk_old\ThinkPHP\Common\functions.php 第 271 行.
NOTIC: [8] Undefined variable: name F:\work\php\tp\ddyk_old\ThinkPHP\Common\functions.php 第 273 行.
NOTIC: [8] Undefined variable: name F:\work\php\tp\ddyk_old\ThinkPHP\Common\functions.php 第 278 行.
NOTIC: [8] Undefined variable: name F:\work\php\tp\ddyk_old\ThinkPHP\Common\functions.php 第 339 行.
NOTIC: [8] Undefined index: search F:\work\php\tp\ddyk_old\application\Admin\Controller\GoodsController.class.php 第 17 行.
SQL: SELECT COUNT(*) AS tp_count FROM `ddold_goods_type` LIMIT 1   [ RunTime:0.0000s ]
SQL: SELECT * FROM `ddold_goods_type` LIMIT 5,5   [ RunTime:0.0010s ]
INFO: [ view_parse ] --START--
INFO: [ template_filter ] --START--
INFO: Run Behavior\ContentReplaceBehavior [ RunTime:0.000000s ]
INFO: [ template_filter ] --END-- [ RunTime:0.000000s ]
NOTIC: [8] Undefined index: goods_id F:\work\php\tp\ddyk_old\application\Runtime\Cache\Admin\2751c638931c1fafe1ecfd15f1d3c635.php 第 233 行.
NOTIC: [8] Undefined index: goods_id F:\work\php\tp\ddyk_old\application\Runtime\Cache\Admin\2751c638931c1fafe1ecfd15f1d3c635.php 第 233 行.
NOTIC: [8] Undefined index: goods_id F:\work\php\tp\ddyk_old\application\Runtime\Cache\Admin\2751c638931c1fafe1ecfd15f1d3c635.php 第 233 行.
NOTIC: [8] Undefined index: goods_id F:\work\php\tp\ddyk_old\application\Runtime\Cache\Admin\2751c638931c1fafe1ecfd15f1d3c635.php 第 233 行.
NOTIC: [8] Undefined index: goods_id F:\work\php\tp\ddyk_old\application\Runtime\Cache\Admin\2751c638931c1fafe1ecfd15f1d3c635.php 第 233 行.
INFO: Run Behavior\ParseTemplateBehavior [ RunTime:0.014001s ]
INFO: [ view_parse ] --END-- [ RunTime:0.014001s ]
INFO: [ view_filter ] --START--
INFO: Run Behavior\WriteHtmlCacheBehavior [ RunTime:0.000000s ]
INFO: [ view_filter ] --END-- [ RunTime:0.000000s ]
INFO: [ app_end ] --START--
INFO: Run Behavior\ShowPageTraceBehavior [ RunTime:0.001000s ]
INFO: [ app_end ] --END-- [ RunTime:0.001000s ]

[ 2019-07-05T09:27:29+08:00 ] 127.0.0.1 /tp/ddyk_old/index.php/Admin/Goods/type/p/3.html
INFO: [ app_init ] --START--
INFO: Run Behavior\BuildLiteBehavior [ RunTime:0.000000s ]
INFO: [ app_init ] --END-- [ RunTime:0.001000s ]
INFO: [ app_begin ] --START--
INFO: Run Behavior\ReadHtmlCacheBehavior [ RunTime:0.001000s ]
INFO: [ app_begin ] --END-- [ RunTime:0.001000s ]
NOTIC: [2048] Declaration of Admin\Model\GoodsModel::find() should be compatible with Think\Model::find($options = Array) F:\work\php\tp\ddyk_old\application\Admin\Model\GoodsModel.class.php 第 5 行.
SQL: SHOW COLUMNS FROM `ddold_goods` [ RunTime:0.0040s ]
NOTIC: [2] Missing argument 2 for Admin\Model\GoodsModel::selectType(), called in F:\work\php\tp\ddyk_old\application\Admin\Controller\GoodsController.class.php on line 12 and defined F:\work\php\tp\ddyk_old\application\Admin\Model\GoodsModel.class.php 第 8 行.
NOTIC: [2] Missing argument 3 for Admin\Model\GoodsModel::selectType(), called in F:\work\php\tp\ddyk_old\application\Admin\Controller\GoodsController.class.php on line 12 and defined F:\work\php\tp\ddyk_old\application\Admin\Model\GoodsModel.class.php 第 8 行.
SQL: SHOW COLUMNS FROM `ddold_goods_type` [ RunTime:0.0040s ]
NOTIC: [8] Undefined variable: condition F:\work\php\tp\ddyk_old\application\Admin\Model\GoodsModel.class.php 第 9 行.
NOTIC: [8] Undefined variable: limit F:\work\php\tp\ddyk_old\application\Admin\Model\GoodsModel.class.php 第 9 行.
SQL: SELECT * FROM `ddold_goods_type` WHERE `goods_pid` = 0  [ RunTime:0.0010s ]
NOTIC: [2] Missing argument 1 for I(), called in F:\work\php\tp\ddyk_old\application\Admin\Controller\GoodsController.class.php on line 15 and defined F:\work\php\tp\ddyk_old\ThinkPHP\Common\functions.php 第 271 行.
NOTIC: [8] Undefined variable: name F:\work\php\tp\ddyk_old\ThinkPHP\Common\functions.php 第 273 行.
NOTIC: [8] Undefined variable: name F:\work\php\tp\ddyk_old\ThinkPHP\Common\functions.php 第 278 行.
NOTIC: [8] Undefined variable: name F:\work\php\tp\ddyk_old\ThinkPHP\Common\functions.php 第 339 行.
NOTIC: [8] Undefined index: search F:\work\php\tp\ddyk_old\application\Admin\Controller\GoodsController.class.php 第 17 行.
SQL: SELECT COUNT(*) AS tp_count FROM `ddold_goods_type` LIMIT 1   [ RunTime:0.0000s ]
SQL: SELECT * FROM `ddold_goods_type` LIMIT 10,5   [ RunTime:0.0000s ]
INFO: [ view_parse ] --START--
INFO: [ template_filter ] --START--
INFO: Run Behavior\ContentReplaceBehavior [ RunTime:0.000000s ]
INFO: [ template_filter ] --END-- [ RunTime:0.001001s ]
NOTIC: [8] Undefined index: goods_id F:\work\php\tp\ddyk_old\application\Runtime\Cache\Admin\2751c638931c1fafe1ecfd15f1d3c635.php 第 233 行.
NOTIC: [8] Undefined index: goods_id F:\work\php\tp\ddyk_old\application\Runtime\Cache\Admin\2751c638931c1fafe1ecfd15f1d3c635.php 第 233 行.
NOTIC: [8] Undefined index: goods_id F:\work\php\tp\ddyk_old\application\Runtime\Cache\Admin\2751c638931c1fafe1ecfd15f1d3c635.php 第 233 行.
NOTIC: [8] Undefined index: goods_id F:\work\php\tp\ddyk_old\application\Runtime\Cache\Admin\2751c638931c1fafe1ecfd15f1d3c635.php 第 233 行.
NOTIC: [8] Undefined index: goods_id F:\work\php\tp\ddyk_old\application\Runtime\Cache\Admin\2751c638931c1fafe1ecfd15f1d3c635.php 第 233 行.
INFO: Run Behavior\ParseTemplateBehavior [ RunTime:0.009001s ]
INFO: [ view_parse ] --END-- [ RunTime:0.009001s ]
INFO: [ view_filter ] --START--
INFO: Run Behavior\WriteHtmlCacheBehavior [ RunTime:0.001000s ]
INFO: [ view_filter ] --END-- [ RunTime:0.001000s ]
INFO: [ app_end ] --START--
INFO: Run Behavior\ShowPageTraceBehavior [ RunTime:0.000000s ]
INFO: [ app_end ] --END-- [ RunTime:0.000000s ]

[ 2019-07-05T09:27:32+08:00 ] 127.0.0.1 /tp/ddyk_old/index.php/Admin/Goods/type/p/4.html
INFO: [ app_init ] --START--
INFO: Run Behavior\BuildLiteBehavior [ RunTime:0.000000s ]
INFO: [ app_init ] --END-- [ RunTime:0.001000s ]
INFO: [ app_begin ] --START--
INFO: Run Behavior\ReadHtmlCacheBehavior [ RunTime:0.001000s ]
INFO: [ app_begin ] --END-- [ RunTime:0.001000s ]
NOTIC: [2048] Declaration of Admin\Model\GoodsModel::find() should be compatible with Think\Model::find($options = Array) F:\work\php\tp\ddyk_old\application\Admin\Model\GoodsModel.class.php 第 5 行.
SQL: SHOW COLUMNS FROM `ddold_goods` [ RunTime:0.0150s ]
NOTIC: [2] Missing argument 2 for Admin\Model\GoodsModel::selectType(), called in F:\work\php\tp\ddyk_old\application\Admin\Controller\GoodsController.class.php on line 12 and defined F:\work\php\tp\ddyk_old\application\Admin\Model\GoodsModel.class.php 第 8 行.
NOTIC: [2] Missing argument 3 for Admin\Model\GoodsModel::selectType(), called in F:\work\php\tp\ddyk_old\application\Admin\Controller\GoodsController.class.php on line 12 and defined F:\work\php\tp\ddyk_old\application\Admin\Model\GoodsModel.class.php 第 8 行.
SQL: SHOW COLUMNS FROM `ddold_goods_type` [ RunTime:0.0110s ]
NOTIC: [8] Undefined variable: condition F:\work\php\tp\ddyk_old\application\Admin\Model\GoodsModel.class.php 第 9 行.
NOTIC: [8] Undefined variable: limit F:\work\php\tp\ddyk_old\application\Admin\Model\GoodsModel.class.php 第 9 行.
SQL: SELECT * FROM `ddold_goods_type` WHERE `goods_pid` = 0  [ RunTime:0.0000s ]
NOTIC: [2] Missing argument 1 for I(), called in F:\work\php\tp\ddyk_old\application\Admin\Controller\GoodsController.class.php on line 15 and defined F:\work\php\tp\ddyk_old\ThinkPHP\Common\functions.php 第 271 行.
NOTIC: [8] Undefined variable: name F:\work\php\tp\ddyk_old\ThinkPHP\Common\functions.php 第 273 行.
NOTIC: [8] Undefined variable: name F:\work\php\tp\ddyk_old\ThinkPHP\Common\functions.php 第 278 行.
NOTIC: [8] Undefined variable: name F:\work\php\tp\ddyk_old\ThinkPHP\Common\functions.php 第 339 行.
NOTIC: [8] Undefined index: search F:\work\php\tp\ddyk_old\application\Admin\Controller\GoodsController.class.php 第 17 行.
SQL: SELECT COUNT(*) AS tp_count FROM `ddold_goods_type` LIMIT 1   [ RunTime:0.0010s ]
SQL: SELECT * FROM `ddold_goods_type` LIMIT 15,5   [ RunTime:0.0000s ]
INFO: [ view_parse ] --START--
INFO: [ template_filter ] --START--
INFO: Run Behavior\ContentReplaceBehavior [ RunTime:0.000000s ]
INFO: [ template_filter ] --END-- [ RunTime:0.000000s ]
NOTIC: [8] Undefined index: goods_id F:\work\php\tp\ddyk_old\application\Runtime\Cache\Admin\2751c638931c1fafe1ecfd15f1d3c635.php 第 233 行.
NOTIC: [8] Undefined index: goods_id F:\work\php\tp\ddyk_old\application\Runtime\Cache\Admin\2751c638931c1fafe1ecfd15f1d3c635.php 第 233 行.
NOTIC: [8] Undefined index: goods_id F:\work\php\tp\ddyk_old\application\Runtime\Cache\Admin\2751c638931c1fafe1ecfd15f1d3c635.php 第 233 行.
NOTIC: [8] Undefined index: goods_id F:\work\php\tp\ddyk_old\application\Runtime\Cache\Admin\2751c638931c1fafe1ecfd15f1d3c635.php 第 233 行.
NOTIC: [8] Undefined index: goods_id F:\work\php\tp\ddyk_old\application\Runtime\Cache\Admin\2751c638931c1fafe1ecfd15f1d3c635.php 第 233 行.
INFO: Run Behavior\ParseTemplateBehavior [ RunTime:0.015001s ]
INFO: [ view_parse ] --END-- [ RunTime:0.015001s ]
INFO: [ view_filter ] --START--
INFO: Run Behavior\WriteHtmlCacheBehavior [ RunTime:0.001000s ]
INFO: [ view_filter ] --END-- [ RunTime:0.001000s ]
INFO: [ app_end ] --START--
INFO: Run Behavior\ShowPageTraceBehavior [ RunTime:0.001000s ]
INFO: [ app_end ] --END-- [ RunTime:0.001000s ]

[ 2019-07-05T09:27:37+08:00 ] 127.0.0.1 /tp/ddyk_old/index.php/Admin/Goods/index.html
INFO: [ app_init ] --START--
INFO: Run Behavior\BuildLiteBehavior [ RunTime:0.000000s ]
INFO: [ app_init ] --END-- [ RunTime:0.000000s ]
INFO: [ app_begin ] --START--
INFO: Run Behavior\ReadHtmlCacheBehavior [ RunTime:0.001000s ]
INFO: [ app_begin ] --END-- [ RunTime:0.001000s ]
INFO: [ view_parse ] --START--
INFO: [ template_filter ] --START--
INFO: Run Behavior\ContentReplaceBehavior [ RunTime:0.000000s ]
INFO: [ template_filter ] --END-- [ RunTime:0.000000s ]
NOTIC: [8] Undefined variable: list F:\work\php\tp\ddyk_old\application\Runtime\Cache\Admin\0153a34717cf9fa16d5e904832c7c5cb.php 第 202 行.
NOTIC: [8] Undefined variable: page F:\work\php\tp\ddyk_old\application\Runtime\Cache\Admin\0153a34717cf9fa16d5e904832c7c5cb.php 第 239 行.
INFO: Run Behavior\ParseTemplateBehavior [ RunTime:0.026001s ]
INFO: [ view_parse ] --END-- [ RunTime:0.026001s ]
INFO: [ view_filter ] --START--
INFO: Run Behavior\WriteHtmlCacheBehavior [ RunTime:0.000000s ]
INFO: [ view_filter ] --END-- [ RunTime:0.001000s ]
INFO: [ app_end ] --START--
INFO: Run Behavior\ShowPageTraceBehavior [ RunTime:0.000000s ]
INFO: [ app_end ] --END-- [ RunTime:0.000000s ]

[ 2019-07-05T09:27:41+08:00 ] 127.0.0.1 /tp/ddyk_old/index.php/Admin/Member/index.html
INFO: [ app_init ] --START--
INFO: Run Behavior\BuildLiteBehavior [ RunTime:0.000000s ]
INFO: [ app_init ] --END-- [ RunTime:0.001000s ]
INFO: [ app_begin ] --START--
INFO: Run Behavior\ReadHtmlCacheBehavior [ RunTime:0.001000s ]
INFO: [ app_begin ] --END-- [ RunTime:0.001000s ]
ERR: 无法加载控制器:Member

